#
# A fatal error has been detected by the Java Runtime Environment:
#
#  SIGSEGV (0xb) at pc=0x000000010ace72f0, pid=4048, tid=19203
#
# JRE version: Java(TM) SE Runtime Environment (8.0_05-b13) (build 1.8.0_05-b13)
# Java VM: Java HotSpot(TM) 64-Bit Server VM (25.5-b02 mixed mode bsd-amd64 compressed oops)
# Problematic frame:
# V  [libjvm.dylib+0xd02f0]  OopFlow::build_oop_map(Node*, int, PhaseRegAlloc*, int*)+0xd2
#
# Failed to write core dump. Core dumps have been disabled. To enable core dumping, try "ulimit -c unlimited" before starting Java again
#
# If you would like to submit a bug report, please visit:
#   http://bugreport.sun.com/bugreport/crash.jsp
#

---------------  T H R E A D  ---------------

Current thread (0x00007f7f8102a800):  JavaThread "C2 CompilerThread1" daemon [_thread_in_native, id=19203, stack(0x000000011fbd7000,0x000000011fcd7000)]

siginfo:si_signo=SIGSEGV: si_errno=0, si_code=1 (SEGV_MAPERR), si_addr=0x0000000000000000

Registers:
RAX=0x00007f7f85834298, RBX=0x00007f7f80c9c738, RCX=0x0000000000000000, RDX=0x0000000000000008
RSP=0x000000011fcd3870, RBP=0x000000011fcd38e0, RSI=0x000000000000001c, RDI=0x0000000000000000
R8 =0x00007f7f858d3970, R9 =0x00007f7f83834fc0, R10=0x0000000000000073, R11=0x00000000000008d0
R12=0x0000000000000000, R13=0x0000000000000013, R14=0x00007f7f80c9c738, R15=0x00000000000000c0
RIP=0x000000010ace72f0, EFLAGS=0x0000000000010206, ERR=0x0000000000000004
  TRAPNO=0x000000000000000e

Top of Stack: (sp=0x000000011fcd3870)
0x000000011fcd3870:   000000011fcd38e0 00000000000000da
0x000000011fcd3880:   00007f7f858d3970 00007f7f8593f070
0x000000011fcd3890:   00007f7f85834970 0000001c00000008
0x000000011fcd38a0:   000000011fcd4550 00007f7f858349a0
0x000000011fcd38b0:   00000000000000b8 00007f7f85834970
0x000000011fcd38c0:   0000000000000012 0000000000000013
0x000000011fcd38d0:   00007f7f80c9c738 00007f7f8583ffff
0x000000011fcd38e0:   000000011fcd3940 000000010ace700d
0x000000011fcd38f0:   000000011fcd3940 000000da1fcd5fd0
0x000000011fcd3900:   00007f7f858cf1d0 0000000a85834290
0x000000011fcd3910:   000000011fcd4550 00007f7f83835740
0x000000011fcd3920:   00007f7f85834970 0000000000000004
0x000000011fcd3930:   00007f7f85831330 00007f7f858340a0
0x000000011fcd3940:   000000011fcd3a40 000000010ace7f3b
0x000000011fcd3950:   0000000000ee6e00 0000000000000007
0x000000011fcd3960:   0000000000000007 00007f7f858d1750
0x000000011fcd3970:   00000000000000da 000000000000001c
0x000000011fcd3980:   00007f7f858d1750 00007f7f80521390
0x000000011fcd3990:   000000011fcd5fd0 0000000000000007
0x000000011fcd39a0:   00007f7f858d1750 0000000000000007
0x000000011fcd39b0:   ffffffffffffffff 000000011fcd4680
0x000000011fcd39c0:   00007f7f83834fc0 00007f7f858cf1d0
0x000000011fcd39d0:   00000000000006d0 00000000000001b4
0x000000011fcd39e0:   0000000000000000 0000000100000080
0x000000011fcd39f0:   00007f7f80521390 00007f7f858d1b50
0x000000011fcd3a00:   00007f7f00000004 0000000000000014
0x000000011fcd3a10:   0000000000000000 000000011fcd5fd0
0x000000011fcd3a20:   000000011fcd4680 0000000000000a6d
0x000000011fcd3a30:   00007f7f858cbc10 000000011fcd6798
0x000000011fcd3a40:   000000011fcd3a90 000000010b0627d8
0x000000011fcd3a50:   00007f7f80c9bb80 00007f7f812705f8
0x000000011fcd3a60:   000000011fcd6140 000000011fcd5fd0 

Instructions: (pc=0x000000010ace72f0)
0x000000010ace72d0:   00 00 44 89 ff 8b 75 bc 8b 55 b8 e8 fa 0c 00 00
0x000000010ace72e0:   48 89 45 d0 48 8b 45 b0 48 8b 40 08 4e 8b 24 f8
0x000000010ace72f0:   49 8b 04 24 4c 89 e7 ff 50 28 48 63 48 10 48 89
0x000000010ace7300:   ca 48 c1 e2 05 48 8d 35 74 8a 6f 00 80 7c 16 10 

Register to memory mapping:

RAX=0x00007f7f85834298 is an unknown value
RBX=0x00007f7f80c9c738 is an unknown value
RCX=0x0000000000000000 is an unknown value
RDX=0x0000000000000008 is an unknown value
RSP=0x000000011fcd3870 is pointing into the stack for thread: 0x00007f7f8102a800
RBP=0x000000011fcd38e0 is pointing into the stack for thread: 0x00007f7f8102a800
RSI=0x000000000000001c is an unknown value
RDI=0x0000000000000000 is an unknown value
R8 =0x00007f7f858d3970 is an unknown value
R9 =0x00007f7f83834fc0 is an unknown value
R10=0x0000000000000073 is an unknown value
R11=0x00000000000008d0 is an unknown value
R12=0x0000000000000000 is an unknown value
R13=0x0000000000000013 is an unknown value
R14=0x00007f7f80c9c738 is an unknown value
R15=0x00000000000000c0 is an unknown value


Stack: [0x000000011fbd7000,0x000000011fcd7000],  sp=0x000000011fcd3870,  free space=1010k
Native frames: (J=compiled Java code, j=interpreted, Vv=VM code, C=native code)
V  [libjvm.dylib+0xd02f0]  OopFlow::build_oop_map(Node*, int, PhaseRegAlloc*, int*)+0xd2
V  [libjvm.dylib+0xd000d]  OopFlow::compute_reach(PhaseRegAlloc*, int, Dict*)+0xa9
V  [libjvm.dylib+0xd0f3b]  Compile::BuildOopMaps()+0x92d
V  [libjvm.dylib+0x44b7d8]  Compile::Output()+0x40c
V  [libjvm.dylib+0x19d040]  Compile::Code_Gen()+0x21a
V  [libjvm.dylib+0x1a0a7b]  Compile::Compile(ciEnv*, C2Compiler*, ciMethod*, int, bool, bool, bool)+0x905
V  [libjvm.dylib+0x143eb2]  C2Compiler::compile_method(ciEnv*, ciMethod*, int)+0xac
V  [libjvm.dylib+0x1a431c]  CompileBroker::invoke_compiler_on_method(CompileTask*)+0x5b2
V  [libjvm.dylib+0x1a642b]  CompileBroker::compiler_thread_loop()+0x2d5
V  [libjvm.dylib+0x51ccf5]  JavaThread::thread_main_inner()+0x9b
V  [libjvm.dylib+0x51e432]  JavaThread::run()+0x1c2
V  [libjvm.dylib+0x445426]  java_start(Thread*)+0xf6
C  [libsystem_pthread.dylib+0x1899]  _pthread_body+0x8a
C  [libsystem_pthread.dylib+0x172a]  _pthread_struct_init+0x0
C  [libsystem_pthread.dylib+0x5fc9]  thread_start+0xd


Current CompileTask:
C2:  15373 4966       4       groovy.lang.MetaClassImpl::findPropertyMethod (356 bytes)


---------------  P R O C E S S  ---------------

Java Threads: ( => current thread )
  0x00007f7f81362000 JavaThread "net.sf.ehcache.CacheManager@483ed34c" daemon [_thread_blocked, id=15627, stack(0x000000012161e000,0x000000012171e000)]
  0x00007f7f83a10800 JavaThread "PoolCleaner[687596321:1402494504973]" daemon [_thread_blocked, id=13575, stack(0x0000000122b11000,0x0000000122c11000)]
  0x00007f7f80da1800 JavaThread "FileSystemWatcher: files=#93 cl=groovy.lang.GroovyClassLoader@28fbe321" daemon [_thread_blocked, id=24323, stack(0x0000000121dbe000,0x0000000121ebe000)]
  0x00007f7f80da5800 JavaThread "Thread-3" daemon [_thread_in_native, id=23811, stack(0x0000000120e80000,0x0000000120f80000)]
  0x00007f7f80ed9800 JavaThread "localhost-startStop-1" daemon [_thread_in_Java, id=23299, stack(0x00000001225a0000,0x00000001226a0000)]
  0x00007f7f80ed5800 JavaThread "Tomcat-startStop-1" daemon [_thread_blocked, id=22787, stack(0x000000012249d000,0x000000012259d000)]
  0x00007f7f820b5000 JavaThread "Thread-2" [_thread_in_native, id=22275, stack(0x00000001217e9000,0x00000001218e9000)]
  0x00007f7f8208f800 JavaThread "NonBlockingInputStreamThread" daemon [_thread_blocked, id=21763, stack(0x00000001205a7000,0x00000001206a7000)]
  0x00007f7f80aff000 JavaThread "process reaper" daemon [_thread_blocked, id=21251, stack(0x000000012037c000,0x00000001203a4000)]
  0x00007f7f8117e000 JavaThread "Service Thread" daemon [_thread_blocked, id=20227, stack(0x000000011fddd000,0x000000011fedd000)]
  0x00007f7f8102b800 JavaThread "C1 CompilerThread2" daemon [_thread_in_native, id=19715, stack(0x000000011fcda000,0x000000011fdda000)]
=>0x00007f7f8102a800 JavaThread "C2 CompilerThread1" daemon [_thread_in_native, id=19203, stack(0x000000011fbd7000,0x000000011fcd7000)]
  0x00007f7f8102f000 JavaThread "C2 CompilerThread0" daemon [_thread_in_native, id=18691, stack(0x000000011fad4000,0x000000011fbd4000)]
  0x00007f7f80843000 JavaThread "Signal Dispatcher" daemon [_thread_blocked, id=18179, stack(0x000000011f7f8000,0x000000011f8f8000)]
  0x00007f7f81012800 JavaThread "Finalizer" daemon [_thread_blocked, id=13059, stack(0x000000011f526000,0x000000011f626000)]
  0x00007f7f81011800 JavaThread "Reference Handler" daemon [_thread_blocked, id=12547, stack(0x000000011f423000,0x000000011f523000)]
  0x00007f7f8080d800 JavaThread "main" [_thread_blocked, id=4867, stack(0x000000010bad8000,0x000000010bbd8000)]

Other Threads:
  0x00007f7f8100d000 VMThread [stack: 0x000000011f320000,0x000000011f420000] [id=12035]
  0x00007f7f8117e800 WatcherThread [stack: 0x000000011fee0000,0x000000011ffe0000] [id=20739]

VM state:not at safepoint (normal execution)

VM Mutex/Monitor currently owned by a thread: None

Heap:
 PSYoungGen      total 230912K, used 98110K [0x00000007b0000000, 0x00000007c0000000, 0x00000007c0000000)
  eden space 201728K, 37% used [0x00000007b0000000,0x00000007b49e69e8,0x00000007bc500000)
  from space 29184K, 76% used [0x00000007bc500000,0x00000007bdae8fd8,0x00000007be180000)
  to   space 31232K, 0% used [0x00000007be180000,0x00000007be180000,0x00000007c0000000)
 ParOldGen       total 77312K, used 63935K [0x0000000790000000, 0x0000000794b80000, 0x00000007b0000000)
  object space 77312K, 82% used [0x0000000790000000,0x0000000793e6fd88,0x0000000794b80000)
 Metaspace       used 55513K, capacity 56846K, committed 57044K, reserved 1099776K
  class space    used 6391K, capacity 6795K, committed 6868K, reserved 1048576K

Card table byte_map: [0x000000011b9c0000,0x000000011bb41000] byte_map_base: 0x0000000117d40000

Marking Bits: (ParMarkBitMap*) 0x000000010b47d0a0
 Begin Bits: [0x000000011bf4d000, 0x000000011cb4d000)
 End Bits:   [0x000000011cb4d000, 0x000000011d74d000)

Polling page: 0x000000010bc1c000

CodeCache: size=245760Kb used=15327Kb max_used=15327Kb free=230432Kb
 bounds [0x000000010c600000, 0x000000010d510000, 0x000000011b600000]
 total_blobs=5178 nmethods=4441 adapters=650
 compilation: enabled

Compilation events (10 events):
Event: 15.307 Thread 0x00007f7f8102b800 4990       2       java.lang.ClassLoader::findResources (4 bytes)
Event: 15.307 Thread 0x00007f7f8102b800 nmethod 4990 0x000000010d4dff90 code [0x000000010d4e00e0, 0x000000010d4e0230]
Event: 15.307 Thread 0x00007f7f8102b800 4991       2       java.util.Hashtable::access$100 (6 bytes)
Event: 15.308 Thread 0x00007f7f8102b800 nmethod 4991 0x000000010d4dfb10 code [0x000000010d4dfc80, 0x000000010d4dfe68]
Event: 15.321 Thread 0x00007f7f8102a800 nmethod 4962 0x000000010d4ee550 code [0x000000010d4eea80, 0x000000010d4f1a18]
Event: 15.322 Thread 0x00007f7f8102a800 4966       4       groovy.lang.MetaClassImpl::findPropertyMethod (356 bytes)
Event: 15.332 Thread 0x00007f7f8102b800 4993       2       grails.util.Environment::getCurrent (20 bytes)
Event: 15.332 Thread 0x00007f7f8102b800 nmethod 4993 0x000000010d4df6d0 code [0x000000010d4df840, 0x000000010d4dfa18]
Event: 15.332 Thread 0x00007f7f8102b800 4994   !   2       grails.util.Environment::resolveCurrentEnvironment (74 bytes)
Event: 15.334 Thread 0x00007f7f8102b800 nmethod 4994 0x000000010d4de250 code [0x000000010d4de500, 0x000000010d4dede8]

GC Heap History (10 events):
Event: 12.178 GC heap before
{Heap before GC invocations=52 (full 4):
 PSYoungGen      total 237568K, used 237562K [0x00000007b0000000, 0x00000007c0000000, 0x00000007c0000000)
  eden space 224256K, 100% used [0x00000007b0000000,0x00000007bdb00000,0x00000007bdb00000)
  from space 13312K, 99% used [0x00000007bdb00000,0x00000007be7fe940,0x00000007be800000)
  to   space 19456K, 0% used [0x00000007bed00000,0x00000007bed00000,0x00000007c0000000)
 ParOldGen       total 64000K, used 47189K [0x0000000790000000, 0x0000000793e80000, 0x00000007b0000000)
  object space 64000K, 73% used [0x0000000790000000,0x0000000792e15728,0x0000000793e80000)
 Metaspace       used 50494K, capacity 51706K, committed 52052K, reserved 1095680K
  class space    used 5746K, capacity 6120K, committed 6228K, reserved 1048576K
Event: 12.198 GC heap after
Heap after GC invocations=52 (full 4):
 PSYoungGen      total 239616K, used 15813K [0x00000007b0000000, 0x00000007c0000000, 0x00000007c0000000)
  eden space 220160K, 0% used [0x00000007b0000000,0x00000007b0000000,0x00000007bd700000)
  from space 19456K, 81% used [0x00000007bed00000,0x00000007bfc71780,0x00000007c0000000)
  to   space 20992K, 0% used [0x00000007bd700000,0x00000007bd700000,0x00000007beb80000)
 ParOldGen       total 64000K, used 47197K [0x0000000790000000, 0x0000000793e80000, 0x00000007b0000000)
  object space 64000K, 73% used [0x0000000790000000,0x0000000792e17728,0x0000000793e80000)
 Metaspace       used 50494K, capacity 51706K, committed 52052K, reserved 1095680K
  class space    used 5746K, capacity 6120K, committed 6228K, reserved 1048576K
}
Event: 12.837 GC heap before
{Heap before GC invocations=53 (full 4):
 PSYoungGen      total 239616K, used 235973K [0x00000007b0000000, 0x00000007c0000000, 0x00000007c0000000)
  eden space 220160K, 100% used [0x00000007b0000000,0x00000007bd700000,0x00000007bd700000)
  from space 19456K, 81% used [0x00000007bed00000,0x00000007bfc71780,0x00000007c0000000)
  to   space 20992K, 0% used [0x00000007bd700000,0x00000007bd700000,0x00000007beb80000)
 ParOldGen       total 64000K, used 47197K [0x0000000790000000, 0x0000000793e80000, 0x00000007b0000000)
  object space 64000K, 73% used [0x0000000790000000,0x0000000792e17728,0x0000000793e80000)
 Metaspace       used 51564K, capacity 52732K, committed 52948K, reserved 1095680K
  class space    used 5875K, capacity 6260K, committed 6356K, reserved 1048576K
Event: 12.859 GC heap after
Heap after GC invocations=53 (full 4):
 PSYoungGen      total 241152K, used 20972K [0x00000007b0000000, 0x00000007c0000000, 0x00000007c0000000)
  eden space 220160K, 0% used [0x00000007b0000000,0x00000007b0000000,0x00000007bd700000)
  from space 20992K, 99% used [0x00000007bd700000,0x00000007beb7b088,0x00000007beb80000)
  to   space 20992K, 0% used [0x00000007beb80000,0x00000007beb80000,0x00000007c0000000)
 ParOldGen       total 64000K, used 47386K [0x0000000790000000, 0x0000000793e80000, 0x00000007b0000000)
  object space 64000K, 74% used [0x0000000790000000,0x0000000792e46ba0,0x0000000793e80000)
 Metaspace       used 51564K, capacity 52732K, committed 52948K, reserved 1095680K
  class space    used 5875K, capacity 6260K, committed 6356K, reserved 1048576K
}
Event: 13.652 GC heap before
{Heap before GC invocations=54 (full 4):
 PSYoungGen      total 241152K, used 241132K [0x00000007b0000000, 0x00000007c0000000, 0x00000007c0000000)
  eden space 220160K, 100% used [0x00000007b0000000,0x00000007bd700000,0x00000007bd700000)
  from space 20992K, 99% used [0x00000007bd700000,0x00000007beb7b088,0x00000007beb80000)
  to   space 20992K, 0% used [0x00000007beb80000,0x00000007beb80000,0x00000007c0000000)
 ParOldGen       total 64000K, used 47386K [0x0000000790000000, 0x0000000793e80000, 0x00000007b0000000)
  object space 64000K, 74% used [0x0000000790000000,0x0000000792e46ba0,0x0000000793e80000)
 Metaspace       used 53168K, capacity 54422K, committed 54612K, reserved 1097728K
  class space    used 6030K, capacity 6434K, committed 6484K, reserved 1048576K
Event: 13.687 GC heap after
Heap after GC invocations=54 (full 4):
 PSYoungGen      total 222720K, used 20978K [0x00000007b0000000, 0x00000007c0000000, 0x00000007c0000000)
  eden space 201728K, 0% used [0x00000007b0000000,0x00000007b0000000,0x00000007bc500000)
  from space 20992K, 99% used [0x00000007beb80000,0x00000007bfffca30,0x00000007c0000000)
  to   space 30208K, 0% used [0x00000007bc500000,0x00000007bc500000,0x00000007be280000)
 ParOldGen       total 64000K, used 56553K [0x0000000790000000, 0x0000000793e80000, 0x00000007b0000000)
  object space 64000K, 88% used [0x0000000790000000,0x000000079373a4f8,0x0000000793e80000)
 Metaspace       used 53168K, capacity 54422K, committed 54612K, reserved 1097728K
  class space    used 6030K, capacity 6434K, committed 6484K, reserved 1048576K
}
Event: 14.430 GC heap before
{Heap before GC invocations=55 (full 4):
 PSYoungGen      total 222720K, used 218751K [0x00000007b0000000, 0x00000007c0000000, 0x00000007c0000000)
  eden space 201728K, 98% used [0x00000007b0000000,0x00000007bc1234b0,0x00000007bc500000)
  from space 20992K, 99% used [0x00000007beb80000,0x00000007bfffca30,0x00000007c0000000)
  to   space 30208K, 0% used [0x00000007bc500000,0x00000007bc500000,0x00000007be280000)
 ParOldGen       total 64000K, used 56553K [0x0000000790000000, 0x0000000793e80000, 0x00000007b0000000)
  object space 64000K, 88% used [0x0000000790000000,0x000000079373a4f8,0x0000000793e80000)
 Metaspace       used 55055K, capacity 56292K, committed 56660K, reserved 1099776K
  class space    used 6296K, capacity 6695K, committed 6740K, reserved 1048576K
Event: 14.456 GC heap after
Heap after GC invocations=55 (full 4):
 PSYoungGen      total 230912K, used 28851K [0x00000007b0000000, 0x00000007c0000000, 0x00000007c0000000)
  eden space 201728K, 0% used [0x00000007b0000000,0x00000007b0000000,0x00000007bc500000)
  from space 29184K, 98% used [0x00000007bc500000,0x00000007be12cd80,0x00000007be180000)
  to   space 31232K, 0% used [0x00000007be180000,0x00000007be180000,0x00000007c0000000)
 ParOldGen       total 64000K, used 59122K [0x0000000790000000, 0x0000000793e80000, 0x00000007b0000000)
  object space 64000K, 92% used [0x0000000790000000,0x00000007939bca38,0x0000000793e80000)
 Metaspace       used 55055K, capacity 56292K, committed 56660K, reserved 1099776K
  class space    used 6296K, capacity 6695K, committed 6740K, reserved 1048576K
}
Event: 14.456 GC heap before
{Heap before GC invocations=56 (full 5):
 PSYoungGen      total 230912K, used 28851K [0x00000007b0000000, 0x00000007c0000000, 0x00000007c0000000)
  eden space 201728K, 0% used [0x00000007b0000000,0x00000007b0000000,0x00000007bc500000)
  from space 29184K, 98% used [0x00000007bc500000,0x00000007be12cd80,0x00000007be180000)
  to   space 31232K, 0% used [0x00000007be180000,0x00000007be180000,0x00000007c0000000)
 ParOldGen       total 64000K, used 59122K [0x0000000790000000, 0x0000000793e80000, 0x00000007b0000000)
  object space 64000K, 92% used [0x0000000790000000,0x00000007939bca38,0x0000000793e80000)
 Metaspace       used 55055K, capacity 56292K, committed 56660K, reserved 1099776K
  class space    used 6296K, capacity 6695K, committed 6740K, reserved 1048576K
Event: 15.144 GC heap after
Heap after GC invocations=56 (full 5):
 PSYoungGen      total 230912K, used 22435K [0x00000007b0000000, 0x00000007c0000000, 0x00000007c0000000)
  eden space 201728K, 0% used [0x00000007b0000000,0x00000007b0000000,0x00000007bc500000)
  from space 29184K, 76% used [0x00000007bc500000,0x00000007bdae8fd8,0x00000007be180000)
  to   space 31232K, 0% used [0x00000007be180000,0x00000007be180000,0x00000007c0000000)
 ParOldGen       total 77312K, used 63935K [0x0000000790000000, 0x0000000794b80000, 0x00000007b0000000)
  object space 77312K, 82% used [0x0000000790000000,0x0000000793e6fd88,0x0000000794b80000)
 Metaspace       used 55055K, capacity 56292K, committed 56660K, reserved 1099776K
  class space    used 6296K, capacity 6695K, committed 6740K, reserved 1048576K
}

Deoptimization events (10 events):
Event: 12.740 Thread 0x00007f7f80ed9800 Uncommon trap: reason=bimorphic action=maybe_recompile pc=0x000000010d28c1d0 method=groovy.lang.MetaClassImpl$1MOPIter.methodNameAction(Ljava/lang/Class;Lorg/codehaus/groovy/runtime/metaclass/MetaMethodIndex$Entry;)V @ 268
Event: 12.740 Thread 0x00007f7f80ed9800 Uncommon trap: reason=bimorphic action=maybe_recompile pc=0x000000010d28c1d0 method=groovy.lang.MetaClassImpl$1MOPIter.methodNameAction(Ljava/lang/Class;Lorg/codehaus/groovy/runtime/metaclass/MetaMethodIndex$Entry;)V @ 268
Event: 12.740 Thread 0x00007f7f80ed9800 Uncommon trap: reason=bimorphic action=maybe_recompile pc=0x000000010d28c1d0 method=groovy.lang.MetaClassImpl$1MOPIter.methodNameAction(Ljava/lang/Class;Lorg/codehaus/groovy/runtime/metaclass/MetaMethodIndex$Entry;)V @ 268
Event: 13.247 Thread 0x00007f7f80ed9800 Uncommon trap: reason=bimorphic action=maybe_recompile pc=0x000000010d03b90c method=org.codehaus.groovy.runtime.metaclass.MetaMethodIndex.addMethodToList(Ljava/lang/Object;Lgroovy/lang/MetaMethod;)Ljava/lang/Object; @ 91
Event: 13.247 Thread 0x00007f7f80ed9800 Uncommon trap: reason=bimorphic action=maybe_recompile pc=0x000000010d03b90c method=org.codehaus.groovy.runtime.metaclass.MetaMethodIndex.addMethodToList(Ljava/lang/Object;Lgroovy/lang/MetaMethod;)Ljava/lang/Object; @ 91
Event: 13.591 Thread 0x00007f7f80ed9800 Uncommon trap: reason=unreached action=reinterpret pc=0x000000010d37e7fc method=org.codehaus.groovy.runtime.metaclass.MetaMethodIndex.getMethods(Ljava/lang/Class;Ljava/lang/String;)Lorg/codehaus/groovy/runtime/metaclass/MetaMethodIndex$Entry; @ 61
Event: 14.301 Thread 0x00007f7f80ed9800 Uncommon trap: reason=array_check action=maybe_recompile pc=0x000000010d48120c method=java.util.AbstractCollection.toArray([Ljava/lang/Object;)[Ljava/lang/Object; @ 119
Event: 14.301 Thread 0x00007f7f80ed9800 Uncommon trap: reason=array_check action=maybe_recompile pc=0x000000010d48120c method=java.util.AbstractCollection.toArray([Ljava/lang/Object;)[Ljava/lang/Object; @ 119
Event: 14.303 Thread 0x00007f7f80ed9800 Uncommon trap: reason=array_check action=maybe_recompile pc=0x000000010d48120c method=java.util.AbstractCollection.toArray([Ljava/lang/Object;)[Ljava/lang/Object; @ 119
Event: 14.303 Thread 0x00007f7f80ed9800 Uncommon trap: reason=array_check action=maybe_recompile pc=0x000000010d48120c method=java.util.AbstractCollection.toArray([Ljava/lang/Object;)[Ljava/lang/Object; @ 119

Internal exceptions (10 events):
Event: 15.349 Thread 0x00007f7f80ed9800 Exception <a 'java/security/PrivilegedActionException'> (0x00000007b3d26670) thrown at [/HUDSON/workspace/8-2-build-macosx-x86_64/jdk8u5/2488/hotspot/src/share/vm/prims/jvm.cpp, line 1248]
Event: 15.350 Thread 0x00007f7f80ed9800 Exception <a 'java/security/PrivilegedActionException'> (0x00000007b3d3d220) thrown at [/HUDSON/workspace/8-2-build-macosx-x86_64/jdk8u5/2488/hotspot/src/share/vm/prims/jvm.cpp, line 1248]
Event: 15.350 Thread 0x00007f7f80ed9800 Exception <a 'java/security/PrivilegedActionException'> (0x00000007b3d42090) thrown at [/HUDSON/workspace/8-2-build-macosx-x86_64/jdk8u5/2488/hotspot/src/share/vm/prims/jvm.cpp, line 1248]
Event: 15.350 Thread 0x00007f7f80ed9800 Exception <a 'java/security/PrivilegedActionException'> (0x00000007b3d4c698) thrown at [/HUDSON/workspace/8-2-build-macosx-x86_64/jdk8u5/2488/hotspot/src/share/vm/prims/jvm.cpp, line 1248]
Event: 15.350 Thread 0x00007f7f80ed9800 Exception <a 'java/security/PrivilegedActionException'> (0x00000007b3d512b8) thrown at [/HUDSON/workspace/8-2-build-macosx-x86_64/jdk8u5/2488/hotspot/src/share/vm/prims/jvm.cpp, line 1248]
Event: 15.351 Thread 0x00007f7f80ed9800 Exception <a 'java/security/PrivilegedActionException'> (0x00000007b3d5a5d0) thrown at [/HUDSON/workspace/8-2-build-macosx-x86_64/jdk8u5/2488/hotspot/src/share/vm/prims/jvm.cpp, line 1248]
Event: 15.351 Thread 0x00007f7f80ed9800 Exception <a 'java/security/PrivilegedActionException'> (0x00000007b3d5ebc8) thrown at [/HUDSON/workspace/8-2-build-macosx-x86_64/jdk8u5/2488/hotspot/src/share/vm/prims/jvm.cpp, line 1248]
Event: 15.354 Thread 0x00007f7f80ed9800 Exception <a 'java/security/PrivilegedActionException'> (0x00000007b3d7bfc8) thrown at [/HUDSON/workspace/8-2-build-macosx-x86_64/jdk8u5/2488/hotspot/src/share/vm/prims/jvm.cpp, line 1248]
Event: 15.354 Thread 0x00007f7f80ed9800 Exception <a 'java/security/PrivilegedActionException'> (0x00000007b3d80ad0) thrown at [/HUDSON/workspace/8-2-build-macosx-x86_64/jdk8u5/2488/hotspot/src/share/vm/prims/jvm.cpp, line 1248]
Event: 15.354 Thread 0x00007f7f80ed9800 Exception <a 'java/security/PrivilegedActionException'> (0x00000007b3d90040) thrown at [/HUDSON/workspace/8-2-build-macosx-x86_64/jdk8u5/2488/hotspot/src/share/vm/prims/jvm.cpp, line 1248]

Events (10 events):
Event: 15.349 loading class org/codehaus/groovy/grails/commons/metaclass/AbstractStaticMethodInvocation
Event: 15.349 loading class org/codehaus/groovy/grails/commons/metaclass/AbstractStaticMethodInvocation done
Event: 15.350 loading class org/codehaus/groovy/grails/commons/metaclass/StaticMethodInvocation
Event: 15.350 loading class org/codehaus/groovy/grails/commons/metaclass/StaticMethodInvocation done
Event: 15.351 loading class org/springframework/jdbc/support/SQLErrorCodeSQLExceptionTranslator
Event: 15.351 loading class org/springframework/jdbc/support/SQLErrorCodeSQLExceptionTranslator done
Event: 15.354 loading class org/springframework/jdbc/support/AbstractFallbackSQLExceptionTranslator
Event: 15.354 loading class org/springframework/jdbc/support/AbstractFallbackSQLExceptionTranslator done
Event: 15.354 loading class org/springframework/jdbc/support/SQLExceptionSubclassTranslator
Event: 15.354 loading class org/springframework/jdbc/support/SQLExceptionSubclassTranslator done


Dynamic libraries:
0x000000000b4b7000 	/System/Library/Frameworks/Cocoa.framework/Versions/A/Cocoa
0x000000000b4b7000 	/System/Library/Frameworks/Security.framework/Versions/A/Security
0x000000000b4b7000 	/System/Library/Frameworks/ApplicationServices.framework/Versions/A/ApplicationServices
0x000000000b4b7000 	/usr/lib/libz.1.dylib
0x000000000b4b7000 	/usr/lib/libSystem.B.dylib
0x000000000b4b7000 	/usr/lib/libobjc.A.dylib
0x000000000b4b7000 	/System/Library/Frameworks/CoreFoundation.framework/Versions/A/CoreFoundation
0x000000000b4b7000 	/System/Library/Frameworks/Foundation.framework/Versions/C/Foundation
0x000000000b4b7000 	/System/Library/Frameworks/AppKit.framework/Versions/C/AppKit
0x000000000b4b7000 	/System/Library/Frameworks/CoreData.framework/Versions/A/CoreData
0x000000000b4b7000 	/System/Library/PrivateFrameworks/RemoteViewServices.framework/Versions/A/RemoteViewServices
0x000000000b4b7000 	/System/Library/Frameworks/AudioToolbox.framework/Versions/A/AudioToolbox
0x000000000b4b7000 	/System/Library/Frameworks/AudioUnit.framework/Versions/A/AudioUnit
0x000000000b4b7000 	/System/Library/PrivateFrameworks/DataDetectorsCore.framework/Versions/A/DataDetectorsCore
0x000000000b4b7000 	/System/Library/PrivateFrameworks/DesktopServicesPriv.framework/Versions/A/DesktopServicesPriv
0x000000000b4b7000 	/System/Library/Frameworks/Carbon.framework/Versions/A/Frameworks/HIToolbox.framework/Versions/A/HIToolbox
0x000000000b4b7000 	/System/Library/Frameworks/QuartzCore.framework/Versions/A/QuartzCore
0x000000000b4b7000 	/System/Library/Frameworks/Carbon.framework/Versions/A/Frameworks/SpeechRecognition.framework/Versions/A/SpeechRecognition
0x000000000b4b7000 	/usr/lib/libauto.dylib
0x000000000b4b7000 	/usr/lib/libicucore.A.dylib
0x000000000b4b7000 	/usr/lib/libxml2.2.dylib
0x000000000b4b7000 	/System/Library/PrivateFrameworks/CoreUI.framework/Versions/A/CoreUI
0x000000000b4b7000 	/System/Library/Frameworks/CoreAudio.framework/Versions/A/CoreAudio
0x000000000b4b7000 	/System/Library/Frameworks/DiskArbitration.framework/Versions/A/DiskArbitration
0x000000000b4b7000 	/usr/lib/liblangid.dylib
0x000000000b4b7000 	/System/Library/PrivateFrameworks/MultitouchSupport.framework/Versions/A/MultitouchSupport
0x000000000b4b7000 	/System/Library/Frameworks/IOKit.framework/Versions/A/IOKit
0x000000000b4b7000 	/usr/lib/libDiagnosticMessagesClient.dylib
0x000000000b4b7000 	/System/Library/Frameworks/CoreServices.framework/Versions/A/CoreServices
0x000000000b4b7000 	/System/Library/PrivateFrameworks/PerformanceAnalysis.framework/Versions/A/PerformanceAnalysis
0x000000000b4b7000 	/System/Library/PrivateFrameworks/GenerationalStorage.framework/Versions/A/GenerationalStorage
0x000000000b4b7000 	/System/Library/Frameworks/OpenGL.framework/Versions/A/OpenGL
0x000000000b4b7000 	/System/Library/PrivateFrameworks/Sharing.framework/Versions/A/Sharing
0x000000000b4b7000 	/System/Library/Frameworks/ImageIO.framework/Versions/A/ImageIO
0x000000000b4b7000 	/System/Library/Frameworks/CoreText.framework/Versions/A/CoreText
0x000000000b4b7000 	/System/Library/Frameworks/CoreGraphics.framework/Versions/A/CoreGraphics
0x000000000b4b7000 	/System/Library/PrivateFrameworks/Backup.framework/Versions/A/Backup
0x000000000b4b7000 	/System/Library/Frameworks/CFNetwork.framework/Versions/A/CFNetwork
0x000000000b4b7000 	/System/Library/Frameworks/SystemConfiguration.framework/Versions/A/SystemConfiguration
0x000000000b4b7000 	/usr/lib/libCRFSuite.dylib
0x000000000b4b7000 	/usr/lib/libc++.1.dylib
0x000000000b4b7000 	/usr/lib/libc++abi.dylib
0x000000000b4b7000 	/usr/lib/system/libcache.dylib
0x000000000b4b7000 	/usr/lib/system/libcommonCrypto.dylib
0x000000000b4b7000 	/usr/lib/system/libcompiler_rt.dylib
0x000000000b4b7000 	/usr/lib/system/libcopyfile.dylib
0x000000000b4b7000 	/usr/lib/system/libcorecrypto.dylib
0x000000000b4b7000 	/usr/lib/system/libdispatch.dylib
0x000000000b4b7000 	/usr/lib/system/libdyld.dylib
0x000000000b4b7000 	/usr/lib/system/libkeymgr.dylib
0x000000000b4b7000 	/usr/lib/system/liblaunch.dylib
0x000000000b4b7000 	/usr/lib/system/libmacho.dylib
0x000000000b4b7000 	/usr/lib/system/libquarantine.dylib
0x000000000b4b7000 	/usr/lib/system/libremovefile.dylib
0x000000000b4b7000 	/usr/lib/system/libsystem_asl.dylib
0x000000000b4b7000 	/usr/lib/system/libsystem_blocks.dylib
0x000000000b4b7000 	/usr/lib/system/libsystem_c.dylib
0x000000000b4b7000 	/usr/lib/system/libsystem_configuration.dylib
0x000000000b4b7000 	/usr/lib/system/libsystem_dnssd.dylib
0x000000000b4b7000 	/usr/lib/system/libsystem_info.dylib
0x000000000b4b7000 	/usr/lib/system/libsystem_kernel.dylib
0x000000000b4b7000 	/usr/lib/system/libsystem_m.dylib
0x000000000b4b7000 	/usr/lib/system/libsystem_malloc.dylib
0x000000000b4b7000 	/usr/lib/system/libsystem_network.dylib
0x000000000b4b7000 	/usr/lib/system/libsystem_notify.dylib
0x000000000b4b7000 	/usr/lib/system/libsystem_platform.dylib
0x000000000b4b7000 	/usr/lib/system/libsystem_pthread.dylib
0x000000000b4b7000 	/usr/lib/system/libsystem_sandbox.dylib
0x000000000b4b7000 	/usr/lib/system/libsystem_stats.dylib
0x000000000b4b7000 	/usr/lib/system/libunc.dylib
0x000000000b4b7000 	/usr/lib/system/libunwind.dylib
0x000000000b4b7000 	/usr/lib/system/libxpc.dylib
0x000000000b4b7000 	/usr/lib/libbsm.0.dylib
0x000000000b4b7000 	/usr/lib/libsqlite3.dylib
0x000000000b4b7000 	/usr/lib/libxar.1.dylib
0x000000000b4b7000 	/usr/lib/libpam.2.dylib
0x000000000b4b7000 	/usr/lib/libOpenScriptingUtil.dylib
0x000000000b4b7000 	/usr/lib/libbz2.1.0.dylib
0x000000000b4b7000 	/System/Library/Frameworks/CoreServices.framework/Versions/A/Frameworks/CarbonCore.framework/Versions/A/CarbonCore
0x000000000b4b7000 	/System/Library/Frameworks/CoreServices.framework/Versions/A/Frameworks/Metadata.framework/Versions/A/Metadata
0x000000000b4b7000 	/System/Library/Frameworks/CoreServices.framework/Versions/A/Frameworks/OSServices.framework/Versions/A/OSServices
0x000000000b4b7000 	/System/Library/Frameworks/CoreServices.framework/Versions/A/Frameworks/SearchKit.framework/Versions/A/SearchKit
0x000000000b4b7000 	/System/Library/Frameworks/CoreServices.framework/Versions/A/Frameworks/AE.framework/Versions/A/AE
0x000000000b4b7000 	/System/Library/Frameworks/CoreServices.framework/Versions/A/Frameworks/LaunchServices.framework/Versions/A/LaunchServices
0x000000000b4b7000 	/System/Library/Frameworks/CoreServices.framework/Versions/A/Frameworks/DictionaryServices.framework/Versions/A/DictionaryServices
0x000000000b4b7000 	/System/Library/Frameworks/NetFS.framework/Versions/A/NetFS
0x000000000b4b7000 	/usr/lib/system/libkxld.dylib
0x000000000b4b7000 	/System/Library/PrivateFrameworks/NetAuth.framework/Versions/A/NetAuth
0x000000000b4b7000 	/System/Library/PrivateFrameworks/TCC.framework/Versions/A/TCC
0x000000000b4b7000 	/System/Library/Frameworks/OpenDirectory.framework/Versions/A/Frameworks/CFOpenDirectory.framework/Versions/A/CFOpenDirectory
0x000000000b4b7000 	/System/Library/Frameworks/ServiceManagement.framework/Versions/A/ServiceManagement
0x000000000b4b7000 	/usr/lib/libxslt.1.dylib
0x000000000b4b7000 	/System/Library/Frameworks/Carbon.framework/Versions/A/Frameworks/Ink.framework/Versions/A/Ink
0x000000000b4b7000 	/System/Library/Frameworks/ApplicationServices.framework/Versions/A/Frameworks/ATS.framework/Versions/A/ATS
0x000000000b4b7000 	/System/Library/Frameworks/ApplicationServices.framework/Versions/A/Frameworks/ColorSync.framework/Versions/A/ColorSync
0x000000000b4b7000 	/System/Library/Frameworks/ApplicationServices.framework/Versions/A/Frameworks/HIServices.framework/Versions/A/HIServices
0x000000000b4b7000 	/System/Library/Frameworks/ApplicationServices.framework/Versions/A/Frameworks/LangAnalysis.framework/Versions/A/LangAnalysis
0x000000000b4b7000 	/System/Library/Frameworks/ApplicationServices.framework/Versions/A/Frameworks/PrintCore.framework/Versions/A/PrintCore
0x000000000b4b7000 	/System/Library/Frameworks/ApplicationServices.framework/Versions/A/Frameworks/QD.framework/Versions/A/QD
0x000000000b4b7000 	/System/Library/Frameworks/ApplicationServices.framework/Versions/A/Frameworks/SpeechSynthesis.framework/Versions/A/SpeechSynthesis
0x000000000b4b7000 	/System/Library/Frameworks/IOSurface.framework/Versions/A/IOSurface
0x000000000b4b7000 	/System/Library/Frameworks/Accelerate.framework/Versions/A/Accelerate
0x000000000b4b7000 	/System/Library/Frameworks/Accelerate.framework/Versions/A/Frameworks/vImage.framework/Versions/A/vImage
0x000000000b4b7000 	/System/Library/Frameworks/Accelerate.framework/Versions/A/Frameworks/vecLib.framework/Versions/A/vecLib
0x000000000b4b7000 	/System/Library/Frameworks/Accelerate.framework/Versions/A/Frameworks/vecLib.framework/Versions/A/libvDSP.dylib
0x000000000b4b7000 	/System/Library/Frameworks/Accelerate.framework/Versions/A/Frameworks/vecLib.framework/Versions/A/libvMisc.dylib
0x000000000b4b7000 	/System/Library/Frameworks/Accelerate.framework/Versions/A/Frameworks/vecLib.framework/Versions/A/libLAPACK.dylib
0x000000000b4b7000 	/System/Library/Frameworks/Accelerate.framework/Versions/A/Frameworks/vecLib.framework/Versions/A/libBLAS.dylib
0x000000000b4b7000 	/System/Library/Frameworks/ApplicationServices.framework/Versions/A/Frameworks/ATS.framework/Versions/A/Resources/libFontParser.dylib
0x000000000b4b7000 	/System/Library/Frameworks/ApplicationServices.framework/Versions/A/Frameworks/ATS.framework/Versions/A/Resources/libFontRegistry.dylib
0x000000000b4b7000 	/System/Library/Frameworks/ImageIO.framework/Versions/A/Resources/libJPEG.dylib
0x000000000b4b7000 	/System/Library/Frameworks/ImageIO.framework/Versions/A/Resources/libTIFF.dylib
0x000000000b4b7000 	/System/Library/Frameworks/ImageIO.framework/Versions/A/Resources/libPng.dylib
0x000000000b4b7000 	/System/Library/Frameworks/ImageIO.framework/Versions/A/Resources/libGIF.dylib
0x000000000b4b7000 	/System/Library/Frameworks/ImageIO.framework/Versions/A/Resources/libJP2.dylib
0x000000000b4b7000 	/System/Library/Frameworks/ImageIO.framework/Versions/A/Resources/libRadiance.dylib
0x000000000b4b7000 	/usr/lib/libcups.2.dylib
0x000000000b4b7000 	/System/Library/Frameworks/Kerberos.framework/Versions/A/Kerberos
0x000000000b4b7000 	/System/Library/Frameworks/GSS.framework/Versions/A/GSS
0x000000000b4b7000 	/usr/lib/libresolv.9.dylib
0x000000000b4b7000 	/usr/lib/libiconv.2.dylib
0x000000000b4b7000 	/System/Library/PrivateFrameworks/Heimdal.framework/Versions/A/Heimdal
0x000000000b4b7000 	/System/Library/PrivateFrameworks/TrustEvaluationAgent.framework/Versions/A/TrustEvaluationAgent
0x000000000b4b7000 	/usr/lib/libheimdal-asn1.dylib
0x000000000b4b7000 	/System/Library/Frameworks/OpenDirectory.framework/Versions/A/OpenDirectory
0x000000000b4b7000 	/System/Library/PrivateFrameworks/CommonAuth.framework/Versions/A/CommonAuth
0x000000000b4b7000 	/System/Library/Frameworks/SecurityFoundation.framework/Versions/A/SecurityFoundation
0x000000000b4b7000 	/System/Library/PrivateFrameworks/Bom.framework/Versions/A/Bom
0x000000000b4b7000 	/System/Library/Frameworks/CoreVideo.framework/Versions/A/CoreVideo
0x000000000b4b7000 	/System/Library/Frameworks/QuartzCore.framework/Versions/A/Frameworks/CoreImage.framework/Versions/A/CoreImage
0x000000000b4b7000 	/System/Library/Frameworks/QuartzCore.framework/Versions/A/Frameworks/ScalableUserInterface.framework/Versions/A/ScalableUserInterface
0x000000000b4b7000 	/System/Library/Frameworks/OpenGL.framework/Versions/A/Libraries/libGLU.dylib
0x000000000b4b7000 	/System/Library/Frameworks/OpenGL.framework/Versions/A/Libraries/libGFXShared.dylib
0x000000000b4b7000 	/System/Library/Frameworks/OpenGL.framework/Versions/A/Libraries/libGL.dylib
0x000000000b4b7000 	/System/Library/Frameworks/OpenGL.framework/Versions/A/Libraries/libGLImage.dylib
0x000000000b4b7000 	/System/Library/Frameworks/OpenGL.framework/Versions/A/Libraries/libCVMSPluginSupport.dylib
0x000000000b4b7000 	/System/Library/Frameworks/OpenGL.framework/Versions/A/Libraries/libCoreVMClient.dylib
0x000000000b4b7000 	/System/Library/PrivateFrameworks/FaceCore.framework/Versions/A/FaceCore
0x000000000b4b7000 	/System/Library/PrivateFrameworks/CrashReporterSupport.framework/Versions/A/CrashReporterSupport
0x000000000b4b7000 	/System/Library/Frameworks/OpenCL.framework/Versions/A/OpenCL
0x000000000b4b7000 	/System/Library/PrivateFrameworks/AppleFSCompression.framework/Versions/A/AppleFSCompression
0x000000000b4b7000 	/System/Library/PrivateFrameworks/Ubiquity.framework/Versions/A/Ubiquity
0x000000000b4b7000 	/System/Library/PrivateFrameworks/IconServices.framework/Versions/A/IconServices
0x000000000b4b7000 	/System/Library/PrivateFrameworks/ChunkingLibrary.framework/Versions/A/ChunkingLibrary
0x000000000b4b7000 	/System/Library/PrivateFrameworks/CoreSymbolication.framework/Versions/A/CoreSymbolication
0x000000000b4b7000 	/System/Library/PrivateFrameworks/Symbolication.framework/Versions/A/Symbolication
0x000000000b4b7000 	/System/Library/PrivateFrameworks/DebugSymbols.framework/Versions/A/DebugSymbols
0x000000010ac17000 	/Library/Java/JavaVirtualMachines/jdk1.8.0_05.jdk/Contents/Home/jre/lib/server/libjvm.dylib
0x000000000b4b7000 	/usr/lib/libstdc++.6.dylib
0x000000010bbda000 	/Library/Java/JavaVirtualMachines/jdk1.8.0_05.jdk/Contents/Home/jre/lib/libverify.dylib
0x000000010bbe8000 	/Library/Java/JavaVirtualMachines/jdk1.8.0_05.jdk/Contents/Home/jre/lib/libjava.dylib
0x000000010bc33000 	/Library/Java/JavaVirtualMachines/jdk1.8.0_05.jdk/Contents/Home/jre/lib/libinstrument.dylib
0x000000010bc91000 	/Library/Java/JavaVirtualMachines/jdk1.8.0_05.jdk/Contents/Home/jre/lib/libzip.dylib
0x000000011f628000 	/System/Library/Frameworks/JavaVM.framework/Frameworks/JavaRuntimeSupport.framework/JavaRuntimeSupport
0x000000011f640000 	/System/Library/Frameworks/JavaVM.framework/Versions/A/Frameworks/JavaNativeFoundation.framework/Versions/A/JavaNativeFoundation
0x000000011f655000 	/System/Library/Frameworks/JavaVM.framework/Versions/A/JavaVM
0x000000000b4b7000 	/System/Library/Frameworks/Carbon.framework/Versions/A/Carbon
0x000000011f662000 	/System/Library/PrivateFrameworks/JavaLaunching.framework/Versions/A/JavaLaunching
0x000000000b4b7000 	/System/Library/Frameworks/Carbon.framework/Versions/A/Frameworks/CommonPanels.framework/Versions/A/CommonPanels
0x000000000b4b7000 	/System/Library/Frameworks/Carbon.framework/Versions/A/Frameworks/Help.framework/Versions/A/Help
0x000000000b4b7000 	/System/Library/Frameworks/Carbon.framework/Versions/A/Frameworks/ImageCapture.framework/Versions/A/ImageCapture
0x000000000b4b7000 	/System/Library/Frameworks/Carbon.framework/Versions/A/Frameworks/OpenScripting.framework/Versions/A/OpenScripting
0x000000000b4b7000 	/System/Library/Frameworks/Carbon.framework/Versions/A/Frameworks/Print.framework/Versions/A/Print
0x000000000b4b7000 	/System/Library/Frameworks/Carbon.framework/Versions/A/Frameworks/SecurityHI.framework/Versions/A/SecurityHI
0x0000000120050000 	/private/var/folders/tf/qh2f2zgx4pqdw2y0gnnmslhh0000gn/T/libjansi-64-996646993969325022.jnilib
0x0000000120159000 	/Library/Java/JavaVirtualMachines/jdk1.8.0_05.jdk/Contents/Home/jre/lib/libnet.dylib
0x000000012016f000 	/Library/Java/JavaVirtualMachines/jdk1.8.0_05.jdk/Contents/Home/jre/lib/libmanagement.dylib
0x000000012017c000 	/Library/Java/JavaVirtualMachines/jdk1.8.0_05.jdk/Contents/Home/jre/lib/libnio.dylib

VM Arguments:
jvm_args: -Dfile.encoding=UTF-8 -Xmx768M -Xms64M -Dgrails.fork.active=true -Dgrails.build.execution.context=/private/var/folders/tf/qh2f2zgx4pqdw2y0gnnmslhh0000gn/T/MekDays1195558789435329431grails-execution-context -Dgrails.home=/Users/josephmari/.gvm/grails/2.4.0 -javaagent:/Users/josephmari/.gvm/grails/2.4.0/lib/org.springframework/springloaded/jars/springloaded-1.2.0.RELEASE.jar -Xverify:none -Dspringloaded.synchronize=true -Djdk.reflect.allowGetCallerClass=true -Dspringloaded=profile=grails;cacheDir=/Users/josephmari/.grails/2.4.0 
java_command: org.grails.plugins.tomcat.fork.ForkedTomcatServer
java_class_path (initial): /Library/Java/JavaVirtualMachines/jdk1.8.0_05.jdk/Contents/Home/lib/tools.jar:/Users/josephmari/.m2/repository/org/codehaus/groovy/groovy-all/2.3.1/groovy-all-2.3.1.jar:/Users/josephmari/.m2/repository/org/slf4j/jcl-over-slf4j/1.7.5/jcl-over-slf4j-1.7.5.jar:/Users/josephmari/.gvm/grails/current/lib/org.codehaus.gant/gant_groovy1.8/jars/gant_groovy1.8-1.9.6.jar:/Users/josephmari/.m2/repository/org/apache/tomcat/embed/tomcat-embed-logging-log4j/7.0.50/tomcat-embed-logging-log4j-7.0.50.jar:/Users/josephmari/.m2/repository/org/grails/grails-plugin-log4j/2.4.0/grails-plugin-log4j-2.4.0.jar:/Users/josephmari/.m2/repository/log4j/log4j/1.2.17/log4j-1.2.17.jar:/Users/josephmari/.m2/repository/org/grails/grails-bootstrap/2.4.0/grails-bootstrap-2.4.0.jar:/Users/josephmari/.m2/repository/org/slf4j/slf4j-api/1.7.5/slf4j-api-1.7.5.jar:/Users/josephmari/.m2/repository/org/apache/ant/ant/1.8.4/ant-1.8.4.jar:/Users/josephmari/.m2/repository/jline/jline/2.11/jline-2.11.jar:/Users/josephmari/.m2/repository/org/apache/ant/ant-launcher/1.8.4/ant-launcher-1.8.4.jar:/Users/josephmari/.m2/repository/org/apache/ant/ant-trax/1.7.1/ant-trax-1.7.1.jar:/Users/josephmari/.m2/repository/org/apache/ant/ant-junit/1.8.4/ant-junit-1.8.4.jar:/Users/josephmari/.m2/repository/org/apache/ivy/ivy/2.3.0/ivy-2.3.0.jar:/Users/josephmari/.m2/repository/org/fusesource/jansi/jansi/1.11/jansi-1.11.jar:/Users/josephmari/.m2/repository/org/apache/tomcat/embed/tomcat-embed-el/7.0.53/tomcat-embed-el-7.0.53.jar:/Users/josephmari/.m2/repository/org/apache/tomcat/embed/tomcat-embed-logging-log4j/7.0.53/tomcat-embed-logging-log4j-7.0.53.jar:/Users/josephmari/.m2/repository/org/apache/tomcat/embed/tomcat-embed-websocket/7.0.53/tomcat-embed-websocket-7.0.53.jar:/Users/josephmari/.m2/repository/org/apache/tomcat/embed/tomcat-embed-core/7.0.53/tomcat-embed-core-7.0.53.jar:/Users/josephmari/.m2/repository/org/apache/tomcat/tomcat-catalina-ant/7.0.53/tomcat-catalina-ant-7.0.53.jar:/Users/josephma
Launcher Type: SUN_STANDARD

Environment Variables:
JAVA_HOME=/Library/Java/JavaVirtualMachines/jdk1.8.0_05.jdk/Contents/Home
PATH=/Users/josephmari/.gvm/vertx/current/bin:/Users/josephmari/.gvm/springboot/current/bin:/Users/josephmari/.gvm/lazybones/current/bin:/Users/josephmari/.gvm/groovyserv/current/bin:/Users/josephmari/.gvm/groovy/current/bin:/Users/josephmari/.gvm/griffon/current/bin:/Users/josephmari/.gvm/grails/current/bin:/Users/josephmari/.gvm/gradle/current/bin:/Users/josephmari/.gvm/glide/current/bin:/Users/josephmari/.gvm/gaiden/current/bin:/usr/bin:/bin:/usr/sbin:/sbin:/usr/local/bin:/Users/josephmari/neo4j/neo4j-community-2.1.1/bin/
SHELL=/bin/bash

Signal Handlers:
SIGSEGV: [libjvm.dylib+0x55f7df], sa_mask[0]=0xfffefeff, sa_flags=0x00000043
SIGBUS: [libjvm.dylib+0x55f7df], sa_mask[0]=0xfffefeff, sa_flags=0x00000042
SIGFPE: [libjvm.dylib+0x442cfa], sa_mask[0]=0xfffefeff, sa_flags=0x00000042
SIGPIPE: [libjvm.dylib+0x442cfa], sa_mask[0]=0xfffefeff, sa_flags=0x00000042
SIGXFSZ: [libjvm.dylib+0x442cfa], sa_mask[0]=0xfffefeff, sa_flags=0x00000042
SIGILL: [libjvm.dylib+0x442cfa], sa_mask[0]=0xfffefeff, sa_flags=0x00000042
SIGUSR1: SIG_DFL, sa_mask[0]=0x63807efb, sa_flags=0x00000000
SIGUSR2: [libjvm.dylib+0x442818], sa_mask[0]=0x00000004, sa_flags=0x00000042
SIGHUP: [libjvm.dylib+0x440ba5], sa_mask[0]=0xfffefeff, sa_flags=0x00000042
SIGINT: [libjvm.dylib+0x440ba5], sa_mask[0]=0xfffefeff, sa_flags=0x00000042
SIGTERM: [libjvm.dylib+0x440ba5], sa_mask[0]=0xfffefeff, sa_flags=0x00000042
SIGQUIT: [libjvm.dylib+0x440ba5], sa_mask[0]=0xfffefeff, sa_flags=0x00000042


---------------  S Y S T E M  ---------------

OS:Bsduname:Darwin 13.2.0 Darwin Kernel Version 13.2.0: Thu Apr 17 23:03:13 PDT 2014; root:xnu-2422.100.13~1/RELEASE_X86_64 x86_64
rlimit: STACK 8192k, CORE 0k, NPROC 709, NOFILE 10240, AS infinity
load average:2.07 1.68 1.86

CPU:total 4 (2 cores per cpu, 2 threads per core) family 6 model 69 stepping 1, cmov, cx8, fxsr, mmx, sse, sse2, sse3, ssse3, sse4.1, sse4.2, popcnt, avx, avx2, aes, clmul, erms, ht, tsc, tscinvbit

Memory: 4k page, physical 4194304k(937240k free)

/proc/meminfo:


vm_info: Java HotSpot(TM) 64-Bit Server VM (25.5-b02) for bsd-amd64 JRE (1.8.0_05-b13), built on Mar 18 2014 00:36:13 by "java_re" with gcc 4.2.1 (Based on Apple Inc. build 5658) (LLVM build 2336.11.00)

time: Wed Jun 11 09:48:30 2014
elapsed time: 15 seconds

