#
# A fatal error has been detected by the Java Runtime Environment:
#
#  SIGSEGV (0xb) at pc=0x000000010292d2f0, pid=3517, tid=18435
#
# JRE version: Java(TM) SE Runtime Environment (8.0_05-b13) (build 1.8.0_05-b13)
# Java VM: Java HotSpot(TM) 64-Bit Server VM (25.5-b02 mixed mode bsd-amd64 compressed oops)
# Problematic frame:
# V  [libjvm.dylib+0xd02f0]  OopFlow::build_oop_map(Node*, int, PhaseRegAlloc*, int*)+0xd2
#
# Core dump written. Default location: /cores/core or core.3517
#
# If you would like to submit a bug report, please visit:
#   http://bugreport.sun.com/bugreport/crash.jsp
#

---------------  T H R E A D  ---------------

Current thread (0x00007fe7db848800):  JavaThread "C2 CompilerThread0" daemon [_thread_in_native, id=18435, stack(0x0000000117697000,0x0000000117797000)]

siginfo:si_signo=SIGSEGV: si_errno=0, si_code=1 (SEGV_MAPERR), si_addr=0x0000000000000000

Registers:
RAX=0x00007fe7dda57998, RBX=0x00007fe7da2979e0, RCX=0x0000000000000000, RDX=0x0000000000000008
RSP=0x0000000117793870, RBP=0x00000001177938e0, RSI=0x0000000000000030, RDI=0x0000000000000000
R8 =0x00007fe7dc834cf0, R9 =0x00007fe7dde34a70, R10=0x0000000000000533, R11=0x0000000000001300
R12=0x0000000000000000, R13=0xffffffffffffffff, R14=0x00007fe7da2979e0, R15=0x00000000000000c0
RIP=0x000000010292d2f0, EFLAGS=0x0000000000010206, ERR=0x0000000000000004
  TRAPNO=0x000000000000000e

Top of Stack: (sp=0x0000000117793870)
0x0000000117793870:   066ea000066ea000 00000000000000ed
0x0000000117793880:   00007fe7dc834cf0 00007fe7da5485d0
0x0000000117793890:   00007fe7dda58100 0000003000000008
0x00000001177938a0:   0000000117794550 00007fe7dda58130
0x00000001177938b0:   00000000000000b8 00007fe7dda58100
0x00000001177938c0:   00000000000000a0 ffffffffffffffff
0x00000001177938d0:   00007fe7da2979e0 00007fe7dda5ffff
0x00000001177938e0:   0000000117793940 000000010292d00d
0x00000001177938f0:   0000000117795fd0 000000ed17795fd0
0x0000000117793900:   00007fe7dddbcd70 00000008dda57990
0x0000000117793910:   0000000117794550 00007fe7de68b650
0x0000000117793920:   00007fe7dda58100 000000000000000a
0x0000000117793930:   00007fe7dc8362d0 00007fe7dda56e00
0x0000000117793940:   0000000117793a40 000000010292df3b
0x0000000117793950:   00000000010b7f00 0000000000000008
0x0000000117793960:   0000000000000008 00007fe7de437f30
0x0000000117793970:   00000000000000ed 0000000000000020
0x0000000117793980:   00007fe7de437f30 00007fe7d9f0d1c0
0x0000000117793990:   0000000117795fd0 0000000000000008
0x00000001177939a0:   00007fe7de437f30 0000000000000008
0x00000001177939b0:   ffffffffffffffff 0000000117794680
0x00000001177939c0:   00007fe7de4ba070 00007fe7dddbcd70
0x00000001177939d0:   0000000000000768 00000000000001da
0x00000001177939e0:   0000000000000000 0000000100000200
0x00000001177939f0:   00007fe7d9f0d1c0 00007fe7ddf0a010
0x0000000117793a00:   00007fe70000000a 0000000000000048
0x0000000117793a10:   0000000000000000 0000000117795fd0
0x0000000117793a20:   0000000117794680 0000000000005910
0x0000000117793a30:   00007fe7de000010 0000000117796798
0x0000000117793a40:   0000000117793a90 0000000102ca87d8
0x0000000117793a50:   00007fe7dd8ef090 00007fe7de09e8d0
0x0000000117793a60:   0000000117796140 0000000117795fd0 

Instructions: (pc=0x000000010292d2f0)
0x000000010292d2d0:   00 00 44 89 ff 8b 75 bc 8b 55 b8 e8 fa 0c 00 00
0x000000010292d2e0:   48 89 45 d0 48 8b 45 b0 48 8b 40 08 4e 8b 24 f8
0x000000010292d2f0:   49 8b 04 24 4c 89 e7 ff 50 28 48 63 48 10 48 89
0x000000010292d300:   ca 48 c1 e2 05 48 8d 35 74 8a 6f 00 80 7c 16 10 

Register to memory mapping:

RAX=0x00007fe7dda57998 is an unknown value
RBX=0x00007fe7da2979e0 is an unknown value
RCX=0x0000000000000000 is an unknown value
RDX=0x0000000000000008 is an unknown value
RSP=0x0000000117793870 is pointing into the stack for thread: 0x00007fe7db848800
RBP=0x00000001177938e0 is pointing into the stack for thread: 0x00007fe7db848800
RSI=0x0000000000000030 is an unknown value
RDI=0x0000000000000000 is an unknown value
R8 =0x00007fe7dc834cf0 is an unknown value
R9 =0x00007fe7dde34a70 is an unknown value
R10=0x0000000000000533 is an unknown value
R11=0x0000000000001300 is an unknown value
R12=0x0000000000000000 is an unknown value
R13=0xffffffffffffffff is an unknown value
R14=0x00007fe7da2979e0 is an unknown value
R15=0x00000000000000c0 is an unknown value


Stack: [0x0000000117697000,0x0000000117797000],  sp=0x0000000117793870,  free space=1010k
Native frames: (J=compiled Java code, j=interpreted, Vv=VM code, C=native code)
V  [libjvm.dylib+0xd02f0]  OopFlow::build_oop_map(Node*, int, PhaseRegAlloc*, int*)+0xd2
V  [libjvm.dylib+0xd000d]  OopFlow::compute_reach(PhaseRegAlloc*, int, Dict*)+0xa9
V  [libjvm.dylib+0xd0f3b]  Compile::BuildOopMaps()+0x92d
V  [libjvm.dylib+0x44b7d8]  Compile::Output()+0x40c
V  [libjvm.dylib+0x19d040]  Compile::Code_Gen()+0x21a
V  [libjvm.dylib+0x1a0a7b]  Compile::Compile(ciEnv*, C2Compiler*, ciMethod*, int, bool, bool, bool)+0x905
V  [libjvm.dylib+0x143eb2]  C2Compiler::compile_method(ciEnv*, ciMethod*, int)+0xac
V  [libjvm.dylib+0x1a431c]  CompileBroker::invoke_compiler_on_method(CompileTask*)+0x5b2
V  [libjvm.dylib+0x1a642b]  CompileBroker::compiler_thread_loop()+0x2d5
V  [libjvm.dylib+0x51ccf5]  JavaThread::thread_main_inner()+0x9b
V  [libjvm.dylib+0x51e432]  JavaThread::run()+0x1c2
V  [libjvm.dylib+0x445426]  java_start(Thread*)+0xf6
C  [libsystem_pthread.dylib+0x1899]  _pthread_body+0x8a
C  [libsystem_pthread.dylib+0x172a]  _pthread_struct_init+0x0
C  [libsystem_pthread.dylib+0x5fc9]  thread_start+0xd


Current CompileTask:
C2:  19305 4875       4       groovy.lang.MetaClassImpl::findPropertyMethod (356 bytes)


---------------  P R O C E S S  ---------------

Java Threads: ( => current thread )
  0x00007fe7ddb41800 JavaThread "net.sf.ehcache.CacheManager@564815d1" daemon [_thread_blocked, id=16651, stack(0x000000011897f000,0x0000000118a7f000)]
  0x00007fe7dca6f800 JavaThread "PoolCleaner[2036884622:1402411437179]" daemon [_thread_blocked, id=13575, stack(0x0000000118576000,0x0000000118676000)]
  0x00007fe7dafee000 JavaThread "FileSystemWatcher: files=#95 cl=groovy.lang.GroovyClassLoader@7968648e" daemon [_thread_blocked, id=24067, stack(0x0000000119985000,0x0000000119a85000)]
  0x00007fe7dc8e7800 JavaThread "Thread-3" daemon [_thread_in_native, id=23555, stack(0x000000011937c000,0x000000011947c000)]
  0x00007fe7dbeed800 JavaThread "localhost-startStop-1" daemon [_thread_in_vm, id=23043, stack(0x000000011a5e4000,0x000000011a6e4000)]
  0x00007fe7db73e800 JavaThread "Tomcat-startStop-1" daemon [_thread_blocked, id=22531, stack(0x000000011a4e1000,0x000000011a5e1000)]
  0x00007fe7dbe72800 JavaThread "Thread-2" [_thread_in_native, id=22019, stack(0x0000000119bf9000,0x0000000119cf9000)]
  0x00007fe7dab74800 JavaThread "NonBlockingInputStreamThread" daemon [_thread_blocked, id=21507, stack(0x0000000118126000,0x0000000118226000)]
  0x00007fe7dab4a800 JavaThread "process reaper" daemon [_thread_blocked, id=20995, stack(0x0000000117ef8000,0x0000000117f20000)]
  0x00007fe7db860800 JavaThread "Service Thread" daemon [_thread_blocked, id=19971, stack(0x00000001179a0000,0x0000000117aa0000)]
  0x00007fe7db84a000 JavaThread "C1 CompilerThread2" daemon [_thread_blocked, id=19459, stack(0x000000011789d000,0x000000011799d000)]
  0x00007fe7db849000 JavaThread "C2 CompilerThread1" daemon [_thread_in_native, id=18947, stack(0x000000011779a000,0x000000011789a000)]
=>0x00007fe7db848800 JavaThread "C2 CompilerThread0" daemon [_thread_in_native, id=18435, stack(0x0000000117697000,0x0000000117797000)]
  0x00007fe7da837800 JavaThread "Signal Dispatcher" daemon [_thread_blocked, id=17923, stack(0x00000001173b9000,0x00000001174b9000)]
  0x00007fe7da007800 JavaThread "Finalizer" daemon [_thread_blocked, id=13059, stack(0x0000000117177000,0x0000000117277000)]
  0x00007fe7da007000 JavaThread "Reference Handler" daemon [_thread_blocked, id=12547, stack(0x0000000117074000,0x0000000117174000)]
  0x00007fe7da804800 JavaThread "main" [_thread_blocked, id=4867, stack(0x000000010371e000,0x000000010381e000)]

Other Threads:
  0x00007fe7da85e000 VMThread [stack: 0x0000000116f71000,0x0000000117071000] [id=12035]
  0x00007fe7db862800 WatcherThread [stack: 0x0000000117aa3000,0x0000000117ba3000] [id=20483]

VM state:not at safepoint (normal execution)

VM Mutex/Monitor currently owned by a thread: None

Heap:
 PSYoungGen      total 221696K, used 39668K [0x00000007b0000000, 0x00000007c0000000, 0x00000007c0000000)
  eden space 200704K, 12% used [0x00000007b0000000,0x00000007b1950058,0x00000007bc400000)
  from space 20992K, 65% used [0x00000007beb80000,0x00000007bf8ecfe8,0x00000007c0000000)
  to   space 30720K, 0% used [0x00000007bc400000,0x00000007bc400000,0x00000007be200000)
 ParOldGen       total 113664K, used 92706K [0x0000000790000000, 0x0000000796f00000, 0x00000007b0000000)
  object space 113664K, 81% used [0x0000000790000000,0x0000000795a888b0,0x0000000796f00000)
 Metaspace       used 61082K, capacity 62632K, committed 62776K, reserved 1103872K
  class space    used 7088K, capacity 7635K, committed 7736K, reserved 1048576K

Card table byte_map: [0x00000001135c0000,0x0000000113741000] byte_map_base: 0x000000010f940000

Marking Bits: (ParMarkBitMap*) 0x00000001030c30a0
 Begin Bits: [0x0000000113b4d000, 0x000000011474d000)
 End Bits:   [0x000000011474d000, 0x000000011534d000)

Polling page: 0x0000000103862000

CodeCache: size=245760Kb used=17128Kb max_used=17128Kb free=228631Kb
 bounds [0x0000000104200000, 0x00000001052d0000, 0x0000000113200000]
 total_blobs=5816 nmethods=5076 adapters=652
 compilation: enabled

Compilation events (10 events):
Event: 18.379 Thread 0x00007fe7db84a000 5681       2       groovyjarjarasm.asm.FieldVisitor::<init> (35 bytes)
Event: 18.379 Thread 0x00007fe7db84a000 nmethod 5681 0x00000001052b5110 code [0x00000001052b5280, 0x00000001052b5488]
Event: 18.379 Thread 0x00007fe7db84a000 5678       2       org.codehaus.groovy.classgen.ClassCompletionVerifier::checkMethodForWeakerAccessPrivileges (117 bytes)
Event: 18.380 Thread 0x00007fe7db84a000 nmethod 5678 0x00000001052b5550 code [0x00000001052b5720, 0x00000001052b5b48]
Event: 18.380 Thread 0x00007fe7db84a000 5682       2       org.springsource.loaded.ri.ReflectiveInterceptor::isMetaConstructor (115 bytes)
Event: 18.381 Thread 0x00007fe7db84a000 nmethod 5682 0x00000001052b5ed0 code [0x00000001052b6100, 0x00000001052b66c8]
Event: 19.280 Thread 0x00007fe7db84a000 5683       2       org.springsource.loaded.ri.ReloadableTypeMethodProvider::getMethods (39 bytes)
Event: 19.281 Thread 0x00007fe7db84a000 nmethod 5683 0x00000001052c3c50 code [0x00000001052c3dc0, 0x00000001052c4128]
Event: 19.285 Thread 0x00007fe7db84a000 5684 %     3       org.springframework.beans.factory.annotation.AutowiredAnnotationBeanPostProcessor::findAutowiredAnnotation @ 10 (52 bytes)
Event: 19.286 Thread 0x00007fe7db84a000 nmethod 5684% 0x00000001052c4310 code [0x00000001052c4520, 0x00000001052c4f68]

GC Heap History (10 events):
Event: 16.468 GC heap before
{Heap before GC invocations=59 (full 6):
 PSYoungGen      total 238592K, used 230347K [0x00000007b0000000, 0x00000007c0000000, 0x00000007c0000000)
  eden space 227328K, 100% used [0x00000007b0000000,0x00000007bde00000,0x00000007bde00000)
  from space 11264K, 26% used [0x00000007bf500000,0x00000007bf7f2f70,0x00000007c0000000)
  to   space 17408K, 0% used [0x00000007bde00000,0x00000007bde00000,0x00000007bef00000)
 ParOldGen       total 93184K, used 76821K [0x0000000790000000, 0x0000000795b00000, 0x00000007b0000000)
  object space 93184K, 82% used [0x0000000790000000,0x0000000794b056f8,0x0000000795b00000)
 Metaspace       used 55577K, capacity 56874K, committed 57016K, reserved 1099776K
  class space    used 6407K, capacity 6798K, committed 6840K, reserved 1048576K
Event: 16.496 GC heap after
Heap after GC invocations=59 (full 6):
 PSYoungGen      total 239616K, used 12234K [0x00000007b0000000, 0x00000007c0000000, 0x00000007c0000000)
  eden space 227328K, 0% used [0x00000007b0000000,0x00000007b0000000,0x00000007bde00000)
  from space 12288K, 99% used [0x00000007bde00000,0x00000007be9f2b98,0x00000007bea00000)
  to   space 18432K, 0% used [0x00000007bee00000,0x00000007bee00000,0x00000007c0000000)
 ParOldGen       total 93184K, used 76853K [0x0000000790000000, 0x0000000795b00000, 0x00000007b0000000)
  object space 93184K, 82% used [0x0000000790000000,0x0000000794b0d6f8,0x0000000795b00000)
 Metaspace       used 55577K, capacity 56874K, committed 57016K, reserved 1099776K
  class space    used 6407K, capacity 6798K, committed 6840K, reserved 1048576K
}
Event: 17.201 GC heap before
{Heap before GC invocations=60 (full 6):
 PSYoungGen      total 239616K, used 230844K [0x00000007b0000000, 0x00000007c0000000, 0x00000007c0000000)
  eden space 227328K, 96% used [0x00000007b0000000,0x00000007bd57c6a8,0x00000007bde00000)
  from space 12288K, 99% used [0x00000007bde00000,0x00000007be9f2b98,0x00000007bea00000)
  to   space 18432K, 0% used [0x00000007bee00000,0x00000007bee00000,0x00000007c0000000)
 ParOldGen       total 93184K, used 76853K [0x0000000790000000, 0x0000000795b00000, 0x00000007b0000000)
  object space 93184K, 82% used [0x0000000790000000,0x0000000794b0d6f8,0x0000000795b00000)
 Metaspace       used 57078K, capacity 58592K, committed 58808K, reserved 1101824K
  class space    used 6627K, capacity 7081K, committed 7096K, reserved 1048576K
Event: 17.220 GC heap after
Heap after GC invocations=60 (full 6):
 PSYoungGen      total 238592K, used 18427K [0x00000007b0000000, 0x00000007c0000000, 0x00000007c0000000)
  eden space 220160K, 0% used [0x00000007b0000000,0x00000007b0000000,0x00000007bd700000)
  from space 18432K, 99% used [0x00000007bee00000,0x00000007bfffedf0,0x00000007c0000000)
  to   space 20992K, 0% used [0x00000007bd700000,0x00000007bd700000,0x00000007beb80000)
 ParOldGen       total 93184K, used 76981K [0x0000000790000000, 0x0000000795b00000, 0x00000007b0000000)
  object space 93184K, 82% used [0x0000000790000000,0x0000000794b2d5e8,0x0000000795b00000)
 Metaspace       used 57078K, capacity 58592K, committed 58808K, reserved 1101824K
  class space    used 6627K, capacity 7081K, committed 7096K, reserved 1048576K
}
Event: 17.709 GC heap before
{Heap before GC invocations=61 (full 6):
 PSYoungGen      total 238592K, used 238587K [0x00000007b0000000, 0x00000007c0000000, 0x00000007c0000000)
  eden space 220160K, 100% used [0x00000007b0000000,0x00000007bd700000,0x00000007bd700000)
  from space 18432K, 99% used [0x00000007bee00000,0x00000007bfffedf0,0x00000007c0000000)
  to   space 20992K, 0% used [0x00000007bd700000,0x00000007bd700000,0x00000007beb80000)
 ParOldGen       total 93184K, used 76981K [0x0000000790000000, 0x0000000795b00000, 0x00000007b0000000)
  object space 93184K, 82% used [0x0000000790000000,0x0000000794b2d5e8,0x0000000795b00000)
 Metaspace       used 59102K, capacity 60540K, committed 60728K, reserved 1101824K
  class space    used 6926K, capacity 7393K, committed 7480K, reserved 1048576K
Event: 17.730 GC heap after
Heap after GC invocations=61 (full 6):
 PSYoungGen      total 241152K, used 20961K [0x00000007b0000000, 0x00000007c0000000, 0x00000007c0000000)
  eden space 220160K, 0% used [0x00000007b0000000,0x00000007b0000000,0x00000007bd700000)
  from space 20992K, 99% used [0x00000007bd700000,0x00000007beb786f8,0x00000007beb80000)
  to   space 20992K, 0% used [0x00000007beb80000,0x00000007beb80000,0x00000007c0000000)
 ParOldGen       total 93184K, used 77390K [0x0000000790000000, 0x0000000795b00000, 0x00000007b0000000)
  object space 93184K, 83% used [0x0000000790000000,0x0000000794b93a30,0x0000000795b00000)
 Metaspace       used 59102K, capacity 60540K, committed 60728K, reserved 1101824K
  class space    used 6926K, capacity 7393K, committed 7480K, reserved 1048576K
}
Event: 18.384 GC heap before
{Heap before GC invocations=62 (full 6):
 PSYoungGen      total 241152K, used 240295K [0x00000007b0000000, 0x00000007c0000000, 0x00000007c0000000)
  eden space 220160K, 99% used [0x00000007b0000000,0x00000007bd631658,0x00000007bd700000)
  from space 20992K, 99% used [0x00000007bd700000,0x00000007beb786f8,0x00000007beb80000)
  to   space 20992K, 0% used [0x00000007beb80000,0x00000007beb80000,0x00000007c0000000)
 ParOldGen       total 93184K, used 77390K [0x0000000790000000, 0x0000000795b00000, 0x00000007b0000000)
  object space 93184K, 83% used [0x0000000790000000,0x0000000794b93a30,0x0000000795b00000)
 Metaspace       used 61025K, capacity 62584K, committed 62648K, reserved 1103872K
  class space    used 7080K, capacity 7600K, committed 7608K, reserved 1048576K
Event: 18.425 GC heap after
Heap after GC invocations=62 (full 6):
 PSYoungGen      total 221696K, used 20960K [0x00000007b0000000, 0x00000007c0000000, 0x00000007c0000000)
  eden space 200704K, 0% used [0x00000007b0000000,0x00000007b0000000,0x00000007bc400000)
  from space 20992K, 99% used [0x00000007beb80000,0x00000007bfff8010,0x00000007c0000000)
  to   space 30720K, 0% used [0x00000007bc400000,0x00000007bc400000,0x00000007be200000)
 ParOldGen       total 93184K, used 87222K [0x0000000790000000, 0x0000000795b00000, 0x00000007b0000000)
  object space 93184K, 93% used [0x0000000790000000,0x000000079552da88,0x0000000795b00000)
 Metaspace       used 61025K, capacity 62584K, committed 62648K, reserved 1103872K
  class space    used 7080K, capacity 7600K, committed 7608K, reserved 1048576K
}
Event: 18.425 GC heap before
{Heap before GC invocations=63 (full 7):
 PSYoungGen      total 221696K, used 20960K [0x00000007b0000000, 0x00000007c0000000, 0x00000007c0000000)
  eden space 200704K, 0% used [0x00000007b0000000,0x00000007b0000000,0x00000007bc400000)
  from space 20992K, 99% used [0x00000007beb80000,0x00000007bfff8010,0x00000007c0000000)
  to   space 30720K, 0% used [0x00000007bc400000,0x00000007bc400000,0x00000007be200000)
 ParOldGen       total 93184K, used 87222K [0x0000000790000000, 0x0000000795b00000, 0x00000007b0000000)
  object space 93184K, 93% used [0x0000000790000000,0x000000079552da88,0x0000000795b00000)
 Metaspace       used 61025K, capacity 62584K, committed 62648K, reserved 1103872K
  class space    used 7080K, capacity 7600K, committed 7608K, reserved 1048576K
Event: 19.274 GC heap after
Heap after GC invocations=63 (full 7):
 PSYoungGen      total 221696K, used 13747K [0x00000007b0000000, 0x00000007c0000000, 0x00000007c0000000)
  eden space 200704K, 0% used [0x00000007b0000000,0x00000007b0000000,0x00000007bc400000)
  from space 20992K, 65% used [0x00000007beb80000,0x00000007bf8ecfe8,0x00000007c0000000)
  to   space 30720K, 0% used [0x00000007bc400000,0x00000007bc400000,0x00000007be200000)
 ParOldGen       total 113664K, used 92706K [0x0000000790000000, 0x0000000796f00000, 0x00000007b0000000)
  object space 113664K, 81% used [0x0000000790000000,0x0000000795a888b0,0x0000000796f00000)
 Metaspace       used 61025K, capacity 62584K, committed 62648K, reserved 1103872K
  class space    used 7080K, capacity 7600K, committed 7608K, reserved 1048576K
}

Deoptimization events (10 events):
Event: 13.008 Thread 0x00007fe7dbeed800 Uncommon trap: reason=unreached action=reinterpret pc=0x0000000104e2c4a4 method=java.lang.reflect.Method.equals(Ljava/lang/Object;)Z @ 1
Event: 13.188 Thread 0x00007fe7dbeed800 Uncommon trap: reason=bimorphic action=maybe_recompile pc=0x0000000104d88f30 method=groovy.lang.MetaMethod.getMopName()Ljava/lang/String; @ 8
Event: 14.765 Thread 0x00007fe7dbeed800 Uncommon trap: reason=unreached action=reinterpret pc=0x00000001046ea73c method=org.codehaus.groovy.runtime.metaclass.MetaMethodIndex.getMethods(Ljava/lang/Class;Ljava/lang/String;)Lorg/codehaus/groovy/runtime/metaclass/MetaMethodIndex$Entry; @ 61
Event: 14.960 Thread 0x00007fe7dbeed800 Uncommon trap: reason=unloaded action=reinterpret pc=0x0000000104693648 method=com.sun.beans.TypeResolver.resolve(Ljava/lang/reflect/Type;Ljava/lang/reflect/Type;)Ljava/lang/reflect/Type; @ 175
Event: 15.851 Thread 0x00007fe7dbeed800 Uncommon trap: reason=unloaded action=reinterpret pc=0x00000001050b6c08 method=com.sun.beans.TypeResolver.resolve(Ljava/lang/reflect/Type;Ljava/lang/reflect/Type;)Ljava/lang/reflect/Type; @ 175
Event: 16.261 Thread 0x00007fe7dbeed800 Uncommon trap: reason=unreached action=reinterpret pc=0x00000001048f3ba8 method=org.codehaus.groovy.runtime.metaclass.MetaMethodIndex.isNonRealMethod(Lgroovy/lang/MetaMethod;)Z @ 32
Event: 18.011 Thread 0x00007fe7dbeed800 Uncommon trap: reason=bimorphic action=maybe_recompile pc=0x000000010431a01c method=java.io.BufferedInputStream.read1([BII)I @ 39
Event: 18.021 Thread 0x00007fe7dbeed800 Uncommon trap: reason=bimorphic action=maybe_recompile pc=0x000000010431a01c method=java.io.BufferedInputStream.read1([BII)I @ 39
Event: 18.021 Thread 0x00007fe7dbeed800 Uncommon trap: reason=bimorphic action=maybe_recompile pc=0x000000010431a01c method=java.io.BufferedInputStream.read1([BII)I @ 39
Event: 18.023 Thread 0x00007fe7dbeed800 Uncommon trap: reason=bimorphic action=maybe_recompile pc=0x000000010431a01c method=java.io.BufferedInputStream.read1([BII)I @ 39

Internal exceptions (10 events):
Event: 18.383 Thread 0x00007fe7dbeed800 Exception <a 'java/security/PrivilegedActionException'> (0x00000007bd3d5730) thrown at [/HUDSON/workspace/8-2-build-macosx-x86_64/jdk8u5/2488/hotspot/src/share/vm/prims/jvm.cpp, line 1248]
Event: 18.384 Thread 0x00007fe7dbeed800 Exception <a 'java/security/PrivilegedActionException'> (0x00000007bd3e7470) thrown at [/HUDSON/workspace/8-2-build-macosx-x86_64/jdk8u5/2488/hotspot/src/share/vm/prims/jvm.cpp, line 1248]
Event: 18.384 Thread 0x00007fe7dbeed800 Exception <a 'java/security/PrivilegedActionException'> (0x00000007bd3fa6f8) thrown at [/HUDSON/workspace/8-2-build-macosx-x86_64/jdk8u5/2488/hotspot/src/share/vm/prims/jvm.cpp, line 1248]
Event: 18.384 Thread 0x00007fe7dbeed800 Exception <a 'java/security/PrivilegedActionException'> (0x00000007bd3fdd40) thrown at [/HUDSON/workspace/8-2-build-macosx-x86_64/jdk8u5/2488/hotspot/src/share/vm/prims/jvm.cpp, line 1248]
Event: 18.384 Thread 0x00007fe7dbeed800 Exception <a 'java/security/PrivilegedActionException'> (0x00000007bd40ac88) thrown at [/HUDSON/workspace/8-2-build-macosx-x86_64/jdk8u5/2488/hotspot/src/share/vm/prims/jvm.cpp, line 1248]
Event: 18.384 Thread 0x00007fe7dbeed800 Exception <a 'java/security/PrivilegedActionException'> (0x00000007bd428e18) thrown at [/HUDSON/workspace/8-2-build-macosx-x86_64/jdk8u5/2488/hotspot/src/share/vm/prims/jvm.cpp, line 1248]
Event: 18.384 Thread 0x00007fe7dbeed800 Exception <a 'java/lang/ClassNotFoundException': com/MekDays/MekEventControllerCustomizer> (0x00000007bd429d18) thrown at [/HUDSON/workspace/8-2-build-macosx-x86_64/jdk8u5/2488/hotspot/src/share/vm/classfile/systemDictionary.cpp, line 202]
Event: 19.279 Thread 0x00007fe7dbeed800 Exception <a 'java/security/PrivilegedActionException'> (0x00000007b0a34f18) thrown at [/HUDSON/workspace/8-2-build-macosx-x86_64/jdk8u5/2488/hotspot/src/share/vm/prims/jvm.cpp, line 1248]
Event: 19.280 Thread 0x00007fe7dbeed800 Exception <a 'java/security/PrivilegedActionException'> (0x00000007b0a39f80) thrown at [/HUDSON/workspace/8-2-build-macosx-x86_64/jdk8u5/2488/hotspot/src/share/vm/prims/jvm.cpp, line 1248]
Event: 19.289 Thread 0x00007fe7dbeed800 Exception <a 'java/security/PrivilegedActionException'> (0x00000007b15f15a0) thrown at [/HUDSON/workspace/8-2-build-macosx-x86_64/jdk8u5/2488/hotspot/src/share/vm/prims/jvm.cpp, line 1248]

Events (10 events):
Event: 18.384 loading class com/MekDays/MekEventControllerCustomizer
Event: 18.384 loading class com/MekDays/MekEventControllerCustomizer done
Event: 18.384 Executing VM operation: ParallelGCFailedAllocation
Event: 19.274 Executing VM operation: ParallelGCFailedAllocation done
Event: 19.278 Thread 0x00007fe7dbeed800 DEOPT PACKING pc=0x0000000104ca44d5 sp=0x000000011a6e01e0
Event: 19.278 Thread 0x00007fe7dbeed800 DEOPT UNPACKING pc=0x000000010424701a sp=0x000000011a6dffb8 mode 0
Event: 19.279 loading class org/codehaus/groovy/grails/commons/spring/OptimizedAutowireCapableBeanFactory$2
Event: 19.279 loading class org/codehaus/groovy/grails/commons/spring/OptimizedAutowireCapableBeanFactory$2 done
Event: 19.289 loading class org/codehaus/groovy/runtime/dgm$266
Event: 19.289 loading class org/codehaus/groovy/runtime/dgm$266 done


Dynamic libraries:
0x000000000b4b7000 	/System/Library/Frameworks/Cocoa.framework/Versions/A/Cocoa
0x000000000b4b7000 	/System/Library/Frameworks/Security.framework/Versions/A/Security
0x000000000b4b7000 	/System/Library/Frameworks/ApplicationServices.framework/Versions/A/ApplicationServices
0x000000000b4b7000 	/usr/lib/libz.1.dylib
0x000000000b4b7000 	/usr/lib/libSystem.B.dylib
0x000000000b4b7000 	/usr/lib/libobjc.A.dylib
0x000000000b4b7000 	/System/Library/Frameworks/CoreFoundation.framework/Versions/A/CoreFoundation
0x000000000b4b7000 	/System/Library/Frameworks/Foundation.framework/Versions/C/Foundation
0x000000000b4b7000 	/System/Library/Frameworks/AppKit.framework/Versions/C/AppKit
0x000000000b4b7000 	/System/Library/Frameworks/CoreData.framework/Versions/A/CoreData
0x000000000b4b7000 	/System/Library/PrivateFrameworks/RemoteViewServices.framework/Versions/A/RemoteViewServices
0x000000000b4b7000 	/System/Library/Frameworks/AudioToolbox.framework/Versions/A/AudioToolbox
0x000000000b4b7000 	/System/Library/Frameworks/AudioUnit.framework/Versions/A/AudioUnit
0x000000000b4b7000 	/System/Library/PrivateFrameworks/DataDetectorsCore.framework/Versions/A/DataDetectorsCore
0x000000000b4b7000 	/System/Library/PrivateFrameworks/DesktopServicesPriv.framework/Versions/A/DesktopServicesPriv
0x000000000b4b7000 	/System/Library/Frameworks/Carbon.framework/Versions/A/Frameworks/HIToolbox.framework/Versions/A/HIToolbox
0x000000000b4b7000 	/System/Library/Frameworks/QuartzCore.framework/Versions/A/QuartzCore
0x000000000b4b7000 	/System/Library/Frameworks/Carbon.framework/Versions/A/Frameworks/SpeechRecognition.framework/Versions/A/SpeechRecognition
0x000000000b4b7000 	/usr/lib/libauto.dylib
0x000000000b4b7000 	/usr/lib/libicucore.A.dylib
0x000000000b4b7000 	/usr/lib/libxml2.2.dylib
0x000000000b4b7000 	/System/Library/PrivateFrameworks/CoreUI.framework/Versions/A/CoreUI
0x000000000b4b7000 	/System/Library/Frameworks/CoreAudio.framework/Versions/A/CoreAudio
0x000000000b4b7000 	/System/Library/Frameworks/DiskArbitration.framework/Versions/A/DiskArbitration
0x000000000b4b7000 	/usr/lib/liblangid.dylib
0x000000000b4b7000 	/System/Library/PrivateFrameworks/MultitouchSupport.framework/Versions/A/MultitouchSupport
0x000000000b4b7000 	/System/Library/Frameworks/IOKit.framework/Versions/A/IOKit
0x000000000b4b7000 	/usr/lib/libDiagnosticMessagesClient.dylib
0x000000000b4b7000 	/System/Library/Frameworks/CoreServices.framework/Versions/A/CoreServices
0x000000000b4b7000 	/System/Library/PrivateFrameworks/PerformanceAnalysis.framework/Versions/A/PerformanceAnalysis
0x000000000b4b7000 	/System/Library/PrivateFrameworks/GenerationalStorage.framework/Versions/A/GenerationalStorage
0x000000000b4b7000 	/System/Library/Frameworks/OpenGL.framework/Versions/A/OpenGL
0x000000000b4b7000 	/System/Library/PrivateFrameworks/Sharing.framework/Versions/A/Sharing
0x000000000b4b7000 	/System/Library/Frameworks/ImageIO.framework/Versions/A/ImageIO
0x000000000b4b7000 	/System/Library/Frameworks/CoreText.framework/Versions/A/CoreText
0x000000000b4b7000 	/System/Library/Frameworks/CoreGraphics.framework/Versions/A/CoreGraphics
0x000000000b4b7000 	/System/Library/PrivateFrameworks/Backup.framework/Versions/A/Backup
0x000000000b4b7000 	/System/Library/Frameworks/CFNetwork.framework/Versions/A/CFNetwork
0x000000000b4b7000 	/System/Library/Frameworks/SystemConfiguration.framework/Versions/A/SystemConfiguration
0x000000000b4b7000 	/usr/lib/libCRFSuite.dylib
0x000000000b4b7000 	/usr/lib/libc++.1.dylib
0x000000000b4b7000 	/usr/lib/libc++abi.dylib
0x000000000b4b7000 	/usr/lib/system/libcache.dylib
0x000000000b4b7000 	/usr/lib/system/libcommonCrypto.dylib
0x000000000b4b7000 	/usr/lib/system/libcompiler_rt.dylib
0x000000000b4b7000 	/usr/lib/system/libcopyfile.dylib
0x000000000b4b7000 	/usr/lib/system/libcorecrypto.dylib
0x000000000b4b7000 	/usr/lib/system/libdispatch.dylib
0x000000000b4b7000 	/usr/lib/system/libdyld.dylib
0x000000000b4b7000 	/usr/lib/system/libkeymgr.dylib
0x000000000b4b7000 	/usr/lib/system/liblaunch.dylib
0x000000000b4b7000 	/usr/lib/system/libmacho.dylib
0x000000000b4b7000 	/usr/lib/system/libquarantine.dylib
0x000000000b4b7000 	/usr/lib/system/libremovefile.dylib
0x000000000b4b7000 	/usr/lib/system/libsystem_asl.dylib
0x000000000b4b7000 	/usr/lib/system/libsystem_blocks.dylib
0x000000000b4b7000 	/usr/lib/system/libsystem_c.dylib
0x000000000b4b7000 	/usr/lib/system/libsystem_configuration.dylib
0x000000000b4b7000 	/usr/lib/system/libsystem_dnssd.dylib
0x000000000b4b7000 	/usr/lib/system/libsystem_info.dylib
0x000000000b4b7000 	/usr/lib/system/libsystem_kernel.dylib
0x000000000b4b7000 	/usr/lib/system/libsystem_m.dylib
0x000000000b4b7000 	/usr/lib/system/libsystem_malloc.dylib
0x000000000b4b7000 	/usr/lib/system/libsystem_network.dylib
0x000000000b4b7000 	/usr/lib/system/libsystem_notify.dylib
0x000000000b4b7000 	/usr/lib/system/libsystem_platform.dylib
0x000000000b4b7000 	/usr/lib/system/libsystem_pthread.dylib
0x000000000b4b7000 	/usr/lib/system/libsystem_sandbox.dylib
0x000000000b4b7000 	/usr/lib/system/libsystem_stats.dylib
0x000000000b4b7000 	/usr/lib/system/libunc.dylib
0x000000000b4b7000 	/usr/lib/system/libunwind.dylib
0x000000000b4b7000 	/usr/lib/system/libxpc.dylib
0x000000000b4b7000 	/usr/lib/libbsm.0.dylib
0x000000000b4b7000 	/usr/lib/libsqlite3.dylib
0x000000000b4b7000 	/usr/lib/libxar.1.dylib
0x000000000b4b7000 	/usr/lib/libpam.2.dylib
0x000000000b4b7000 	/usr/lib/libOpenScriptingUtil.dylib
0x000000000b4b7000 	/usr/lib/libbz2.1.0.dylib
0x000000000b4b7000 	/System/Library/Frameworks/CoreServices.framework/Versions/A/Frameworks/CarbonCore.framework/Versions/A/CarbonCore
0x000000000b4b7000 	/System/Library/Frameworks/CoreServices.framework/Versions/A/Frameworks/Metadata.framework/Versions/A/Metadata
0x000000000b4b7000 	/System/Library/Frameworks/CoreServices.framework/Versions/A/Frameworks/OSServices.framework/Versions/A/OSServices
0x000000000b4b7000 	/System/Library/Frameworks/CoreServices.framework/Versions/A/Frameworks/SearchKit.framework/Versions/A/SearchKit
0x000000000b4b7000 	/System/Library/Frameworks/CoreServices.framework/Versions/A/Frameworks/AE.framework/Versions/A/AE
0x000000000b4b7000 	/System/Library/Frameworks/CoreServices.framework/Versions/A/Frameworks/LaunchServices.framework/Versions/A/LaunchServices
0x000000000b4b7000 	/System/Library/Frameworks/CoreServices.framework/Versions/A/Frameworks/DictionaryServices.framework/Versions/A/DictionaryServices
0x000000000b4b7000 	/System/Library/Frameworks/NetFS.framework/Versions/A/NetFS
0x000000000b4b7000 	/usr/lib/system/libkxld.dylib
0x000000000b4b7000 	/System/Library/PrivateFrameworks/NetAuth.framework/Versions/A/NetAuth
0x000000000b4b7000 	/System/Library/PrivateFrameworks/TCC.framework/Versions/A/TCC
0x000000000b4b7000 	/System/Library/Frameworks/OpenDirectory.framework/Versions/A/Frameworks/CFOpenDirectory.framework/Versions/A/CFOpenDirectory
0x000000000b4b7000 	/System/Library/Frameworks/ServiceManagement.framework/Versions/A/ServiceManagement
0x000000000b4b7000 	/usr/lib/libxslt.1.dylib
0x000000000b4b7000 	/System/Library/Frameworks/Carbon.framework/Versions/A/Frameworks/Ink.framework/Versions/A/Ink
0x000000000b4b7000 	/System/Library/Frameworks/ApplicationServices.framework/Versions/A/Frameworks/ATS.framework/Versions/A/ATS
0x000000000b4b7000 	/System/Library/Frameworks/ApplicationServices.framework/Versions/A/Frameworks/ColorSync.framework/Versions/A/ColorSync
0x000000000b4b7000 	/System/Library/Frameworks/ApplicationServices.framework/Versions/A/Frameworks/HIServices.framework/Versions/A/HIServices
0x000000000b4b7000 	/System/Library/Frameworks/ApplicationServices.framework/Versions/A/Frameworks/LangAnalysis.framework/Versions/A/LangAnalysis
0x000000000b4b7000 	/System/Library/Frameworks/ApplicationServices.framework/Versions/A/Frameworks/PrintCore.framework/Versions/A/PrintCore
0x000000000b4b7000 	/System/Library/Frameworks/ApplicationServices.framework/Versions/A/Frameworks/QD.framework/Versions/A/QD
0x000000000b4b7000 	/System/Library/Frameworks/ApplicationServices.framework/Versions/A/Frameworks/SpeechSynthesis.framework/Versions/A/SpeechSynthesis
0x000000000b4b7000 	/System/Library/Frameworks/IOSurface.framework/Versions/A/IOSurface
0x000000000b4b7000 	/System/Library/Frameworks/Accelerate.framework/Versions/A/Accelerate
0x000000000b4b7000 	/System/Library/Frameworks/Accelerate.framework/Versions/A/Frameworks/vImage.framework/Versions/A/vImage
0x000000000b4b7000 	/System/Library/Frameworks/Accelerate.framework/Versions/A/Frameworks/vecLib.framework/Versions/A/vecLib
0x000000000b4b7000 	/System/Library/Frameworks/Accelerate.framework/Versions/A/Frameworks/vecLib.framework/Versions/A/libvDSP.dylib
0x000000000b4b7000 	/System/Library/Frameworks/Accelerate.framework/Versions/A/Frameworks/vecLib.framework/Versions/A/libvMisc.dylib
0x000000000b4b7000 	/System/Library/Frameworks/Accelerate.framework/Versions/A/Frameworks/vecLib.framework/Versions/A/libLAPACK.dylib
0x000000000b4b7000 	/System/Library/Frameworks/Accelerate.framework/Versions/A/Frameworks/vecLib.framework/Versions/A/libBLAS.dylib
0x000000000b4b7000 	/System/Library/Frameworks/ApplicationServices.framework/Versions/A/Frameworks/ATS.framework/Versions/A/Resources/libFontParser.dylib
0x000000000b4b7000 	/System/Library/Frameworks/ApplicationServices.framework/Versions/A/Frameworks/ATS.framework/Versions/A/Resources/libFontRegistry.dylib
0x000000000b4b7000 	/System/Library/Frameworks/ImageIO.framework/Versions/A/Resources/libJPEG.dylib
0x000000000b4b7000 	/System/Library/Frameworks/ImageIO.framework/Versions/A/Resources/libTIFF.dylib
0x000000000b4b7000 	/System/Library/Frameworks/ImageIO.framework/Versions/A/Resources/libPng.dylib
0x000000000b4b7000 	/System/Library/Frameworks/ImageIO.framework/Versions/A/Resources/libGIF.dylib
0x000000000b4b7000 	/System/Library/Frameworks/ImageIO.framework/Versions/A/Resources/libJP2.dylib
0x000000000b4b7000 	/System/Library/Frameworks/ImageIO.framework/Versions/A/Resources/libRadiance.dylib
0x000000000b4b7000 	/usr/lib/libcups.2.dylib
0x000000000b4b7000 	/System/Library/Frameworks/Kerberos.framework/Versions/A/Kerberos
0x000000000b4b7000 	/System/Library/Frameworks/GSS.framework/Versions/A/GSS
0x000000000b4b7000 	/usr/lib/libresolv.9.dylib
0x000000000b4b7000 	/usr/lib/libiconv.2.dylib
0x000000000b4b7000 	/System/Library/PrivateFrameworks/Heimdal.framework/Versions/A/Heimdal
0x000000000b4b7000 	/System/Library/PrivateFrameworks/TrustEvaluationAgent.framework/Versions/A/TrustEvaluationAgent
0x000000000b4b7000 	/usr/lib/libheimdal-asn1.dylib
0x000000000b4b7000 	/System/Library/Frameworks/OpenDirectory.framework/Versions/A/OpenDirectory
0x000000000b4b7000 	/System/Library/PrivateFrameworks/CommonAuth.framework/Versions/A/CommonAuth
0x000000000b4b7000 	/System/Library/Frameworks/SecurityFoundation.framework/Versions/A/SecurityFoundation
0x000000000b4b7000 	/System/Library/PrivateFrameworks/Bom.framework/Versions/A/Bom
0x000000000b4b7000 	/System/Library/Frameworks/CoreVideo.framework/Versions/A/CoreVideo
0x000000000b4b7000 	/System/Library/Frameworks/QuartzCore.framework/Versions/A/Frameworks/CoreImage.framework/Versions/A/CoreImage
0x000000000b4b7000 	/System/Library/Frameworks/QuartzCore.framework/Versions/A/Frameworks/ScalableUserInterface.framework/Versions/A/ScalableUserInterface
0x000000000b4b7000 	/System/Library/Frameworks/OpenGL.framework/Versions/A/Libraries/libGLU.dylib
0x000000000b4b7000 	/System/Library/Frameworks/OpenGL.framework/Versions/A/Libraries/libGFXShared.dylib
0x000000000b4b7000 	/System/Library/Frameworks/OpenGL.framework/Versions/A/Libraries/libGL.dylib
0x000000000b4b7000 	/System/Library/Frameworks/OpenGL.framework/Versions/A/Libraries/libGLImage.dylib
0x000000000b4b7000 	/System/Library/Frameworks/OpenGL.framework/Versions/A/Libraries/libCVMSPluginSupport.dylib
0x000000000b4b7000 	/System/Library/Frameworks/OpenGL.framework/Versions/A/Libraries/libCoreVMClient.dylib
0x000000000b4b7000 	/System/Library/PrivateFrameworks/FaceCore.framework/Versions/A/FaceCore
0x000000000b4b7000 	/System/Library/PrivateFrameworks/CrashReporterSupport.framework/Versions/A/CrashReporterSupport
0x000000000b4b7000 	/System/Library/Frameworks/OpenCL.framework/Versions/A/OpenCL
0x000000000b4b7000 	/System/Library/PrivateFrameworks/AppleFSCompression.framework/Versions/A/AppleFSCompression
0x000000000b4b7000 	/System/Library/PrivateFrameworks/Ubiquity.framework/Versions/A/Ubiquity
0x000000000b4b7000 	/System/Library/PrivateFrameworks/IconServices.framework/Versions/A/IconServices
0x000000000b4b7000 	/System/Library/PrivateFrameworks/ChunkingLibrary.framework/Versions/A/ChunkingLibrary
0x000000000b4b7000 	/System/Library/PrivateFrameworks/CoreSymbolication.framework/Versions/A/CoreSymbolication
0x000000000b4b7000 	/System/Library/PrivateFrameworks/Symbolication.framework/Versions/A/Symbolication
0x000000000b4b7000 	/System/Library/PrivateFrameworks/DebugSymbols.framework/Versions/A/DebugSymbols
0x000000010285d000 	/Library/Java/JavaVirtualMachines/jdk1.8.0_05.jdk/Contents/Home/jre/lib/server/libjvm.dylib
0x000000000b4b7000 	/usr/lib/libstdc++.6.dylib
0x0000000103820000 	/Library/Java/JavaVirtualMachines/jdk1.8.0_05.jdk/Contents/Home/jre/lib/libverify.dylib
0x000000010382e000 	/Library/Java/JavaVirtualMachines/jdk1.8.0_05.jdk/Contents/Home/jre/lib/libjava.dylib
0x0000000103863000 	/Library/Java/JavaVirtualMachines/jdk1.8.0_05.jdk/Contents/Home/jre/lib/libinstrument.dylib
0x00000001038d7000 	/Library/Java/JavaVirtualMachines/jdk1.8.0_05.jdk/Contents/Home/jre/lib/libzip.dylib
0x0000000117279000 	/System/Library/Frameworks/JavaVM.framework/Frameworks/JavaRuntimeSupport.framework/JavaRuntimeSupport
0x0000000117291000 	/System/Library/Frameworks/JavaVM.framework/Versions/A/Frameworks/JavaNativeFoundation.framework/Versions/A/JavaNativeFoundation
0x00000001039ef000 	/System/Library/Frameworks/JavaVM.framework/Versions/A/JavaVM
0x000000000b4b7000 	/System/Library/Frameworks/Carbon.framework/Versions/A/Carbon
0x00000001172a6000 	/System/Library/PrivateFrameworks/JavaLaunching.framework/Versions/A/JavaLaunching
0x000000000b4b7000 	/System/Library/Frameworks/Carbon.framework/Versions/A/Frameworks/CommonPanels.framework/Versions/A/CommonPanels
0x000000000b4b7000 	/System/Library/Frameworks/Carbon.framework/Versions/A/Frameworks/Help.framework/Versions/A/Help
0x000000000b4b7000 	/System/Library/Frameworks/Carbon.framework/Versions/A/Frameworks/ImageCapture.framework/Versions/A/ImageCapture
0x000000000b4b7000 	/System/Library/Frameworks/Carbon.framework/Versions/A/Frameworks/OpenScripting.framework/Versions/A/OpenScripting
0x000000000b4b7000 	/System/Library/Frameworks/Carbon.framework/Versions/A/Frameworks/Print.framework/Versions/A/Print
0x000000000b4b7000 	/System/Library/Frameworks/Carbon.framework/Versions/A/Frameworks/SecurityHI.framework/Versions/A/SecurityHI
0x0000000117f22000 	/private/var/folders/tf/qh2f2zgx4pqdw2y0gnnmslhh0000gn/T/libjansi-64-5142676892025076563.jnilib
0x0000000117beb000 	/Library/Java/JavaVirtualMachines/jdk1.8.0_05.jdk/Contents/Home/jre/lib/libnet.dylib
0x0000000117c01000 	/Library/Java/JavaVirtualMachines/jdk1.8.0_05.jdk/Contents/Home/jre/lib/libmanagement.dylib
0x000000011849f000 	/Library/Java/JavaVirtualMachines/jdk1.8.0_05.jdk/Contents/Home/jre/lib/libnio.dylib

VM Arguments:
jvm_args: -Dfile.encoding=UTF-8 -Xmx768M -Xms64M -Dgrails.fork.active=true -Dgrails.build.execution.context=/private/var/folders/tf/qh2f2zgx4pqdw2y0gnnmslhh0000gn/T/MekDays403440719656483441grails-execution-context -Dgrails.home=/Users/josephmari/.gvm/grails/2.4.0 -javaagent:/Users/josephmari/.gvm/grails/2.4.0/lib/org.springframework/springloaded/jars/springloaded-1.2.0.RELEASE.jar -Xverify:none -Dspringloaded.synchronize=true -Djdk.reflect.allowGetCallerClass=true -Dspringloaded=profile=grails;cacheDir=/Users/josephmari/.grails/2.4.0 
java_command: org.grails.plugins.tomcat.fork.ForkedTomcatServer
java_class_path (initial): /Library/Java/JavaVirtualMachines/jdk1.8.0_05.jdk/Contents/Home/lib/tools.jar:/Users/josephmari/.m2/repository/org/codehaus/groovy/groovy-all/2.3.1/groovy-all-2.3.1.jar:/Users/josephmari/.m2/repository/org/slf4j/jcl-over-slf4j/1.7.5/jcl-over-slf4j-1.7.5.jar:/Users/josephmari/.gvm/grails/current/lib/org.codehaus.gant/gant_groovy1.8/jars/gant_groovy1.8-1.9.6.jar:/Users/josephmari/.m2/repository/org/apache/tomcat/embed/tomcat-embed-logging-log4j/7.0.50/tomcat-embed-logging-log4j-7.0.50.jar:/Users/josephmari/.m2/repository/org/grails/grails-plugin-log4j/2.4.0/grails-plugin-log4j-2.4.0.jar:/Users/josephmari/.m2/repository/log4j/log4j/1.2.17/log4j-1.2.17.jar:/Users/josephmari/.m2/repository/org/grails/grails-bootstrap/2.4.0/grails-bootstrap-2.4.0.jar:/Users/josephmari/.m2/repository/org/slf4j/slf4j-api/1.7.5/slf4j-api-1.7.5.jar:/Users/josephmari/.m2/repository/org/apache/ant/ant/1.8.4/ant-1.8.4.jar:/Users/josephmari/.m2/repository/jline/jline/2.11/jline-2.11.jar:/Users/josephmari/.m2/repository/org/apache/ant/ant-launcher/1.8.4/ant-launcher-1.8.4.jar:/Users/josephmari/.m2/repository/org/apache/ant/ant-trax/1.7.1/ant-trax-1.7.1.jar:/Users/josephmari/.m2/repository/org/apache/ant/ant-junit/1.8.4/ant-junit-1.8.4.jar:/Users/josephmari/.m2/repository/org/apache/ivy/ivy/2.3.0/ivy-2.3.0.jar:/Users/josephmari/.m2/repository/org/fusesource/jansi/jansi/1.11/jansi-1.11.jar:/Users/josephmari/.m2/repository/org/apache/tomcat/embed/tomcat-embed-el/7.0.53/tomcat-embed-el-7.0.53.jar:/Users/josephmari/.m2/repository/org/apache/tomcat/embed/tomcat-embed-logging-log4j/7.0.53/tomcat-embed-logging-log4j-7.0.53.jar:/Users/josephmari/.m2/repository/org/apache/tomcat/embed/tomcat-embed-websocket/7.0.53/tomcat-embed-websocket-7.0.53.jar:/Users/josephmari/.m2/repository/org/apache/tomcat/embed/tomcat-embed-core/7.0.53/tomcat-embed-core-7.0.53.jar:/Users/josephmari/.m2/repository/org/apache/tomcat/tomcat-catalina-ant/7.0.53/tomcat-catalina-ant-7.0.53.jar:/Users/josephma
Launcher Type: SUN_STANDARD

Environment Variables:
JAVA_HOME=/Library/Java/JavaVirtualMachines/jdk1.8.0_05.jdk/Contents/Home
PATH=/Users/josephmari/.gvm/vertx/current/bin:/Users/josephmari/.gvm/springboot/current/bin:/Users/josephmari/.gvm/lazybones/current/bin:/Users/josephmari/.gvm/groovyserv/current/bin:/Users/josephmari/.gvm/groovy/current/bin:/Users/josephmari/.gvm/griffon/current/bin:/Users/josephmari/.gvm/grails/current/bin:/Users/josephmari/.gvm/gradle/current/bin:/Users/josephmari/.gvm/glide/current/bin:/Users/josephmari/.gvm/gaiden/current/bin:/usr/bin:/bin:/usr/sbin:/sbin:/usr/local/bin:/Users/josephmari/neo4j/neo4j-community-2.1.1/bin/
SHELL=/bin/bash

Signal Handlers:
SIGSEGV: [libjvm.dylib+0x55f7df], sa_mask[0]=0xfffefeff, sa_flags=0x00000043
SIGBUS: [libjvm.dylib+0x55f7df], sa_mask[0]=0xfffefeff, sa_flags=0x00000042
SIGFPE: [libjvm.dylib+0x442cfa], sa_mask[0]=0xfffefeff, sa_flags=0x00000042
SIGPIPE: [libjvm.dylib+0x442cfa], sa_mask[0]=0xfffefeff, sa_flags=0x00000042
SIGXFSZ: [libjvm.dylib+0x442cfa], sa_mask[0]=0xfffefeff, sa_flags=0x00000042
SIGILL: [libjvm.dylib+0x442cfa], sa_mask[0]=0xfffefeff, sa_flags=0x00000042
SIGUSR1: SIG_DFL, sa_mask[0]=0x63807efb, sa_flags=0x00000000
SIGUSR2: [libjvm.dylib+0x442818], sa_mask[0]=0x00000004, sa_flags=0x00000042
SIGHUP: [libjvm.dylib+0x440ba5], sa_mask[0]=0xfffefeff, sa_flags=0x00000042
SIGINT: [libjvm.dylib+0x440ba5], sa_mask[0]=0xfffefeff, sa_flags=0x00000042
SIGTERM: [libjvm.dylib+0x440ba5], sa_mask[0]=0xfffefeff, sa_flags=0x00000042
SIGQUIT: [libjvm.dylib+0x440ba5], sa_mask[0]=0xfffefeff, sa_flags=0x00000042


---------------  S Y S T E M  ---------------

OS:Bsduname:Darwin 13.2.0 Darwin Kernel Version 13.2.0: Thu Apr 17 23:03:13 PDT 2014; root:xnu-2422.100.13~1/RELEASE_X86_64 x86_64
rlimit: STACK 8192k, CORE infinity, NPROC 709, NOFILE 10240, AS infinity
load average:2.70 1.82 1.71

CPU:total 4 (2 cores per cpu, 2 threads per core) family 6 model 69 stepping 1, cmov, cx8, fxsr, mmx, sse, sse2, sse3, ssse3, sse4.1, sse4.2, popcnt, avx, avx2, aes, clmul, erms, ht, tsc, tscinvbit

Memory: 4k page, physical 4194304k(1050104k free)

/proc/meminfo:


vm_info: Java HotSpot(TM) 64-Bit Server VM (25.5-b02) for bsd-amd64 JRE (1.8.0_05-b13), built on Mar 18 2014 00:36:13 by "java_re" with gcc 4.2.1 (Based on Apple Inc. build 5658) (LLVM build 2336.11.00)

time: Tue Jun 10 10:44:05 2014
elapsed time: 19 seconds

