#
# A fatal error has been detected by the Java Runtime Environment:
#
#  SIGSEGV (0xb) at pc=0x0000000107c332f0, pid=2716, tid=18691
#
# JRE version: Java(TM) SE Runtime Environment (8.0_05-b13) (build 1.8.0_05-b13)
# Java VM: Java HotSpot(TM) 64-Bit Server VM (25.5-b02 mixed mode bsd-amd64 compressed oops)
# Problematic frame:
# V  [libjvm.dylib+0xd02f0]  OopFlow::build_oop_map(Node*, int, PhaseRegAlloc*, int*)+0xd2
#
# Failed to write core dump. Core dumps have been disabled. To enable core dumping, try "ulimit -c unlimited" before starting Java again
#
# If you would like to submit a bug report, please visit:
#   http://bugreport.sun.com/bugreport/crash.jsp
#

---------------  T H R E A D  ---------------

Current thread (0x00007fc4db801000):  JavaThread "C2 CompilerThread1" daemon [_thread_in_native, id=18691, stack(0x000000011caa0000,0x000000011cba0000)]

siginfo:si_signo=SIGSEGV: si_errno=0, si_code=1 (SEGV_MAPERR), si_addr=0x0000000000000000

Registers:
RAX=0x00007fc4db421208, RBX=0x00007fc4ddf92538, RCX=0x0000000000000000, RDX=0x0000000000000008
RSP=0x000000011cb9c870, RBP=0x000000011cb9c8e0, RSI=0x000000000000001c, RDI=0x0000000000000000
R8 =0x00007fc4de913c80, R9 =0x00007fc4dc104a78, R10=0x0000000000000061, R11=0x00000000000008d0
R12=0x0000000000000000, R13=0x0000000000000013, R14=0x00007fc4ddf92538, R15=0x00000000000000c0
RIP=0x0000000107c332f0, EFLAGS=0x0000000000010206, ERR=0x0000000000000004
  TRAPNO=0x000000000000000e

Top of Stack: (sp=0x000000011cb9c870)
0x000000011cb9c870:   000000011cb9c8e0 00000000000000da
0x000000011cb9c880:   00007fc4de913c80 00007fc4dc432470
0x000000011cb9c890:   00007fc4db4218e0 0000001c00000008
0x000000011cb9c8a0:   000000011cb9d550 00007fc4db421910
0x000000011cb9c8b0:   00000000000000b8 00007fc4db4218e0
0x000000011cb9c8c0:   0000000000000012 0000000000000013
0x000000011cb9c8d0:   00007fc4ddf92538 00007fc4db42ffff
0x000000011cb9c8e0:   000000011cb9c940 0000000107c3300d
0x000000011cb9c8f0:   000000011cb9c940 000000da1cb9efd0
0x000000011cb9c900:   00007fc4de90f760 0000000adb421200
0x000000011cb9c910:   000000011cb9d550 00007fc4dc1051f8
0x000000011cb9c920:   00007fc4db4218e0 0000000000000004
0x000000011cb9c930:   00007fc4db41e390 00007fc4db421010
0x000000011cb9c940:   000000011cb9ca40 0000000107c33f3b
0x000000011cb9c950:   0000000000f89400 0000000000000007
0x000000011cb9c960:   0000000000000007 00007fc4de91197c
0x000000011cb9c970:   00000000000000da 000000000000001c
0x000000011cb9c980:   00007fc4de91197c 00007fc4d9f09460
0x000000011cb9c990:   000000011cb9efd0 0000000000000007
0x000000011cb9c9a0:   00007fc4de91197c 0000000000000007
0x000000011cb9c9b0:   ffffffffffffffff 000000011cb9d680
0x000000011cb9c9c0:   00007fc4dc104a78 00007fc4de90f760
0x000000011cb9c9d0:   00000000000006d0 00000000000001b4
0x000000011cb9c9e0:   0000000000000000 0000000100000080
0x000000011cb9c9f0:   00007fc4d9f09460 00007fc4de911d80
0x000000011cb9ca00:   00007fc400000004 0000000000000014
0x000000011cb9ca10:   0000000000000000 000000011cb9efd0
0x000000011cb9ca20:   000000011cb9d680 00000000000009e0
0x000000011cb9ca30:   00007fc4de90c410 000000011cb9f798
0x000000011cb9ca40:   000000011cb9ca90 0000000107fae7d8
0x000000011cb9ca50:   00007fc4ddf91980 00007fc4dc0ff468
0x000000011cb9ca60:   000000011cb9f140 000000011cb9efd0 

Instructions: (pc=0x0000000107c332f0)
0x0000000107c332d0:   00 00 44 89 ff 8b 75 bc 8b 55 b8 e8 fa 0c 00 00
0x0000000107c332e0:   48 89 45 d0 48 8b 45 b0 48 8b 40 08 4e 8b 24 f8
0x0000000107c332f0:   49 8b 04 24 4c 89 e7 ff 50 28 48 63 48 10 48 89
0x0000000107c33300:   ca 48 c1 e2 05 48 8d 35 74 8a 6f 00 80 7c 16 10 

Register to memory mapping:

RAX=0x00007fc4db421208 is an unknown value
RBX=0x00007fc4ddf92538 is an unknown value
RCX=0x0000000000000000 is an unknown value
RDX=0x0000000000000008 is an unknown value
RSP=0x000000011cb9c870 is pointing into the stack for thread: 0x00007fc4db801000
RBP=0x000000011cb9c8e0 is pointing into the stack for thread: 0x00007fc4db801000
RSI=0x000000000000001c is an unknown value
RDI=0x0000000000000000 is an unknown value
R8 =0x00007fc4de913c80 is an unknown value
R9 =0x00007fc4dc104a78 is an unknown value
R10=0x0000000000000061 is an unknown value
R11=0x00000000000008d0 is an unknown value
R12=0x0000000000000000 is an unknown value
R13=0x0000000000000013 is an unknown value
R14=0x00007fc4ddf92538 is an unknown value
R15=0x00000000000000c0 is an unknown value


Stack: [0x000000011caa0000,0x000000011cba0000],  sp=0x000000011cb9c870,  free space=1010k
Native frames: (J=compiled Java code, j=interpreted, Vv=VM code, C=native code)
V  [libjvm.dylib+0xd02f0]  OopFlow::build_oop_map(Node*, int, PhaseRegAlloc*, int*)+0xd2
V  [libjvm.dylib+0xd000d]  OopFlow::compute_reach(PhaseRegAlloc*, int, Dict*)+0xa9
V  [libjvm.dylib+0xd0f3b]  Compile::BuildOopMaps()+0x92d
V  [libjvm.dylib+0x44b7d8]  Compile::Output()+0x40c
V  [libjvm.dylib+0x19d040]  Compile::Code_Gen()+0x21a
V  [libjvm.dylib+0x1a0a7b]  Compile::Compile(ciEnv*, C2Compiler*, ciMethod*, int, bool, bool, bool)+0x905
V  [libjvm.dylib+0x143eb2]  C2Compiler::compile_method(ciEnv*, ciMethod*, int)+0xac
V  [libjvm.dylib+0x1a431c]  CompileBroker::invoke_compiler_on_method(CompileTask*)+0x5b2
V  [libjvm.dylib+0x1a642b]  CompileBroker::compiler_thread_loop()+0x2d5
V  [libjvm.dylib+0x51ccf5]  JavaThread::thread_main_inner()+0x9b
V  [libjvm.dylib+0x51e432]  JavaThread::run()+0x1c2
V  [libjvm.dylib+0x445426]  java_start(Thread*)+0xf6
C  [libsystem_pthread.dylib+0x1899]  _pthread_body+0x8a
C  [libsystem_pthread.dylib+0x172a]  _pthread_struct_init+0x0
C  [libsystem_pthread.dylib+0x5fc9]  thread_start+0xd


Current CompileTask:
C2:  14600 4858       4       groovy.lang.MetaClassImpl::findPropertyMethod (356 bytes)


---------------  P R O C E S S  ---------------

Java Threads: ( => current thread )
  0x00007fc4daa21000 JavaThread "net.sf.ehcache.CacheManager@1355fb55" daemon [_thread_blocked, id=24835, stack(0x00000001207b1000,0x00000001208b1000)]
  0x00007fc4dc17e800 JavaThread "PoolCleaner[2036884622:1402408764274]" daemon [_thread_blocked, id=24323, stack(0x000000012015a000,0x000000012025a000)]
  0x00007fc4dc83a000 JavaThread "FileSystemWatcher: files=#94 cl=groovy.lang.GroovyClassLoader@7968648e" daemon [_thread_blocked, id=23811, stack(0x000000011f257000,0x000000011f357000)]
  0x00007fc4db6f3800 JavaThread "Thread-3" daemon [_thread_in_native, id=23299, stack(0x000000011f154000,0x000000011f254000)]
  0x00007fc4dc197000 JavaThread "localhost-startStop-1" daemon [_thread_in_Java, id=22787, stack(0x000000011ea32000,0x000000011eb32000)]
  0x00007fc4dc1b2800 JavaThread "Tomcat-startStop-1" daemon [_thread_blocked, id=22275, stack(0x000000011e09f000,0x000000011e19f000)]
  0x00007fc4daff7000 JavaThread "Thread-2" [_thread_in_native, id=21763, stack(0x000000011d94b000,0x000000011da4b000)]
  0x00007fc4db255000 JavaThread "NonBlockingInputStreamThread" daemon [_thread_blocked, id=21251, stack(0x000000011d519000,0x000000011d619000)]
  0x00007fc4db254800 JavaThread "process reaper" daemon [_thread_blocked, id=20739, stack(0x000000011cfc0000,0x000000011cfe8000)]
  0x00007fc4da019000 JavaThread "Service Thread" daemon [_thread_blocked, id=19715, stack(0x000000011cca6000,0x000000011cda6000)]
  0x00007fc4db803800 JavaThread "C1 CompilerThread2" daemon [_thread_blocked, id=19203, stack(0x000000011cba3000,0x000000011cca3000)]
=>0x00007fc4db801000 JavaThread "C2 CompilerThread1" daemon [_thread_in_native, id=18691, stack(0x000000011caa0000,0x000000011cba0000)]
  0x00007fc4da975000 JavaThread "C2 CompilerThread0" daemon [_thread_in_native, id=18179, stack(0x000000011c99d000,0x000000011ca9d000)]
  0x00007fc4db006800 JavaThread "Signal Dispatcher" daemon [_thread_blocked, id=17667, stack(0x000000011c6c6000,0x000000011c7c6000)]
  0x00007fc4db006000 JavaThread "Finalizer" daemon [_thread_blocked, id=12035, stack(0x000000011c477000,0x000000011c577000)]
  0x00007fc4da868000 JavaThread "Reference Handler" daemon [_thread_blocked, id=11523, stack(0x000000011c374000,0x000000011c474000)]
  0x00007fc4da808000 JavaThread "main" [_thread_blocked, id=4867, stack(0x0000000108a24000,0x0000000108b24000)]

Other Threads:
  0x00007fc4da863800 VMThread [stack: 0x000000011c271000,0x000000011c371000] [id=11011]
  0x00007fc4da01c800 WatcherThread [stack: 0x000000011cda9000,0x000000011cea9000] [id=20227]

VM state:not at safepoint (normal execution)

VM Mutex/Monitor currently owned by a thread: None

Heap:
 PSYoungGen      total 236544K, used 127914K [0x00000007b0000000, 0x00000007c0000000, 0x00000007c0000000)
  eden space 215040K, 50% used [0x00000007b0000000,0x00000007b6aa9370,0x00000007bd200000)
  from space 21504K, 86% used [0x00000007beb00000,0x00000007bfd416b8,0x00000007c0000000)
  to   space 23552K, 0% used [0x00000007bd200000,0x00000007bd200000,0x00000007be900000)
 ParOldGen       total 93184K, used 76322K [0x0000000790000000, 0x0000000795b00000, 0x00000007b0000000)
  object space 93184K, 81% used [0x0000000790000000,0x0000000794a88b00,0x0000000795b00000)
 Metaspace       used 58166K, capacity 59624K, committed 59716K, reserved 1101824K
  class space    used 6806K, capacity 7281K, committed 7296K, reserved 1048576K

Card table byte_map: [0x00000001187c0000,0x0000000118941000] byte_map_base: 0x0000000114b40000

Marking Bits: (ParMarkBitMap*) 0x00000001083c90a0
 Begin Bits: [0x0000000118e4d000, 0x0000000119a4d000)
 End Bits:   [0x0000000119a4d000, 0x000000011a64d000)

Polling page: 0x0000000108b68000

CodeCache: size=245760Kb used=15909Kb max_used=15918Kb free=229851Kb
 bounds [0x0000000109400000, 0x000000010a3a0000, 0x0000000118400000]
 total_blobs=5391 nmethods=4652 adapters=651
 compilation: enabled

Compilation events (10 events):
Event: 14.543 Thread 0x00007fc4db803800 5100       2       java.net.URLClassLoader$3::nextElement (5 bytes)
Event: 14.543 Thread 0x00007fc4db803800 nmethod 5100 0x000000010a384110 code [0x000000010a384280, 0x000000010a384498]
Event: 14.543 Thread 0x00007fc4db803800 5101       2       java.net.URLClassLoader$3::nextElement (27 bytes)
Event: 14.543 Thread 0x00007fc4db803800 nmethod 5101 0x000000010a384590 code [0x000000010a384700, 0x000000010a384918]
Event: 14.555 Thread 0x00007fc4db801000 nmethod 4855 0x000000010a38b890 code [0x000000010a38bdc0, 0x000000010a38fe30]
Event: 14.555 Thread 0x00007fc4db801000 4858       4       groovy.lang.MetaClassImpl::findPropertyMethod (356 bytes)
Event: 14.573 Thread 0x00007fc4db803800 5102       2       java.lang.reflect.Modifier::isInterface (14 bytes)
Event: 14.573 Thread 0x00007fc4db803800 nmethod 5102 0x000000010a3733d0 code [0x000000010a373520, 0x000000010a373670]
Event: 14.573 Thread 0x00007fc4db803800 5103       3       sun.misc.URLClassPath$1::next (59 bytes)
Event: 14.573 Thread 0x00007fc4db803800 nmethod 5103 0x000000010a38b150 code [0x000000010a38b2e0, 0x000000010a38b718]

GC Heap History (10 events):
Event: 11.226 GC heap before
{Heap before GC invocations=56 (full 5):
 PSYoungGen      total 247296K, used 13283K [0x00000007b0000000, 0x00000007c0000000, 0x00000007c0000000)
  eden space 233984K, 0% used [0x00000007b0000000,0x00000007b0000000,0x00000007be480000)
  from space 13312K, 99% used [0x00000007be480000,0x00000007bf178ed8,0x00000007bf180000)
  to   space 14848K, 0% used [0x00000007bf180000,0x00000007bf180000,0x00000007c0000000)
 ParOldGen       total 64000K, used 59419K [0x0000000790000000, 0x0000000793e80000, 0x00000007b0000000)
  object space 64000K, 92% used [0x0000000790000000,0x0000000793a06fb8,0x0000000793e80000)
 Metaspace       used 51967K, capacity 53194K, committed 53444K, reserved 1095680K
  class space    used 5929K, capacity 6304K, committed 6400K, reserved 1048576K
Event: 11.973 GC heap after
Heap after GC invocations=56 (full 5):
 PSYoungGen      total 247296K, used 8069K [0x00000007b0000000, 0x00000007c0000000, 0x00000007c0000000)
  eden space 233984K, 0% used [0x00000007b0000000,0x00000007b0000000,0x00000007be480000)
  from space 13312K, 60% used [0x00000007be480000,0x00000007bec61590,0x00000007bf180000)
  to   space 14848K, 0% used [0x00000007bf180000,0x00000007bf180000,0x00000007c0000000)
 ParOldGen       total 76288K, used 63594K [0x0000000790000000, 0x0000000794a80000, 0x00000007b0000000)
  object space 76288K, 83% used [0x0000000790000000,0x0000000793e1a8d8,0x0000000794a80000)
 Metaspace       used 51967K, capacity 53194K, committed 53444K, reserved 1095680K
  class space    used 5929K, capacity 6304K, committed 6400K, reserved 1048576K
}
Event: 12.896 GC heap before
{Heap before GC invocations=57 (full 5):
 PSYoungGen      total 247296K, used 242053K [0x00000007b0000000, 0x00000007c0000000, 0x00000007c0000000)
  eden space 233984K, 100% used [0x00000007b0000000,0x00000007be480000,0x00000007be480000)
  from space 13312K, 60% used [0x00000007be480000,0x00000007bec61590,0x00000007bf180000)
  to   space 14848K, 0% used [0x00000007bf180000,0x00000007bf180000,0x00000007c0000000)
 ParOldGen       total 76288K, used 63594K [0x0000000790000000, 0x0000000794a80000, 0x00000007b0000000)
  object space 76288K, 83% used [0x0000000790000000,0x0000000793e1a8d8,0x0000000794a80000)
 Metaspace       used 54530K, capacity 55804K, committed 56004K, reserved 1099776K
  class space    used 6228K, capacity 6595K, committed 6656K, reserved 1048576K
Event: 12.939 GC heap after
Heap after GC invocations=57 (full 5):
 PSYoungGen      total 235008K, used 14836K [0x00000007b0000000, 0x00000007c0000000, 0x00000007c0000000)
  eden space 220160K, 0% used [0x00000007b0000000,0x00000007b0000000,0x00000007bd700000)
  from space 14848K, 99% used [0x00000007bf180000,0x00000007bfffd300,0x00000007c0000000)
  to   space 20992K, 0% used [0x00000007bd700000,0x00000007bd700000,0x00000007beb80000)
 ParOldGen       total 76288K, used 70541K [0x0000000790000000, 0x0000000794a80000, 0x00000007b0000000)
  object space 76288K, 92% used [0x0000000790000000,0x00000007944e34d8,0x0000000794a80000)
 Metaspace       used 54530K, capacity 55804K, committed 56004K, reserved 1099776K
  class space    used 6228K, capacity 6595K, committed 6656K, reserved 1048576K
}
Event: 12.939 GC heap before
{Heap before GC invocations=58 (full 6):
 PSYoungGen      total 235008K, used 14836K [0x00000007b0000000, 0x00000007c0000000, 0x00000007c0000000)
  eden space 220160K, 0% used [0x00000007b0000000,0x00000007b0000000,0x00000007bd700000)
  from space 14848K, 99% used [0x00000007bf180000,0x00000007bfffd300,0x00000007c0000000)
  to   space 20992K, 0% used [0x00000007bd700000,0x00000007bd700000,0x00000007beb80000)
 ParOldGen       total 76288K, used 70541K [0x0000000790000000, 0x0000000794a80000, 0x00000007b0000000)
  object space 76288K, 92% used [0x0000000790000000,0x00000007944e34d8,0x0000000794a80000)
 Metaspace       used 54530K, capacity 55804K, committed 56004K, reserved 1099776K
  class space    used 6228K, capacity 6595K, committed 6656K, reserved 1048576K
Event: 13.386 GC heap after
Heap after GC invocations=58 (full 6):
 PSYoungGen      total 235008K, used 8097K [0x00000007b0000000, 0x00000007c0000000, 0x00000007c0000000)
  eden space 220160K, 0% used [0x00000007b0000000,0x00000007b0000000,0x00000007bd700000)
  from space 14848K, 54% used [0x00000007bf180000,0x00000007bf968668,0x00000007c0000000)
  to   space 20992K, 0% used [0x00000007bd700000,0x00000007bd700000,0x00000007beb80000)
 ParOldGen       total 93184K, used 76130K [0x0000000790000000, 0x0000000795b00000, 0x00000007b0000000)
  object space 93184K, 81% used [0x0000000790000000,0x0000000794a58b00,0x0000000795b00000)
 Metaspace       used 54530K, capacity 55804K, committed 56004K, reserved 1099776K
  class space    used 6228K, capacity 6595K, committed 6656K, reserved 1048576K
}
Event: 13.797 GC heap before
{Heap before GC invocations=59 (full 6):
 PSYoungGen      total 235008K, used 228257K [0x00000007b0000000, 0x00000007c0000000, 0x00000007c0000000)
  eden space 220160K, 100% used [0x00000007b0000000,0x00000007bd700000,0x00000007bd700000)
  from space 14848K, 54% used [0x00000007bf180000,0x00000007bf968668,0x00000007c0000000)
  to   space 20992K, 0% used [0x00000007bd700000,0x00000007bd700000,0x00000007beb80000)
 ParOldGen       total 93184K, used 76130K [0x0000000790000000, 0x0000000795b00000, 0x00000007b0000000)
  object space 93184K, 81% used [0x0000000790000000,0x0000000794a58b00,0x0000000795b00000)
 Metaspace       used 55702K, capacity 57028K, committed 57284K, reserved 1099776K
  class space    used 6414K, capacity 6836K, committed 6912K, reserved 1048576K
Event: 13.835 GC heap after
Heap after GC invocations=59 (full 6):
 PSYoungGen      total 233984K, used 13480K [0x00000007b0000000, 0x00000007c0000000, 0x00000007c0000000)
  eden space 220160K, 0% used [0x00000007b0000000,0x00000007b0000000,0x00000007bd700000)
  from space 13824K, 97% used [0x00000007bd700000,0x00000007be42a168,0x00000007be480000)
  to   space 21504K, 0% used [0x00000007beb00000,0x00000007beb00000,0x00000007c0000000)
 ParOldGen       total 93184K, used 76314K [0x0000000790000000, 0x0000000795b00000, 0x00000007b0000000)
  object space 93184K, 81% used [0x0000000790000000,0x0000000794a86b00,0x0000000795b00000)
 Metaspace       used 55702K, capacity 57028K, committed 57284K, reserved 1099776K
  class space    used 6414K, capacity 6836K, committed 6912K, reserved 1048576K
}
Event: 14.383 GC heap before
{Heap before GC invocations=60 (full 6):
 PSYoungGen      total 233984K, used 224279K [0x00000007b0000000, 0x00000007c0000000, 0x00000007c0000000)
  eden space 220160K, 95% used [0x00000007b0000000,0x00000007bcddbad0,0x00000007bd700000)
  from space 13824K, 97% used [0x00000007bd700000,0x00000007be42a168,0x00000007be480000)
  to   space 21504K, 0% used [0x00000007beb00000,0x00000007beb00000,0x00000007c0000000)
 ParOldGen       total 93184K, used 76314K [0x0000000790000000, 0x0000000795b00000, 0x00000007b0000000)
  object space 93184K, 81% used [0x0000000790000000,0x0000000794a86b00,0x0000000795b00000)
 Metaspace       used 57195K, capacity 58596K, committed 58820K, reserved 1101824K
  class space    used 6673K, capacity 7109K, committed 7168K, reserved 1048576K
Event: 14.401 GC heap after
Heap after GC invocations=60 (full 6):
 PSYoungGen      total 236544K, used 18693K [0x00000007b0000000, 0x00000007c0000000, 0x00000007c0000000)
  eden space 215040K, 0% used [0x00000007b0000000,0x00000007b0000000,0x00000007bd200000)
  from space 21504K, 86% used [0x00000007beb00000,0x00000007bfd416b8,0x00000007c0000000)
  to   space 23552K, 0% used [0x00000007bd200000,0x00000007bd200000,0x00000007be900000)
 ParOldGen       total 93184K, used 76322K [0x0000000790000000, 0x0000000795b00000, 0x00000007b0000000)
  object space 93184K, 81% used [0x0000000790000000,0x0000000794a88b00,0x0000000795b00000)
 Metaspace       used 57195K, capacity 58596K, committed 58820K, reserved 1101824K
  class space    used 6673K, capacity 7109K, committed 7168K, reserved 1048576K
}

Deoptimization events (10 events):
Event: 10.613 Thread 0x00007fc4dc197000 Uncommon trap: reason=bimorphic action=maybe_recompile pc=0x000000010a0e4298 method=groovy.lang.MetaClassImpl$1MOPIter.methodNameAction(Ljava/lang/Class;Lorg/codehaus/groovy/runtime/metaclass/MetaMethodIndex$Entry;)V @ 62
Event: 11.102 Thread 0x00007fc4dc197000 Uncommon trap: reason=array_check action=maybe_recompile pc=0x000000010a13f8cc method=java.util.AbstractCollection.toArray([Ljava/lang/Object;)[Ljava/lang/Object; @ 119
Event: 11.102 Thread 0x00007fc4dc197000 Uncommon trap: reason=array_check action=maybe_recompile pc=0x000000010a13f8cc method=java.util.AbstractCollection.toArray([Ljava/lang/Object;)[Ljava/lang/Object; @ 119
Event: 11.106 Thread 0x00007fc4dc197000 Uncommon trap: reason=array_check action=maybe_recompile pc=0x000000010a13f8cc method=java.util.AbstractCollection.toArray([Ljava/lang/Object;)[Ljava/lang/Object; @ 119
Event: 11.106 Thread 0x00007fc4dc197000 Uncommon trap: reason=array_check action=maybe_recompile pc=0x000000010a13f8cc method=java.util.AbstractCollection.toArray([Ljava/lang/Object;)[Ljava/lang/Object; @ 119
Event: 13.570 Thread 0x00007fc4dc197000 Uncommon trap: reason=unreached action=reinterpret pc=0x000000010a0d8828 method=org.codehaus.groovy.runtime.metaclass.MetaMethodIndex.isNonRealMethod(Lgroovy/lang/MetaMethod;)Z @ 32
Event: 14.497 Thread 0x00007fc4dc197000 Uncommon trap: reason=class_check action=maybe_recompile pc=0x000000010a37a990 method=org.codehaus.groovy.runtime.metaclass.MetaMethodIndex.addMethodToList(Ljava/lang/Object;Lgroovy/lang/MetaMethod;)Ljava/lang/Object; @ 68
Event: 14.528 Thread 0x00007fc4dc197000 Uncommon trap: reason=class_check action=maybe_recompile pc=0x000000010a37a990 method=org.codehaus.groovy.runtime.metaclass.MetaMethodIndex.addMethodToList(Ljava/lang/Object;Lgroovy/lang/MetaMethod;)Ljava/lang/Object; @ 68
Event: 14.551 Thread 0x00007fc4dc197000 Uncommon trap: reason=class_check action=maybe_recompile pc=0x000000010a37a990 method=org.codehaus.groovy.runtime.metaclass.MetaMethodIndex.addMethodToList(Ljava/lang/Object;Lgroovy/lang/MetaMethod;)Ljava/lang/Object; @ 68
Event: 14.576 Thread 0x00007fc4dc197000 Uncommon trap: reason=class_check action=maybe_recompile pc=0x000000010a37a990 method=org.codehaus.groovy.runtime.metaclass.MetaMethodIndex.addMethodToList(Ljava/lang/Object;Lgroovy/lang/MetaMethod;)Ljava/lang/Object; @ 68

Internal exceptions (10 events):
Event: 14.581 Thread 0x00007fc4dc197000 Exception <a 'java/security/PrivilegedActionException'> (0x00000007b67c5a30) thrown at [/HUDSON/workspace/8-2-build-macosx-x86_64/jdk8u5/2488/hotspot/src/share/vm/prims/jvm.cpp, line 1248]
Event: 14.581 Thread 0x00007fc4dc197000 Exception <a 'java/security/PrivilegedActionException'> (0x00000007b67c9b00) thrown at [/HUDSON/workspace/8-2-build-macosx-x86_64/jdk8u5/2488/hotspot/src/share/vm/prims/jvm.cpp, line 1248]
Event: 14.582 Thread 0x00007fc4dc197000 Exception <a 'java/security/PrivilegedActionException'> (0x00000007b67d93d8) thrown at [/HUDSON/workspace/8-2-build-macosx-x86_64/jdk8u5/2488/hotspot/src/share/vm/prims/jvm.cpp, line 1248]
Event: 14.582 Thread 0x00007fc4dc197000 Exception <a 'java/security/PrivilegedActionException'> (0x00000007b67ef928) thrown at [/HUDSON/workspace/8-2-build-macosx-x86_64/jdk8u5/2488/hotspot/src/share/vm/prims/jvm.cpp, line 1248]
Event: 14.582 Thread 0x00007fc4dc197000 Exception <a 'java/security/PrivilegedActionException'> (0x00000007b67f39f8) thrown at [/HUDSON/workspace/8-2-build-macosx-x86_64/jdk8u5/2488/hotspot/src/share/vm/prims/jvm.cpp, line 1248]
Event: 14.582 Thread 0x00007fc4dc197000 Exception <a 'java/security/PrivilegedActionException'> (0x00000007b68032d0) thrown at [/HUDSON/workspace/8-2-build-macosx-x86_64/jdk8u5/2488/hotspot/src/share/vm/prims/jvm.cpp, line 1248]
Event: 14.582 Thread 0x00007fc4dc197000 Exception <a 'java/security/PrivilegedActionException'> (0x00000007b6826ac8) thrown at [/HUDSON/workspace/8-2-build-macosx-x86_64/jdk8u5/2488/hotspot/src/share/vm/prims/jvm.cpp, line 1248]
Event: 14.582 Thread 0x00007fc4dc197000 Exception <a 'java/lang/ClassNotFoundException': liquibase/sqlgenerator/core/CreateTableGeneratorBeanInfo> (0x00000007b68279e8) thrown at [/HUDSON/workspace/8-2-build-macosx-x86_64/jdk8u5/2488/hotspot/src/share/vm/classfile/systemDictionary.cpp, line 202]
Event: 14.582 Thread 0x00007fc4dc197000 Exception <a 'java/security/PrivilegedActionException'> (0x00000007b682a330) thrown at [/HUDSON/workspace/8-2-build-macosx-x86_64/jdk8u5/2488/hotspot/src/share/vm/prims/jvm.cpp, line 1248]
Event: 14.582 Thread 0x00007fc4dc197000 Exception <a 'java/security/PrivilegedActionException'> (0x00000007b682e400) thrown at [/HUDSON/workspace/8-2-build-macosx-x86_64/jdk8u5/2488/hotspot/src/share/vm/prims/jvm.cpp, line 1248]

Events (10 events):
Event: 14.580 loading class liquibase/statement/core/CreateTableStatement
Event: 14.580 loading class liquibase/statement/core/CreateTableStatement done
Event: 14.581 loading class liquibase/sqlgenerator/core/CreateTableGeneratorBeanInfo
Event: 14.581 loading class liquibase/sqlgenerator/core/CreateTableGeneratorBeanInfo done
Event: 14.582 loading class liquibase/sqlgenerator/core/CreateTableGeneratorBeanInfo
Event: 14.582 loading class liquibase/sqlgenerator/core/CreateTableGeneratorBeanInfo done
Event: 14.582 loading class liquibase/sqlgenerator/core/CreateTableGeneratorBeanInfo
Event: 14.582 loading class liquibase/sqlgenerator/core/CreateTableGeneratorBeanInfo done
Event: 14.582 loading class liquibase/sqlgenerator/core/AbstractSqlGeneratorBeanInfo
Event: 14.582 loading class liquibase/sqlgenerator/core/AbstractSqlGeneratorBeanInfo done


Dynamic libraries:
0x000000000b4b7000 	/System/Library/Frameworks/Cocoa.framework/Versions/A/Cocoa
0x000000000b4b7000 	/System/Library/Frameworks/Security.framework/Versions/A/Security
0x000000000b4b7000 	/System/Library/Frameworks/ApplicationServices.framework/Versions/A/ApplicationServices
0x000000000b4b7000 	/usr/lib/libz.1.dylib
0x000000000b4b7000 	/usr/lib/libSystem.B.dylib
0x000000000b4b7000 	/usr/lib/libobjc.A.dylib
0x000000000b4b7000 	/System/Library/Frameworks/CoreFoundation.framework/Versions/A/CoreFoundation
0x000000000b4b7000 	/System/Library/Frameworks/Foundation.framework/Versions/C/Foundation
0x000000000b4b7000 	/System/Library/Frameworks/AppKit.framework/Versions/C/AppKit
0x000000000b4b7000 	/System/Library/Frameworks/CoreData.framework/Versions/A/CoreData
0x000000000b4b7000 	/System/Library/PrivateFrameworks/RemoteViewServices.framework/Versions/A/RemoteViewServices
0x000000000b4b7000 	/System/Library/Frameworks/AudioToolbox.framework/Versions/A/AudioToolbox
0x000000000b4b7000 	/System/Library/Frameworks/AudioUnit.framework/Versions/A/AudioUnit
0x000000000b4b7000 	/System/Library/PrivateFrameworks/DataDetectorsCore.framework/Versions/A/DataDetectorsCore
0x000000000b4b7000 	/System/Library/PrivateFrameworks/DesktopServicesPriv.framework/Versions/A/DesktopServicesPriv
0x000000000b4b7000 	/System/Library/Frameworks/Carbon.framework/Versions/A/Frameworks/HIToolbox.framework/Versions/A/HIToolbox
0x000000000b4b7000 	/System/Library/Frameworks/QuartzCore.framework/Versions/A/QuartzCore
0x000000000b4b7000 	/System/Library/Frameworks/Carbon.framework/Versions/A/Frameworks/SpeechRecognition.framework/Versions/A/SpeechRecognition
0x000000000b4b7000 	/usr/lib/libauto.dylib
0x000000000b4b7000 	/usr/lib/libicucore.A.dylib
0x000000000b4b7000 	/usr/lib/libxml2.2.dylib
0x000000000b4b7000 	/System/Library/PrivateFrameworks/CoreUI.framework/Versions/A/CoreUI
0x000000000b4b7000 	/System/Library/Frameworks/CoreAudio.framework/Versions/A/CoreAudio
0x000000000b4b7000 	/System/Library/Frameworks/DiskArbitration.framework/Versions/A/DiskArbitration
0x000000000b4b7000 	/usr/lib/liblangid.dylib
0x000000000b4b7000 	/System/Library/PrivateFrameworks/MultitouchSupport.framework/Versions/A/MultitouchSupport
0x000000000b4b7000 	/System/Library/Frameworks/IOKit.framework/Versions/A/IOKit
0x000000000b4b7000 	/usr/lib/libDiagnosticMessagesClient.dylib
0x000000000b4b7000 	/System/Library/Frameworks/CoreServices.framework/Versions/A/CoreServices
0x000000000b4b7000 	/System/Library/PrivateFrameworks/PerformanceAnalysis.framework/Versions/A/PerformanceAnalysis
0x000000000b4b7000 	/System/Library/PrivateFrameworks/GenerationalStorage.framework/Versions/A/GenerationalStorage
0x000000000b4b7000 	/System/Library/Frameworks/OpenGL.framework/Versions/A/OpenGL
0x000000000b4b7000 	/System/Library/PrivateFrameworks/Sharing.framework/Versions/A/Sharing
0x000000000b4b7000 	/System/Library/Frameworks/ImageIO.framework/Versions/A/ImageIO
0x000000000b4b7000 	/System/Library/Frameworks/CoreText.framework/Versions/A/CoreText
0x000000000b4b7000 	/System/Library/Frameworks/CoreGraphics.framework/Versions/A/CoreGraphics
0x000000000b4b7000 	/System/Library/PrivateFrameworks/Backup.framework/Versions/A/Backup
0x000000000b4b7000 	/System/Library/Frameworks/CFNetwork.framework/Versions/A/CFNetwork
0x000000000b4b7000 	/System/Library/Frameworks/SystemConfiguration.framework/Versions/A/SystemConfiguration
0x000000000b4b7000 	/usr/lib/libCRFSuite.dylib
0x000000000b4b7000 	/usr/lib/libc++.1.dylib
0x000000000b4b7000 	/usr/lib/libc++abi.dylib
0x000000000b4b7000 	/usr/lib/system/libcache.dylib
0x000000000b4b7000 	/usr/lib/system/libcommonCrypto.dylib
0x000000000b4b7000 	/usr/lib/system/libcompiler_rt.dylib
0x000000000b4b7000 	/usr/lib/system/libcopyfile.dylib
0x000000000b4b7000 	/usr/lib/system/libcorecrypto.dylib
0x000000000b4b7000 	/usr/lib/system/libdispatch.dylib
0x000000000b4b7000 	/usr/lib/system/libdyld.dylib
0x000000000b4b7000 	/usr/lib/system/libkeymgr.dylib
0x000000000b4b7000 	/usr/lib/system/liblaunch.dylib
0x000000000b4b7000 	/usr/lib/system/libmacho.dylib
0x000000000b4b7000 	/usr/lib/system/libquarantine.dylib
0x000000000b4b7000 	/usr/lib/system/libremovefile.dylib
0x000000000b4b7000 	/usr/lib/system/libsystem_asl.dylib
0x000000000b4b7000 	/usr/lib/system/libsystem_blocks.dylib
0x000000000b4b7000 	/usr/lib/system/libsystem_c.dylib
0x000000000b4b7000 	/usr/lib/system/libsystem_configuration.dylib
0x000000000b4b7000 	/usr/lib/system/libsystem_dnssd.dylib
0x000000000b4b7000 	/usr/lib/system/libsystem_info.dylib
0x000000000b4b7000 	/usr/lib/system/libsystem_kernel.dylib
0x000000000b4b7000 	/usr/lib/system/libsystem_m.dylib
0x000000000b4b7000 	/usr/lib/system/libsystem_malloc.dylib
0x000000000b4b7000 	/usr/lib/system/libsystem_network.dylib
0x000000000b4b7000 	/usr/lib/system/libsystem_notify.dylib
0x000000000b4b7000 	/usr/lib/system/libsystem_platform.dylib
0x000000000b4b7000 	/usr/lib/system/libsystem_pthread.dylib
0x000000000b4b7000 	/usr/lib/system/libsystem_sandbox.dylib
0x000000000b4b7000 	/usr/lib/system/libsystem_stats.dylib
0x000000000b4b7000 	/usr/lib/system/libunc.dylib
0x000000000b4b7000 	/usr/lib/system/libunwind.dylib
0x000000000b4b7000 	/usr/lib/system/libxpc.dylib
0x000000000b4b7000 	/usr/lib/libbsm.0.dylib
0x000000000b4b7000 	/usr/lib/libsqlite3.dylib
0x000000000b4b7000 	/usr/lib/libxar.1.dylib
0x000000000b4b7000 	/usr/lib/libpam.2.dylib
0x000000000b4b7000 	/usr/lib/libOpenScriptingUtil.dylib
0x000000000b4b7000 	/usr/lib/libbz2.1.0.dylib
0x000000000b4b7000 	/System/Library/Frameworks/CoreServices.framework/Versions/A/Frameworks/CarbonCore.framework/Versions/A/CarbonCore
0x000000000b4b7000 	/System/Library/Frameworks/CoreServices.framework/Versions/A/Frameworks/Metadata.framework/Versions/A/Metadata
0x000000000b4b7000 	/System/Library/Frameworks/CoreServices.framework/Versions/A/Frameworks/OSServices.framework/Versions/A/OSServices
0x000000000b4b7000 	/System/Library/Frameworks/CoreServices.framework/Versions/A/Frameworks/SearchKit.framework/Versions/A/SearchKit
0x000000000b4b7000 	/System/Library/Frameworks/CoreServices.framework/Versions/A/Frameworks/AE.framework/Versions/A/AE
0x000000000b4b7000 	/System/Library/Frameworks/CoreServices.framework/Versions/A/Frameworks/LaunchServices.framework/Versions/A/LaunchServices
0x000000000b4b7000 	/System/Library/Frameworks/CoreServices.framework/Versions/A/Frameworks/DictionaryServices.framework/Versions/A/DictionaryServices
0x000000000b4b7000 	/System/Library/Frameworks/NetFS.framework/Versions/A/NetFS
0x000000000b4b7000 	/usr/lib/system/libkxld.dylib
0x000000000b4b7000 	/System/Library/PrivateFrameworks/NetAuth.framework/Versions/A/NetAuth
0x000000000b4b7000 	/System/Library/PrivateFrameworks/TCC.framework/Versions/A/TCC
0x000000000b4b7000 	/System/Library/Frameworks/OpenDirectory.framework/Versions/A/Frameworks/CFOpenDirectory.framework/Versions/A/CFOpenDirectory
0x000000000b4b7000 	/System/Library/Frameworks/ServiceManagement.framework/Versions/A/ServiceManagement
0x000000000b4b7000 	/usr/lib/libxslt.1.dylib
0x000000000b4b7000 	/System/Library/Frameworks/Carbon.framework/Versions/A/Frameworks/Ink.framework/Versions/A/Ink
0x000000000b4b7000 	/System/Library/Frameworks/ApplicationServices.framework/Versions/A/Frameworks/ATS.framework/Versions/A/ATS
0x000000000b4b7000 	/System/Library/Frameworks/ApplicationServices.framework/Versions/A/Frameworks/ColorSync.framework/Versions/A/ColorSync
0x000000000b4b7000 	/System/Library/Frameworks/ApplicationServices.framework/Versions/A/Frameworks/HIServices.framework/Versions/A/HIServices
0x000000000b4b7000 	/System/Library/Frameworks/ApplicationServices.framework/Versions/A/Frameworks/LangAnalysis.framework/Versions/A/LangAnalysis
0x000000000b4b7000 	/System/Library/Frameworks/ApplicationServices.framework/Versions/A/Frameworks/PrintCore.framework/Versions/A/PrintCore
0x000000000b4b7000 	/System/Library/Frameworks/ApplicationServices.framework/Versions/A/Frameworks/QD.framework/Versions/A/QD
0x000000000b4b7000 	/System/Library/Frameworks/ApplicationServices.framework/Versions/A/Frameworks/SpeechSynthesis.framework/Versions/A/SpeechSynthesis
0x000000000b4b7000 	/System/Library/Frameworks/IOSurface.framework/Versions/A/IOSurface
0x000000000b4b7000 	/System/Library/Frameworks/Accelerate.framework/Versions/A/Accelerate
0x000000000b4b7000 	/System/Library/Frameworks/Accelerate.framework/Versions/A/Frameworks/vImage.framework/Versions/A/vImage
0x000000000b4b7000 	/System/Library/Frameworks/Accelerate.framework/Versions/A/Frameworks/vecLib.framework/Versions/A/vecLib
0x000000000b4b7000 	/System/Library/Frameworks/Accelerate.framework/Versions/A/Frameworks/vecLib.framework/Versions/A/libvDSP.dylib
0x000000000b4b7000 	/System/Library/Frameworks/Accelerate.framework/Versions/A/Frameworks/vecLib.framework/Versions/A/libvMisc.dylib
0x000000000b4b7000 	/System/Library/Frameworks/Accelerate.framework/Versions/A/Frameworks/vecLib.framework/Versions/A/libLAPACK.dylib
0x000000000b4b7000 	/System/Library/Frameworks/Accelerate.framework/Versions/A/Frameworks/vecLib.framework/Versions/A/libBLAS.dylib
0x000000000b4b7000 	/System/Library/Frameworks/ApplicationServices.framework/Versions/A/Frameworks/ATS.framework/Versions/A/Resources/libFontParser.dylib
0x000000000b4b7000 	/System/Library/Frameworks/ApplicationServices.framework/Versions/A/Frameworks/ATS.framework/Versions/A/Resources/libFontRegistry.dylib
0x000000000b4b7000 	/System/Library/Frameworks/ImageIO.framework/Versions/A/Resources/libJPEG.dylib
0x000000000b4b7000 	/System/Library/Frameworks/ImageIO.framework/Versions/A/Resources/libTIFF.dylib
0x000000000b4b7000 	/System/Library/Frameworks/ImageIO.framework/Versions/A/Resources/libPng.dylib
0x000000000b4b7000 	/System/Library/Frameworks/ImageIO.framework/Versions/A/Resources/libGIF.dylib
0x000000000b4b7000 	/System/Library/Frameworks/ImageIO.framework/Versions/A/Resources/libJP2.dylib
0x000000000b4b7000 	/System/Library/Frameworks/ImageIO.framework/Versions/A/Resources/libRadiance.dylib
0x000000000b4b7000 	/usr/lib/libcups.2.dylib
0x000000000b4b7000 	/System/Library/Frameworks/Kerberos.framework/Versions/A/Kerberos
0x000000000b4b7000 	/System/Library/Frameworks/GSS.framework/Versions/A/GSS
0x000000000b4b7000 	/usr/lib/libresolv.9.dylib
0x000000000b4b7000 	/usr/lib/libiconv.2.dylib
0x000000000b4b7000 	/System/Library/PrivateFrameworks/Heimdal.framework/Versions/A/Heimdal
0x000000000b4b7000 	/System/Library/PrivateFrameworks/TrustEvaluationAgent.framework/Versions/A/TrustEvaluationAgent
0x000000000b4b7000 	/usr/lib/libheimdal-asn1.dylib
0x000000000b4b7000 	/System/Library/Frameworks/OpenDirectory.framework/Versions/A/OpenDirectory
0x000000000b4b7000 	/System/Library/PrivateFrameworks/CommonAuth.framework/Versions/A/CommonAuth
0x000000000b4b7000 	/System/Library/Frameworks/SecurityFoundation.framework/Versions/A/SecurityFoundation
0x000000000b4b7000 	/System/Library/PrivateFrameworks/Bom.framework/Versions/A/Bom
0x000000000b4b7000 	/System/Library/Frameworks/CoreVideo.framework/Versions/A/CoreVideo
0x000000000b4b7000 	/System/Library/Frameworks/QuartzCore.framework/Versions/A/Frameworks/CoreImage.framework/Versions/A/CoreImage
0x000000000b4b7000 	/System/Library/Frameworks/QuartzCore.framework/Versions/A/Frameworks/ScalableUserInterface.framework/Versions/A/ScalableUserInterface
0x000000000b4b7000 	/System/Library/Frameworks/OpenGL.framework/Versions/A/Libraries/libGLU.dylib
0x000000000b4b7000 	/System/Library/Frameworks/OpenGL.framework/Versions/A/Libraries/libGFXShared.dylib
0x000000000b4b7000 	/System/Library/Frameworks/OpenGL.framework/Versions/A/Libraries/libGL.dylib
0x000000000b4b7000 	/System/Library/Frameworks/OpenGL.framework/Versions/A/Libraries/libGLImage.dylib
0x000000000b4b7000 	/System/Library/Frameworks/OpenGL.framework/Versions/A/Libraries/libCVMSPluginSupport.dylib
0x000000000b4b7000 	/System/Library/Frameworks/OpenGL.framework/Versions/A/Libraries/libCoreVMClient.dylib
0x000000000b4b7000 	/System/Library/PrivateFrameworks/FaceCore.framework/Versions/A/FaceCore
0x000000000b4b7000 	/System/Library/PrivateFrameworks/CrashReporterSupport.framework/Versions/A/CrashReporterSupport
0x000000000b4b7000 	/System/Library/Frameworks/OpenCL.framework/Versions/A/OpenCL
0x000000000b4b7000 	/System/Library/PrivateFrameworks/AppleFSCompression.framework/Versions/A/AppleFSCompression
0x000000000b4b7000 	/System/Library/PrivateFrameworks/Ubiquity.framework/Versions/A/Ubiquity
0x000000000b4b7000 	/System/Library/PrivateFrameworks/IconServices.framework/Versions/A/IconServices
0x000000000b4b7000 	/System/Library/PrivateFrameworks/ChunkingLibrary.framework/Versions/A/ChunkingLibrary
0x000000000b4b7000 	/System/Library/PrivateFrameworks/CoreSymbolication.framework/Versions/A/CoreSymbolication
0x000000000b4b7000 	/System/Library/PrivateFrameworks/Symbolication.framework/Versions/A/Symbolication
0x000000000b4b7000 	/System/Library/PrivateFrameworks/DebugSymbols.framework/Versions/A/DebugSymbols
0x0000000107b63000 	/Library/Java/JavaVirtualMachines/jdk1.8.0_05.jdk/Contents/Home/jre/lib/server/libjvm.dylib
0x000000000b4b7000 	/usr/lib/libstdc++.6.dylib
0x0000000108b26000 	/Library/Java/JavaVirtualMachines/jdk1.8.0_05.jdk/Contents/Home/jre/lib/libverify.dylib
0x0000000108b34000 	/Library/Java/JavaVirtualMachines/jdk1.8.0_05.jdk/Contents/Home/jre/lib/libjava.dylib
0x0000000108b69000 	/Library/Java/JavaVirtualMachines/jdk1.8.0_05.jdk/Contents/Home/jre/lib/libinstrument.dylib
0x0000000108bdd000 	/Library/Java/JavaVirtualMachines/jdk1.8.0_05.jdk/Contents/Home/jre/lib/libzip.dylib
0x000000011c579000 	/System/Library/Frameworks/JavaVM.framework/Frameworks/JavaRuntimeSupport.framework/JavaRuntimeSupport
0x000000011c591000 	/System/Library/Frameworks/JavaVM.framework/Versions/A/Frameworks/JavaNativeFoundation.framework/Versions/A/JavaNativeFoundation
0x000000011c5a6000 	/System/Library/Frameworks/JavaVM.framework/Versions/A/JavaVM
0x000000000b4b7000 	/System/Library/Frameworks/Carbon.framework/Versions/A/Carbon
0x000000011c5b3000 	/System/Library/PrivateFrameworks/JavaLaunching.framework/Versions/A/JavaLaunching
0x000000000b4b7000 	/System/Library/Frameworks/Carbon.framework/Versions/A/Frameworks/CommonPanels.framework/Versions/A/CommonPanels
0x000000000b4b7000 	/System/Library/Frameworks/Carbon.framework/Versions/A/Frameworks/Help.framework/Versions/A/Help
0x000000000b4b7000 	/System/Library/Frameworks/Carbon.framework/Versions/A/Frameworks/ImageCapture.framework/Versions/A/ImageCapture
0x000000000b4b7000 	/System/Library/Frameworks/Carbon.framework/Versions/A/Frameworks/OpenScripting.framework/Versions/A/OpenScripting
0x000000000b4b7000 	/System/Library/Frameworks/Carbon.framework/Versions/A/Frameworks/Print.framework/Versions/A/Print
0x000000000b4b7000 	/System/Library/Frameworks/Carbon.framework/Versions/A/Frameworks/SecurityHI.framework/Versions/A/SecurityHI
0x000000011cef4000 	/private/var/folders/tf/qh2f2zgx4pqdw2y0gnnmslhh0000gn/T/libjansi-64-785702295462911412.jnilib
0x000000011d88a000 	/Library/Java/JavaVirtualMachines/jdk1.8.0_05.jdk/Contents/Home/jre/lib/libnet.dylib
0x000000011d8a0000 	/Library/Java/JavaVirtualMachines/jdk1.8.0_05.jdk/Contents/Home/jre/lib/libmanagement.dylib
0x000000011d8ad000 	/Library/Java/JavaVirtualMachines/jdk1.8.0_05.jdk/Contents/Home/jre/lib/libnio.dylib

VM Arguments:
jvm_args: -Dfile.encoding=UTF-8 -Xmx768M -Xms64M -Dgrails.fork.active=true -Dgrails.build.execution.context=/private/var/folders/tf/qh2f2zgx4pqdw2y0gnnmslhh0000gn/T/MekDays4350132116561725486grails-execution-context -Dgrails.home=/Users/josephmari/.gvm/grails/2.4.0 -javaagent:/Users/josephmari/.gvm/grails/2.4.0/lib/org.springframework/springloaded/jars/springloaded-1.2.0.RELEASE.jar -Xverify:none -Dspringloaded.synchronize=true -Djdk.reflect.allowGetCallerClass=true -Dspringloaded=profile=grails;cacheDir=/Users/josephmari/.grails/2.4.0 
java_command: org.grails.plugins.tomcat.fork.ForkedTomcatServer
java_class_path (initial): /Library/Java/JavaVirtualMachines/jdk1.8.0_05.jdk/Contents/Home/lib/tools.jar:/Users/josephmari/.m2/repository/org/codehaus/groovy/groovy-all/2.3.1/groovy-all-2.3.1.jar:/Users/josephmari/.m2/repository/org/slf4j/jcl-over-slf4j/1.7.5/jcl-over-slf4j-1.7.5.jar:/Users/josephmari/.gvm/grails/current/lib/org.codehaus.gant/gant_groovy1.8/jars/gant_groovy1.8-1.9.6.jar:/Users/josephmari/.m2/repository/org/apache/tomcat/embed/tomcat-embed-logging-log4j/7.0.50/tomcat-embed-logging-log4j-7.0.50.jar:/Users/josephmari/.m2/repository/org/grails/grails-plugin-log4j/2.4.0/grails-plugin-log4j-2.4.0.jar:/Users/josephmari/.m2/repository/log4j/log4j/1.2.17/log4j-1.2.17.jar:/Users/josephmari/.m2/repository/org/grails/grails-bootstrap/2.4.0/grails-bootstrap-2.4.0.jar:/Users/josephmari/.m2/repository/org/slf4j/slf4j-api/1.7.5/slf4j-api-1.7.5.jar:/Users/josephmari/.m2/repository/org/apache/ant/ant/1.8.4/ant-1.8.4.jar:/Users/josephmari/.m2/repository/jline/jline/2.11/jline-2.11.jar:/Users/josephmari/.m2/repository/org/apache/ant/ant-launcher/1.8.4/ant-launcher-1.8.4.jar:/Users/josephmari/.m2/repository/org/apache/ant/ant-trax/1.7.1/ant-trax-1.7.1.jar:/Users/josephmari/.m2/repository/org/apache/ant/ant-junit/1.8.4/ant-junit-1.8.4.jar:/Users/josephmari/.m2/repository/org/apache/ivy/ivy/2.3.0/ivy-2.3.0.jar:/Users/josephmari/.m2/repository/org/fusesource/jansi/jansi/1.11/jansi-1.11.jar:/Users/josephmari/.m2/repository/org/apache/tomcat/embed/tomcat-embed-el/7.0.53/tomcat-embed-el-7.0.53.jar:/Users/josephmari/.m2/repository/org/apache/tomcat/embed/tomcat-embed-logging-log4j/7.0.53/tomcat-embed-logging-log4j-7.0.53.jar:/Users/josephmari/.m2/repository/org/apache/tomcat/embed/tomcat-embed-websocket/7.0.53/tomcat-embed-websocket-7.0.53.jar:/Users/josephmari/.m2/repository/org/apache/tomcat/embed/tomcat-embed-core/7.0.53/tomcat-embed-core-7.0.53.jar:/Users/josephmari/.m2/repository/org/apache/tomcat/tomcat-catalina-ant/7.0.53/tomcat-catalina-ant-7.0.53.jar:/Users/josephma
Launcher Type: SUN_STANDARD

Environment Variables:
JAVA_HOME=/Library/Java/JavaVirtualMachines/jdk1.8.0_05.jdk/Contents/Home
PATH=/Users/josephmari/.gvm/vertx/current/bin:/Users/josephmari/.gvm/springboot/current/bin:/Users/josephmari/.gvm/lazybones/current/bin:/Users/josephmari/.gvm/groovyserv/current/bin:/Users/josephmari/.gvm/groovy/current/bin:/Users/josephmari/.gvm/griffon/current/bin:/Users/josephmari/.gvm/grails/current/bin:/Users/josephmari/.gvm/gradle/current/bin:/Users/josephmari/.gvm/glide/current/bin:/Users/josephmari/.gvm/gaiden/current/bin:/usr/bin:/bin:/usr/sbin:/sbin:/usr/local/bin:/Users/josephmari/neo4j/neo4j-community-2.1.1/bin/
SHELL=/bin/bash

Signal Handlers:
SIGSEGV: [libjvm.dylib+0x55f7df], sa_mask[0]=0xfffefeff, sa_flags=0x00000043
SIGBUS: [libjvm.dylib+0x55f7df], sa_mask[0]=0xfffefeff, sa_flags=0x00000042
SIGFPE: [libjvm.dylib+0x442cfa], sa_mask[0]=0xfffefeff, sa_flags=0x00000042
SIGPIPE: [libjvm.dylib+0x442cfa], sa_mask[0]=0xfffefeff, sa_flags=0x00000042
SIGXFSZ: [libjvm.dylib+0x442cfa], sa_mask[0]=0xfffefeff, sa_flags=0x00000042
SIGILL: [libjvm.dylib+0x442cfa], sa_mask[0]=0xfffefeff, sa_flags=0x00000042
SIGUSR1: SIG_DFL, sa_mask[0]=0x63807efb, sa_flags=0x00000000
SIGUSR2: [libjvm.dylib+0x442818], sa_mask[0]=0x00000004, sa_flags=0x00000042
SIGHUP: [libjvm.dylib+0x440ba5], sa_mask[0]=0xfffefeff, sa_flags=0x00000042
SIGINT: [libjvm.dylib+0x440ba5], sa_mask[0]=0xfffefeff, sa_flags=0x00000042
SIGTERM: [libjvm.dylib+0x440ba5], sa_mask[0]=0xfffefeff, sa_flags=0x00000042
SIGQUIT: [libjvm.dylib+0x440ba5], sa_mask[0]=0xfffefeff, sa_flags=0x00000042


---------------  S Y S T E M  ---------------

OS:Bsduname:Darwin 13.2.0 Darwin Kernel Version 13.2.0: Thu Apr 17 23:03:13 PDT 2014; root:xnu-2422.100.13~1/RELEASE_X86_64 x86_64
rlimit: STACK 8192k, CORE 0k, NPROC 709, NOFILE 10240, AS infinity
load average:2.90 2.27 1.91

CPU:total 4 (2 cores per cpu, 2 threads per core) family 6 model 69 stepping 1, cmov, cx8, fxsr, mmx, sse, sse2, sse3, ssse3, sse4.1, sse4.2, popcnt, avx, avx2, aes, clmul, erms, ht, tsc, tscinvbit

Memory: 4k page, physical 4194304k(235920k free)

/proc/meminfo:


vm_info: Java HotSpot(TM) 64-Bit Server VM (25.5-b02) for bsd-amd64 JRE (1.8.0_05-b13), built on Mar 18 2014 00:36:13 by "java_re" with gcc 4.2.1 (Based on Apple Inc. build 5658) (LLVM build 2336.11.00)

time: Tue Jun 10 09:59:30 2014
elapsed time: 14 seconds

