#
# A fatal error has been detected by the Java Runtime Environment:
#
#  SIGSEGV (0xb) at pc=0x0000000104d062f0, pid=2603, tid=19203
#
# JRE version: Java(TM) SE Runtime Environment (8.0_05-b13) (build 1.8.0_05-b13)
# Java VM: Java HotSpot(TM) 64-Bit Server VM (25.5-b02 mixed mode bsd-amd64 compressed oops)
# Problematic frame:
# V  [libjvm.dylib+0xd02f0]  OopFlow::build_oop_map(Node*, int, PhaseRegAlloc*, int*)+0xd2
#
# Failed to write core dump. Core dumps have been disabled. To enable core dumping, try "ulimit -c unlimited" before starting Java again
#
# If you would like to submit a bug report, please visit:
#   http://bugreport.sun.com/bugreport/crash.jsp
#

---------------  T H R E A D  ---------------

Current thread (0x00007fb983075800):  JavaThread "C2 CompilerThread1" daemon [_thread_in_native, id=19203, stack(0x0000000119bf6000,0x0000000119cf6000)]

siginfo:si_signo=SIGSEGV: si_errno=0, si_code=1 (SEGV_MAPERR), si_addr=0x0000000000000000

Registers:
RAX=0x00007fb985484838, RBX=0x00007fb9869c3ed8, RCX=0x0000000000000000, RDX=0x0000000000000008
RSP=0x0000000119cf2870, RBP=0x0000000119cf28e0, RSI=0x000000000000001c, RDI=0x0000000000000000
R8 =0x00007fb982b328a0, R9 =0x00007fb9845faff0, R10=0x0000000000000083, R11=0x00000000000008d0
R12=0x0000000000000000, R13=0x0000000000000013, R14=0x00007fb9869c3ed8, R15=0x00000000000000c0
RIP=0x0000000104d062f0, EFLAGS=0x0000000000010206, ERR=0x0000000000000004
  TRAPNO=0x000000000000000e

Top of Stack: (sp=0x0000000119cf2870)
0x0000000119cf2870:   0000000119cf28e0 00000000000000da
0x0000000119cf2880:   00007fb982b328a0 00007fb983ef7590
0x0000000119cf2890:   00007fb985484f10 0000001c00000008
0x0000000119cf28a0:   0000000119cf3550 00007fb985484f40
0x0000000119cf28b0:   00000000000000b8 00007fb985484f10
0x0000000119cf28c0:   0000000000000012 0000000000000013
0x0000000119cf28d0:   00007fb9869c3ed8 00007fb98548ffff
0x0000000119cf28e0:   0000000119cf2940 0000000104d0600d
0x0000000119cf28f0:   0000000119cf2940 000000da19cf4fd0
0x0000000119cf2900:   00007fb982b2e3f0 0000000a85484830
0x0000000119cf2910:   0000000119cf3550 00007fb9845fb770
0x0000000119cf2920:   00007fb985484f10 0000000000000004
0x0000000119cf2930:   00007fb9854819f0 00007fb985484640
0x0000000119cf2940:   0000000119cf2a40 0000000104d06f3b
0x0000000119cf2950:   0000000000ea3ac0 0000000000000007
0x0000000119cf2960:   0000000000000007 00007fb982b30580
0x0000000119cf2970:   00000000000000da 000000000000001c
0x0000000119cf2980:   00007fb982b30580 00007fb98250bd50
0x0000000119cf2990:   0000000119cf4fd0 0000000000000007
0x0000000119cf29a0:   00007fb982b30580 0000000000000007
0x0000000119cf29b0:   ffffffffffffffff 0000000119cf3680
0x0000000119cf29c0:   00007fb9845fbff0 00007fb982b2e3f0
0x0000000119cf29d0:   00000000000006d0 00000000000001b4
0x0000000119cf29e0:   0000000000000000 0000000100000080
0x0000000119cf29f0:   00007fb98250bd50 00007fb982b30a40
0x0000000119cf2a00:   00007fb900000004 0000000000000014
0x0000000119cf2a10:   0000000000000000 0000000119cf4fd0
0x0000000119cf2a20:   0000000119cf3680 00000000000009ab
0x0000000119cf2a30:   00007fb982b2b210 0000000119cf5798
0x0000000119cf2a40:   0000000119cf2a90 00000001050817d8
0x0000000119cf2a50:   00007fb9869c34b8 00007fb9845f5be0
0x0000000119cf2a60:   0000000119cf5140 0000000119cf4fd0 

Instructions: (pc=0x0000000104d062f0)
0x0000000104d062d0:   00 00 44 89 ff 8b 75 bc 8b 55 b8 e8 fa 0c 00 00
0x0000000104d062e0:   48 89 45 d0 48 8b 45 b0 48 8b 40 08 4e 8b 24 f8
0x0000000104d062f0:   49 8b 04 24 4c 89 e7 ff 50 28 48 63 48 10 48 89
0x0000000104d06300:   ca 48 c1 e2 05 48 8d 35 74 8a 6f 00 80 7c 16 10 

Register to memory mapping:

RAX=0x00007fb985484838 is an unknown value
RBX=0x00007fb9869c3ed8 is an unknown value
RCX=0x0000000000000000 is an unknown value
RDX=0x0000000000000008 is an unknown value
RSP=0x0000000119cf2870 is pointing into the stack for thread: 0x00007fb983075800
RBP=0x0000000119cf28e0 is pointing into the stack for thread: 0x00007fb983075800
RSI=0x000000000000001c is an unknown value
RDI=0x0000000000000000 is an unknown value
R8 =0x00007fb982b328a0 is an unknown value
R9 =0x00007fb9845faff0 is an unknown value
R10=0x0000000000000083 is an unknown value
R11=0x00000000000008d0 is an unknown value
R12=0x0000000000000000 is an unknown value
R13=0x0000000000000013 is an unknown value
R14=0x00007fb9869c3ed8 is an unknown value
R15=0x00000000000000c0 is an unknown value


Stack: [0x0000000119bf6000,0x0000000119cf6000],  sp=0x0000000119cf2870,  free space=1010k
Native frames: (J=compiled Java code, j=interpreted, Vv=VM code, C=native code)
V  [libjvm.dylib+0xd02f0]  OopFlow::build_oop_map(Node*, int, PhaseRegAlloc*, int*)+0xd2
V  [libjvm.dylib+0xd000d]  OopFlow::compute_reach(PhaseRegAlloc*, int, Dict*)+0xa9
V  [libjvm.dylib+0xd0f3b]  Compile::BuildOopMaps()+0x92d
V  [libjvm.dylib+0x44b7d8]  Compile::Output()+0x40c
V  [libjvm.dylib+0x19d040]  Compile::Code_Gen()+0x21a
V  [libjvm.dylib+0x1a0a7b]  Compile::Compile(ciEnv*, C2Compiler*, ciMethod*, int, bool, bool, bool)+0x905
V  [libjvm.dylib+0x143eb2]  C2Compiler::compile_method(ciEnv*, ciMethod*, int)+0xac
V  [libjvm.dylib+0x1a431c]  CompileBroker::invoke_compiler_on_method(CompileTask*)+0x5b2
V  [libjvm.dylib+0x1a642b]  CompileBroker::compiler_thread_loop()+0x2d5
V  [libjvm.dylib+0x51ccf5]  JavaThread::thread_main_inner()+0x9b
V  [libjvm.dylib+0x51e432]  JavaThread::run()+0x1c2
V  [libjvm.dylib+0x445426]  java_start(Thread*)+0xf6
C  [libsystem_pthread.dylib+0x1899]  _pthread_body+0x8a
C  [libsystem_pthread.dylib+0x172a]  _pthread_struct_init+0x0
C  [libsystem_pthread.dylib+0x5fc9]  thread_start+0xd


Current CompileTask:
C2:  15715 4834       4       groovy.lang.MetaClassImpl::findPropertyMethod (356 bytes)


---------------  P R O C E S S  ---------------

Java Threads: ( => current thread )
  0x00007fb9828b3800 JavaThread "net.sf.ehcache.CacheManager@3b39d953" daemon [_thread_blocked, id=25347, stack(0x000000011b3a3000,0x000000011b4a3000)]
  0x00007fb984917000 JavaThread "PoolCleaner[1336101884:1402408426945]" daemon [_thread_blocked, id=24835, stack(0x000000011a8ef000,0x000000011a9ef000)]
  0x00007fb982ff6800 JavaThread "FileSystemWatcher: files=#93 cl=groovy.lang.GroovyClassLoader@4fa34bfc" daemon [_thread_blocked, id=24323, stack(0x000000011bf16000,0x000000011c016000)]
  0x00007fb98536e800 JavaThread "Thread-3" daemon [_thread_in_native, id=23811, stack(0x000000011b248000,0x000000011b348000)]
  0x00007fb985380800 JavaThread "localhost-startStop-1" daemon [_thread_in_vm, id=23299, stack(0x000000011c174000,0x000000011c274000)]
  0x00007fb9849eb800 JavaThread "Tomcat-startStop-1" daemon [_thread_blocked, id=22787, stack(0x000000011c071000,0x000000011c171000)]
  0x00007fb984a0b800 JavaThread "Thread-2" [_thread_in_native, id=22275, stack(0x000000011b8f0000,0x000000011b9f0000)]
  0x00007fb98425c800 JavaThread "NonBlockingInputStreamThread" daemon [_thread_blocked, id=21763, stack(0x000000011a5b3000,0x000000011a6b3000)]
  0x00007fb983195800 JavaThread "process reaper" daemon [_thread_blocked, id=21251, stack(0x000000011a585000,0x000000011a5ad000)]
  0x00007fb98382e800 JavaThread "Service Thread" daemon [_thread_blocked, id=20227, stack(0x0000000119dfc000,0x0000000119efc000)]
  0x00007fb98307e800 JavaThread "C1 CompilerThread2" daemon [_thread_blocked, id=19715, stack(0x0000000119cf9000,0x0000000119df9000)]
=>0x00007fb983075800 JavaThread "C2 CompilerThread1" daemon [_thread_in_native, id=19203, stack(0x0000000119bf6000,0x0000000119cf6000)]
  0x00007fb98407d000 JavaThread "C2 CompilerThread0" daemon [_thread_in_native, id=18691, stack(0x0000000119af3000,0x0000000119bf3000)]
  0x00007fb984000000 JavaThread "Signal Dispatcher" daemon [_thread_blocked, id=18179, stack(0x0000000119813000,0x0000000119913000)]
  0x00007fb982873800 JavaThread "Finalizer" daemon [_thread_blocked, id=12547, stack(0x0000000119557000,0x0000000119657000)]
  0x00007fb982873000 JavaThread "Reference Handler" daemon [_thread_blocked, id=12035, stack(0x0000000119454000,0x0000000119554000)]
  0x00007fb982812800 JavaThread "main" [_thread_blocked, id=4867, stack(0x0000000105af7000,0x0000000105bf7000)]

Other Threads:
  0x00007fb98286e000 VMThread [stack: 0x0000000119351000,0x0000000119451000] [id=11523]
  0x00007fb983808000 WatcherThread [stack: 0x0000000119eff000,0x0000000119fff000] [id=20739]

VM state:not at safepoint (normal execution)

VM Mutex/Monitor currently owned by a thread: None

Heap:
 PSYoungGen      total 236544K, used 110974K [0x00000007b0000000, 0x00000007c0000000, 0x00000007c0000000)
  eden space 218112K, 42% used [0x00000007b0000000,0x00000007b5aa5030,0x00000007bd500000)
  from space 18432K, 98% used [0x00000007bd500000,0x00000007be6ba850,0x00000007be700000)
  to   space 24064K, 0% used [0x00000007be880000,0x00000007be880000,0x00000007c0000000)
 ParOldGen       total 89600K, used 73347K [0x0000000790000000, 0x0000000795780000, 0x00000007b0000000)
  object space 89600K, 81% used [0x0000000790000000,0x00000007947a0fa0,0x0000000795780000)
 Metaspace       used 56133K, capacity 57598K, committed 57728K, reserved 1099776K
  class space    used 6491K, capacity 6947K, committed 7040K, reserved 1048576K

Card table byte_map: [0x00000001159c0000,0x0000000115b41000] byte_map_base: 0x0000000111d40000

Marking Bits: (ParMarkBitMap*) 0x000000010549c0a0
 Begin Bits: [0x0000000115f4d000, 0x0000000116b4d000)
 End Bits:   [0x0000000116b4d000, 0x000000011774d000)

Polling page: 0x0000000105c3b000

CodeCache: size=245760Kb used=14992Kb max_used=16049Kb free=230767Kb
 bounds [0x0000000106600000, 0x00000001075d0000, 0x0000000115600000]
 total_blobs=5105 nmethods=4367 adapters=651
 compilation: enabled

Compilation events (10 events):
Event: 15.690 Thread 0x00007fb98307e800 4933       1       org.codehaus.groovy.runtime.metaclass.ClosureStaticMetaMethod::getName (5 bytes)
Event: 15.690 Thread 0x00007fb98307e800 nmethod 4933 0x0000000106d27210 code [0x0000000106d27360, 0x0000000106d27470]
Event: 15.692 Thread 0x00007fb98307e800 4934   !   2       sun.reflect.GeneratedMethodAccessor96::invoke (63 bytes)
Event: 15.692 Thread 0x00007fb98307e800 nmethod 4934 0x0000000106d35ad0 code [0x0000000106d35c80, 0x0000000106d360d8]
Event: 15.692 Thread 0x00007fb98307e800 4935       2       org.grails.datastore.gorm.AbstractGormApi::getEXCLUDES (4 bytes)
Event: 15.692 Thread 0x00007fb98307e800 nmethod 4935 0x0000000106de0d90 code [0x0000000106de0ee0, 0x0000000106de1010]
Event: 15.692 Thread 0x00007fb98307e800 4936   !   2       java_util_List$contains::call (37 bytes)
Event: 15.693 Thread 0x00007fb98307e800 nmethod 4936 0x0000000106893650 code [0x0000000106893800, 0x0000000106893c08]
Event: 15.693 Thread 0x00007fb98307e800 4937   !   2       sun.reflect.GeneratedMethodAccessor95::invoke (45 bytes)
Event: 15.693 Thread 0x00007fb98307e800 nmethod 4937 0x0000000106f60050 code [0x0000000106f601e0, 0x0000000106f604a8]

GC Heap History (10 events):
Event: 11.868 GC heap before
{Heap before GC invocations=51 (full 5):
 PSYoungGen      total 239616K, used 239478K [0x00000007b0000000, 0x00000007bff00000, 0x00000007c0000000)
  eden space 235520K, 100% used [0x00000007b0000000,0x00000007be600000,0x00000007be600000)
  from space 4096K, 96% used [0x00000007be600000,0x00000007be9dd940,0x00000007bea00000)
  to   space 12800K, 0% used [0x00000007bf280000,0x00000007bf280000,0x00000007bff00000)
 ParOldGen       total 70656K, used 58547K [0x0000000790000000, 0x0000000794500000, 0x00000007b0000000)
  object space 70656K, 82% used [0x0000000790000000,0x000000079392cf18,0x0000000794500000)
 Metaspace       used 50907K, capacity 52032K, committed 52352K, reserved 1095680K
  class space    used 5805K, capacity 6185K, committed 6272K, reserved 1048576K
Event: 11.877 GC heap after
Heap after GC invocations=51 (full 5):
 PSYoungGen      total 248320K, used 7036K [0x00000007b0000000, 0x00000007c0000000, 0x00000007c0000000)
  eden space 235520K, 0% used [0x00000007b0000000,0x00000007b0000000,0x00000007be600000)
  from space 12800K, 54% used [0x00000007bf280000,0x00000007bf95f038,0x00000007bff00000)
  to   space 12800K, 0% used [0x00000007be600000,0x00000007be600000,0x00000007bf280000)
 ParOldGen       total 70656K, used 58555K [0x0000000790000000, 0x0000000794500000, 0x00000007b0000000)
  object space 70656K, 82% used [0x0000000790000000,0x000000079392ef18,0x0000000794500000)
 Metaspace       used 50907K, capacity 52032K, committed 52352K, reserved 1095680K
  class space    used 5805K, capacity 6185K, committed 6272K, reserved 1048576K
}
Event: 12.960 GC heap before
{Heap before GC invocations=52 (full 5):
 PSYoungGen      total 248320K, used 242556K [0x00000007b0000000, 0x00000007c0000000, 0x00000007c0000000)
  eden space 235520K, 100% used [0x00000007b0000000,0x00000007be600000,0x00000007be600000)
  from space 12800K, 54% used [0x00000007bf280000,0x00000007bf95f038,0x00000007bff00000)
  to   space 12800K, 0% used [0x00000007be600000,0x00000007be600000,0x00000007bf280000)
 ParOldGen       total 70656K, used 58555K [0x0000000790000000, 0x0000000794500000, 0x00000007b0000000)
  object space 70656K, 82% used [0x0000000790000000,0x000000079392ef18,0x0000000794500000)
 Metaspace       used 51913K, capacity 53188K, committed 53504K, reserved 1095680K
  class space    used 5933K, capacity 6302K, committed 6400K, reserved 1048576K
Event: 12.974 GC heap after
Heap after GC invocations=52 (full 5):
 PSYoungGen      total 248320K, used 12799K [0x00000007b0000000, 0x00000007c0000000, 0x00000007c0000000)
  eden space 235520K, 0% used [0x00000007b0000000,0x00000007b0000000,0x00000007be600000)
  from space 12800K, 99% used [0x00000007be600000,0x00000007bf27feb8,0x00000007bf280000)
  to   space 13824K, 0% used [0x00000007bf280000,0x00000007bf280000,0x00000007c0000000)
 ParOldGen       total 70656K, used 60193K [0x0000000790000000, 0x0000000794500000, 0x00000007b0000000)
  object space 70656K, 85% used [0x0000000790000000,0x0000000793ac8420,0x0000000794500000)
 Metaspace       used 51913K, capacity 53188K, committed 53504K, reserved 1095680K
  class space    used 5933K, capacity 6302K, committed 6400K, reserved 1048576K
}
Event: 14.093 GC heap before
{Heap before GC invocations=53 (full 5):
 PSYoungGen      total 248320K, used 247298K [0x00000007b0000000, 0x00000007c0000000, 0x00000007c0000000)
  eden space 235520K, 99% used [0x00000007b0000000,0x00000007be500c88,0x00000007be600000)
  from space 12800K, 99% used [0x00000007be600000,0x00000007bf27feb8,0x00000007bf280000)
  to   space 13824K, 0% used [0x00000007bf280000,0x00000007bf280000,0x00000007c0000000)
 ParOldGen       total 70656K, used 60193K [0x0000000790000000, 0x0000000794500000, 0x00000007b0000000)
  object space 70656K, 85% used [0x0000000790000000,0x0000000793ac8420,0x0000000794500000)
 Metaspace       used 54312K, capacity 55612K, committed 55808K, reserved 1097728K
  class space    used 6207K, capacity 6595K, committed 6656K, reserved 1048576K
Event: 14.126 GC heap after
Heap after GC invocations=53 (full 5):
 PSYoungGen      total 231936K, used 13807K [0x00000007b0000000, 0x00000007c0000000, 0x00000007c0000000)
  eden space 218112K, 0% used [0x00000007b0000000,0x00000007b0000000,0x00000007bd500000)
  from space 13824K, 99% used [0x00000007bf280000,0x00000007bfffbe88,0x00000007c0000000)
  to   space 22016K, 0% used [0x00000007bd500000,0x00000007bd500000,0x00000007bea80000)
 ParOldGen       total 72704K, used 72559K [0x0000000790000000, 0x0000000794700000, 0x00000007b0000000)
  object space 72704K, 99% used [0x0000000790000000,0x00000007946dbe18,0x0000000794700000)
 Metaspace       used 54312K, capacity 55612K, committed 55808K, reserved 1097728K
  class space    used 6207K, capacity 6595K, committed 6656K, reserved 1048576K
}
Event: 14.126 GC heap before
{Heap before GC invocations=54 (full 6):
 PSYoungGen      total 231936K, used 13807K [0x00000007b0000000, 0x00000007c0000000, 0x00000007c0000000)
  eden space 218112K, 0% used [0x00000007b0000000,0x00000007b0000000,0x00000007bd500000)
  from space 13824K, 99% used [0x00000007bf280000,0x00000007bfffbe88,0x00000007c0000000)
  to   space 22016K, 0% used [0x00000007bd500000,0x00000007bd500000,0x00000007bea80000)
 ParOldGen       total 72704K, used 72559K [0x0000000790000000, 0x0000000794700000, 0x00000007b0000000)
  object space 72704K, 99% used [0x0000000790000000,0x00000007946dbe18,0x0000000794700000)
 Metaspace       used 54312K, capacity 55612K, committed 55808K, reserved 1097728K
  class space    used 6207K, capacity 6595K, committed 6656K, reserved 1048576K
Event: 14.800 GC heap after
Heap after GC invocations=54 (full 6):
 PSYoungGen      total 231936K, used 12156K [0x00000007b0000000, 0x00000007c0000000, 0x00000007c0000000)
  eden space 218112K, 0% used [0x00000007b0000000,0x00000007b0000000,0x00000007bd500000)
  from space 13824K, 87% used [0x00000007bf280000,0x00000007bfe5f0d0,0x00000007c0000000)
  to   space 22016K, 0% used [0x00000007bd500000,0x00000007bd500000,0x00000007bea80000)
 ParOldGen       total 89600K, used 72459K [0x0000000790000000, 0x0000000795780000, 0x00000007b0000000)
  object space 89600K, 80% used [0x0000000790000000,0x00000007946c2e90,0x0000000795780000)
 Metaspace       used 54312K, capacity 55612K, committed 55808K, reserved 1097728K
  class space    used 6207K, capacity 6595K, committed 6656K, reserved 1048576K
}
Event: 15.434 GC heap before
{Heap before GC invocations=55 (full 6):
 PSYoungGen      total 231936K, used 228393K [0x00000007b0000000, 0x00000007c0000000, 0x00000007c0000000)
  eden space 218112K, 99% used [0x00000007b0000000,0x00000007bd32b6b8,0x00000007bd500000)
  from space 13824K, 87% used [0x00000007bf280000,0x00000007bfe5f0d0,0x00000007c0000000)
  to   space 22016K, 0% used [0x00000007bd500000,0x00000007bd500000,0x00000007bea80000)
 ParOldGen       total 89600K, used 72459K [0x0000000790000000, 0x0000000795780000, 0x00000007b0000000)
  object space 89600K, 80% used [0x0000000790000000,0x00000007946c2e90,0x0000000795780000)
 Metaspace       used 55460K, capacity 56754K, committed 57088K, reserved 1099776K
  class space    used 6397K, capacity 6804K, committed 6912K, reserved 1048576K
Event: 15.472 GC heap after
Heap after GC invocations=55 (full 6):
 PSYoungGen      total 236544K, used 18154K [0x00000007b0000000, 0x00000007c0000000, 0x00000007c0000000)
  eden space 218112K, 0% used [0x00000007b0000000,0x00000007b0000000,0x00000007bd500000)
  from space 18432K, 98% used [0x00000007bd500000,0x00000007be6ba850,0x00000007be700000)
  to   space 24064K, 0% used [0x00000007be880000,0x00000007be880000,0x00000007c0000000)
 ParOldGen       total 89600K, used 73347K [0x0000000790000000, 0x0000000795780000, 0x00000007b0000000)
  object space 89600K, 81% used [0x0000000790000000,0x00000007947a0fa0,0x0000000795780000)
 Metaspace       used 55460K, capacity 56754K, committed 57088K, reserved 1099776K
  class space    used 6397K, capacity 6804K, committed 6912K, reserved 1048576K
}

Deoptimization events (10 events):
Event: 11.958 Thread 0x00007fb985380800 Uncommon trap: reason=unloaded action=reinterpret pc=0x00000001073cf8fc method=com.sun.beans.TypeResolver.resolve(Ljava/lang/reflect/Type;Ljava/lang/reflect/Type;)Ljava/lang/reflect/Type; @ 175
Event: 12.117 Thread 0x00007fb985380800 Uncommon trap: reason=unloaded action=reinterpret pc=0x00000001073f1da0 method=com.sun.beans.TypeResolver.resolve(Ljava/lang/reflect/Type;Ljava/lang/reflect/Type;)Ljava/lang/reflect/Type; @ 175
Event: 12.910 Thread 0x00007fb985380800 Uncommon trap: reason=bimorphic action=maybe_recompile pc=0x000000010746a054 method=groovy.lang.MetaClassImpl$1MOPIter.methodNameAction(Ljava/lang/Class;Lorg/codehaus/groovy/runtime/metaclass/MetaMethodIndex$Entry;)V @ 62
Event: 12.910 Thread 0x00007fb985380800 Uncommon trap: reason=bimorphic action=maybe_recompile pc=0x000000010746a054 method=groovy.lang.MetaClassImpl$1MOPIter.methodNameAction(Ljava/lang/Class;Lorg/codehaus/groovy/runtime/metaclass/MetaMethodIndex$Entry;)V @ 62
Event: 12.910 Thread 0x00007fb985380800 Uncommon trap: reason=bimorphic action=maybe_recompile pc=0x000000010746a054 method=groovy.lang.MetaClassImpl$1MOPIter.methodNameAction(Ljava/lang/Class;Lorg/codehaus/groovy/runtime/metaclass/MetaMethodIndex$Entry;)V @ 62
Event: 12.910 Thread 0x00007fb985380800 Uncommon trap: reason=bimorphic action=maybe_recompile pc=0x000000010746a054 method=groovy.lang.MetaClassImpl$1MOPIter.methodNameAction(Ljava/lang/Class;Lorg/codehaus/groovy/runtime/metaclass/MetaMethodIndex$Entry;)V @ 62
Event: 15.066 Thread 0x00007fb985380800 Uncommon trap: reason=class_check action=maybe_recompile pc=0x000000010677ef40 method=groovy.lang.MetaClassImpl.isGenericGetMethod(Lgroovy/lang/MetaMethod;)Z @ 14
Event: 15.066 Thread 0x00007fb985380800 Uncommon trap: reason=class_check action=maybe_recompile pc=0x000000010677ef40 method=groovy.lang.MetaClassImpl.isGenericGetMethod(Lgroovy/lang/MetaMethod;)Z @ 14
Event: 15.386 Thread 0x00007fb985380800 Uncommon trap: reason=class_check action=maybe_recompile pc=0x000000010677ef40 method=groovy.lang.MetaClassImpl.isGenericGetMethod(Lgroovy/lang/MetaMethod;)Z @ 14
Event: 15.541 Thread 0x00007fb985380800 Uncommon trap: reason=class_check action=maybe_recompile pc=0x000000010677ef40 method=groovy.lang.MetaClassImpl.isGenericGetMethod(Lgroovy/lang/MetaMethod;)Z @ 14

Internal exceptions (10 events):
Event: 15.683 Thread 0x00007fb985380800 Exception <a 'java/lang/ClassNotFoundException': [Lorg/codehaus/groovy/reflection/CachedClass;BeanInfo> (0x00000007b5726df8) thrown at [/HUDSON/workspace/8-2-build-macosx-x86_64/jdk8u5/2488/hotspot/src/share/vm/prims/jni.cpp, line 742]
Event: 15.683 Thread 0x00007fb985380800 Exception <a 'java/lang/ClassNotFoundException': [Lorg/codehaus/groovy/reflection/CachedClass;BeanInfo> (0x00000007b5727368) thrown at [/HUDSON/workspace/8-2-build-macosx-x86_64/jdk8u5/2488/hotspot/src/share/vm/prims/jni.cpp, line 742]
Event: 15.683 Thread 0x00007fb985380800 Exception <a 'java/lang/ClassNotFoundException': [Lorg/codehaus/groovy/reflection/CachedClass;Customizer> (0x00000007b5727bc0) thrown at [/HUDSON/workspace/8-2-build-macosx-x86_64/jdk8u5/2488/hotspot/src/share/vm/prims/jni.cpp, line 742]
Event: 15.684 Thread 0x00007fb985380800 Exception <a 'java/lang/ClassNotFoundException': [Lorg/codehaus/groovy/reflection/CachedClass;Customizer> (0x00000007b5728130) thrown at [/HUDSON/workspace/8-2-build-macosx-x86_64/jdk8u5/2488/hotspot/src/share/vm/prims/jni.cpp, line 742]
Event: 15.684 Thread 0x00007fb985380800 Exception <a 'java/lang/ClassNotFoundException': [Lorg/codehaus/groovy/reflection/CachedClass;Customizer> (0x00000007b57286a0) thrown at [/HUDSON/workspace/8-2-build-macosx-x86_64/jdk8u5/2488/hotspot/src/share/vm/prims/jni.cpp, line 742]
Event: 15.695 Thread 0x00007fb985380800 Exception <a 'java/security/PrivilegedActionException'> (0x00000007b57bffa8) thrown at [/HUDSON/workspace/8-2-build-macosx-x86_64/jdk8u5/2488/hotspot/src/share/vm/prims/jvm.cpp, line 1248]
Event: 15.695 Thread 0x00007fb985380800 Exception <a 'java/security/PrivilegedActionException'> (0x00000007b57c4bf0) thrown at [/HUDSON/workspace/8-2-build-macosx-x86_64/jdk8u5/2488/hotspot/src/share/vm/prims/jvm.cpp, line 1248]
Event: 15.696 Thread 0x00007fb985380800 Exception <a 'java/security/PrivilegedActionException'> (0x00000007b57ce6f8) thrown at [/HUDSON/workspace/8-2-build-macosx-x86_64/jdk8u5/2488/hotspot/src/share/vm/prims/jvm.cpp, line 1248]
Event: 15.696 Thread 0x00007fb985380800 Exception <a 'java/security/PrivilegedActionException'> (0x00000007b57d49e0) thrown at [/HUDSON/workspace/8-2-build-macosx-x86_64/jdk8u5/2488/hotspot/src/share/vm/prims/jvm.cpp, line 1248]
Event: 15.697 Thread 0x00007fb985380800 Exception <a 'java/security/PrivilegedActionException'> (0x00000007b57efdf8) thrown at [/HUDSON/workspace/8-2-build-macosx-x86_64/jdk8u5/2488/hotspot/src/share/vm/prims/jvm.cpp, line 1248]

Events (10 events):
Event: 15.679 loading class org/grails/datastore/gorm/internal/StaticMethodInvokingClosureCustomizer
Event: 15.679 loading class org/grails/datastore/gorm/internal/StaticMethodInvokingClosureCustomizer done
Event: 15.680 loading class org/grails/datastore/gorm/internal/StaticMethodInvokingClosureCustomizer
Event: 15.680 loading class org/grails/datastore/gorm/internal/StaticMethodInvokingClosureCustomizer done
Event: 15.695 loading class org/codehaus/groovy/grails/plugins/ValidationGrailsPlugin$_closure1_closure12
Event: 15.695 loading class org/codehaus/groovy/grails/plugins/ValidationGrailsPlugin$_closure1_closure12 done
Event: 15.696 loading class groovy/runtime/metaclass/org/codehaus/groovy/grails/plugins/ValidationGrailsPlugin$_closure1_closure12MetaClass
Event: 15.696 loading class groovy/runtime/metaclass/org/codehaus/groovy/grails/plugins/ValidationGrailsPlugin$_closure1_closure12MetaClass done
Event: 15.697 loading class org/codehaus/groovy/grails/plugins/ValidationGrailsPlugin$_closure1_closure12BeanInfo
Event: 15.697 loading class org/codehaus/groovy/grails/plugins/ValidationGrailsPlugin$_closure1_closure12BeanInfo done


Dynamic libraries:
0x000000000b4b7000 	/System/Library/Frameworks/Cocoa.framework/Versions/A/Cocoa
0x000000000b4b7000 	/System/Library/Frameworks/Security.framework/Versions/A/Security
0x000000000b4b7000 	/System/Library/Frameworks/ApplicationServices.framework/Versions/A/ApplicationServices
0x000000000b4b7000 	/usr/lib/libz.1.dylib
0x000000000b4b7000 	/usr/lib/libSystem.B.dylib
0x000000000b4b7000 	/usr/lib/libobjc.A.dylib
0x000000000b4b7000 	/System/Library/Frameworks/CoreFoundation.framework/Versions/A/CoreFoundation
0x000000000b4b7000 	/System/Library/Frameworks/Foundation.framework/Versions/C/Foundation
0x000000000b4b7000 	/System/Library/Frameworks/AppKit.framework/Versions/C/AppKit
0x000000000b4b7000 	/System/Library/Frameworks/CoreData.framework/Versions/A/CoreData
0x000000000b4b7000 	/System/Library/PrivateFrameworks/RemoteViewServices.framework/Versions/A/RemoteViewServices
0x000000000b4b7000 	/System/Library/Frameworks/AudioToolbox.framework/Versions/A/AudioToolbox
0x000000000b4b7000 	/System/Library/Frameworks/AudioUnit.framework/Versions/A/AudioUnit
0x000000000b4b7000 	/System/Library/PrivateFrameworks/DataDetectorsCore.framework/Versions/A/DataDetectorsCore
0x000000000b4b7000 	/System/Library/PrivateFrameworks/DesktopServicesPriv.framework/Versions/A/DesktopServicesPriv
0x000000000b4b7000 	/System/Library/Frameworks/Carbon.framework/Versions/A/Frameworks/HIToolbox.framework/Versions/A/HIToolbox
0x000000000b4b7000 	/System/Library/Frameworks/QuartzCore.framework/Versions/A/QuartzCore
0x000000000b4b7000 	/System/Library/Frameworks/Carbon.framework/Versions/A/Frameworks/SpeechRecognition.framework/Versions/A/SpeechRecognition
0x000000000b4b7000 	/usr/lib/libauto.dylib
0x000000000b4b7000 	/usr/lib/libicucore.A.dylib
0x000000000b4b7000 	/usr/lib/libxml2.2.dylib
0x000000000b4b7000 	/System/Library/PrivateFrameworks/CoreUI.framework/Versions/A/CoreUI
0x000000000b4b7000 	/System/Library/Frameworks/CoreAudio.framework/Versions/A/CoreAudio
0x000000000b4b7000 	/System/Library/Frameworks/DiskArbitration.framework/Versions/A/DiskArbitration
0x000000000b4b7000 	/usr/lib/liblangid.dylib
0x000000000b4b7000 	/System/Library/PrivateFrameworks/MultitouchSupport.framework/Versions/A/MultitouchSupport
0x000000000b4b7000 	/System/Library/Frameworks/IOKit.framework/Versions/A/IOKit
0x000000000b4b7000 	/usr/lib/libDiagnosticMessagesClient.dylib
0x000000000b4b7000 	/System/Library/Frameworks/CoreServices.framework/Versions/A/CoreServices
0x000000000b4b7000 	/System/Library/PrivateFrameworks/PerformanceAnalysis.framework/Versions/A/PerformanceAnalysis
0x000000000b4b7000 	/System/Library/PrivateFrameworks/GenerationalStorage.framework/Versions/A/GenerationalStorage
0x000000000b4b7000 	/System/Library/Frameworks/OpenGL.framework/Versions/A/OpenGL
0x000000000b4b7000 	/System/Library/PrivateFrameworks/Sharing.framework/Versions/A/Sharing
0x000000000b4b7000 	/System/Library/Frameworks/ImageIO.framework/Versions/A/ImageIO
0x000000000b4b7000 	/System/Library/Frameworks/CoreText.framework/Versions/A/CoreText
0x000000000b4b7000 	/System/Library/Frameworks/CoreGraphics.framework/Versions/A/CoreGraphics
0x000000000b4b7000 	/System/Library/PrivateFrameworks/Backup.framework/Versions/A/Backup
0x000000000b4b7000 	/System/Library/Frameworks/CFNetwork.framework/Versions/A/CFNetwork
0x000000000b4b7000 	/System/Library/Frameworks/SystemConfiguration.framework/Versions/A/SystemConfiguration
0x000000000b4b7000 	/usr/lib/libCRFSuite.dylib
0x000000000b4b7000 	/usr/lib/libc++.1.dylib
0x000000000b4b7000 	/usr/lib/libc++abi.dylib
0x000000000b4b7000 	/usr/lib/system/libcache.dylib
0x000000000b4b7000 	/usr/lib/system/libcommonCrypto.dylib
0x000000000b4b7000 	/usr/lib/system/libcompiler_rt.dylib
0x000000000b4b7000 	/usr/lib/system/libcopyfile.dylib
0x000000000b4b7000 	/usr/lib/system/libcorecrypto.dylib
0x000000000b4b7000 	/usr/lib/system/libdispatch.dylib
0x000000000b4b7000 	/usr/lib/system/libdyld.dylib
0x000000000b4b7000 	/usr/lib/system/libkeymgr.dylib
0x000000000b4b7000 	/usr/lib/system/liblaunch.dylib
0x000000000b4b7000 	/usr/lib/system/libmacho.dylib
0x000000000b4b7000 	/usr/lib/system/libquarantine.dylib
0x000000000b4b7000 	/usr/lib/system/libremovefile.dylib
0x000000000b4b7000 	/usr/lib/system/libsystem_asl.dylib
0x000000000b4b7000 	/usr/lib/system/libsystem_blocks.dylib
0x000000000b4b7000 	/usr/lib/system/libsystem_c.dylib
0x000000000b4b7000 	/usr/lib/system/libsystem_configuration.dylib
0x000000000b4b7000 	/usr/lib/system/libsystem_dnssd.dylib
0x000000000b4b7000 	/usr/lib/system/libsystem_info.dylib
0x000000000b4b7000 	/usr/lib/system/libsystem_kernel.dylib
0x000000000b4b7000 	/usr/lib/system/libsystem_m.dylib
0x000000000b4b7000 	/usr/lib/system/libsystem_malloc.dylib
0x000000000b4b7000 	/usr/lib/system/libsystem_network.dylib
0x000000000b4b7000 	/usr/lib/system/libsystem_notify.dylib
0x000000000b4b7000 	/usr/lib/system/libsystem_platform.dylib
0x000000000b4b7000 	/usr/lib/system/libsystem_pthread.dylib
0x000000000b4b7000 	/usr/lib/system/libsystem_sandbox.dylib
0x000000000b4b7000 	/usr/lib/system/libsystem_stats.dylib
0x000000000b4b7000 	/usr/lib/system/libunc.dylib
0x000000000b4b7000 	/usr/lib/system/libunwind.dylib
0x000000000b4b7000 	/usr/lib/system/libxpc.dylib
0x000000000b4b7000 	/usr/lib/libbsm.0.dylib
0x000000000b4b7000 	/usr/lib/libsqlite3.dylib
0x000000000b4b7000 	/usr/lib/libxar.1.dylib
0x000000000b4b7000 	/usr/lib/libpam.2.dylib
0x000000000b4b7000 	/usr/lib/libOpenScriptingUtil.dylib
0x000000000b4b7000 	/usr/lib/libbz2.1.0.dylib
0x000000000b4b7000 	/System/Library/Frameworks/CoreServices.framework/Versions/A/Frameworks/CarbonCore.framework/Versions/A/CarbonCore
0x000000000b4b7000 	/System/Library/Frameworks/CoreServices.framework/Versions/A/Frameworks/Metadata.framework/Versions/A/Metadata
0x000000000b4b7000 	/System/Library/Frameworks/CoreServices.framework/Versions/A/Frameworks/OSServices.framework/Versions/A/OSServices
0x000000000b4b7000 	/System/Library/Frameworks/CoreServices.framework/Versions/A/Frameworks/SearchKit.framework/Versions/A/SearchKit
0x000000000b4b7000 	/System/Library/Frameworks/CoreServices.framework/Versions/A/Frameworks/AE.framework/Versions/A/AE
0x000000000b4b7000 	/System/Library/Frameworks/CoreServices.framework/Versions/A/Frameworks/LaunchServices.framework/Versions/A/LaunchServices
0x000000000b4b7000 	/System/Library/Frameworks/CoreServices.framework/Versions/A/Frameworks/DictionaryServices.framework/Versions/A/DictionaryServices
0x000000000b4b7000 	/System/Library/Frameworks/NetFS.framework/Versions/A/NetFS
0x000000000b4b7000 	/usr/lib/system/libkxld.dylib
0x000000000b4b7000 	/System/Library/PrivateFrameworks/NetAuth.framework/Versions/A/NetAuth
0x000000000b4b7000 	/System/Library/PrivateFrameworks/TCC.framework/Versions/A/TCC
0x000000000b4b7000 	/System/Library/Frameworks/OpenDirectory.framework/Versions/A/Frameworks/CFOpenDirectory.framework/Versions/A/CFOpenDirectory
0x000000000b4b7000 	/System/Library/Frameworks/ServiceManagement.framework/Versions/A/ServiceManagement
0x000000000b4b7000 	/usr/lib/libxslt.1.dylib
0x000000000b4b7000 	/System/Library/Frameworks/Carbon.framework/Versions/A/Frameworks/Ink.framework/Versions/A/Ink
0x000000000b4b7000 	/System/Library/Frameworks/ApplicationServices.framework/Versions/A/Frameworks/ATS.framework/Versions/A/ATS
0x000000000b4b7000 	/System/Library/Frameworks/ApplicationServices.framework/Versions/A/Frameworks/ColorSync.framework/Versions/A/ColorSync
0x000000000b4b7000 	/System/Library/Frameworks/ApplicationServices.framework/Versions/A/Frameworks/HIServices.framework/Versions/A/HIServices
0x000000000b4b7000 	/System/Library/Frameworks/ApplicationServices.framework/Versions/A/Frameworks/LangAnalysis.framework/Versions/A/LangAnalysis
0x000000000b4b7000 	/System/Library/Frameworks/ApplicationServices.framework/Versions/A/Frameworks/PrintCore.framework/Versions/A/PrintCore
0x000000000b4b7000 	/System/Library/Frameworks/ApplicationServices.framework/Versions/A/Frameworks/QD.framework/Versions/A/QD
0x000000000b4b7000 	/System/Library/Frameworks/ApplicationServices.framework/Versions/A/Frameworks/SpeechSynthesis.framework/Versions/A/SpeechSynthesis
0x000000000b4b7000 	/System/Library/Frameworks/IOSurface.framework/Versions/A/IOSurface
0x000000000b4b7000 	/System/Library/Frameworks/Accelerate.framework/Versions/A/Accelerate
0x000000000b4b7000 	/System/Library/Frameworks/Accelerate.framework/Versions/A/Frameworks/vImage.framework/Versions/A/vImage
0x000000000b4b7000 	/System/Library/Frameworks/Accelerate.framework/Versions/A/Frameworks/vecLib.framework/Versions/A/vecLib
0x000000000b4b7000 	/System/Library/Frameworks/Accelerate.framework/Versions/A/Frameworks/vecLib.framework/Versions/A/libvDSP.dylib
0x000000000b4b7000 	/System/Library/Frameworks/Accelerate.framework/Versions/A/Frameworks/vecLib.framework/Versions/A/libvMisc.dylib
0x000000000b4b7000 	/System/Library/Frameworks/Accelerate.framework/Versions/A/Frameworks/vecLib.framework/Versions/A/libLAPACK.dylib
0x000000000b4b7000 	/System/Library/Frameworks/Accelerate.framework/Versions/A/Frameworks/vecLib.framework/Versions/A/libBLAS.dylib
0x000000000b4b7000 	/System/Library/Frameworks/ApplicationServices.framework/Versions/A/Frameworks/ATS.framework/Versions/A/Resources/libFontParser.dylib
0x000000000b4b7000 	/System/Library/Frameworks/ApplicationServices.framework/Versions/A/Frameworks/ATS.framework/Versions/A/Resources/libFontRegistry.dylib
0x000000000b4b7000 	/System/Library/Frameworks/ImageIO.framework/Versions/A/Resources/libJPEG.dylib
0x000000000b4b7000 	/System/Library/Frameworks/ImageIO.framework/Versions/A/Resources/libTIFF.dylib
0x000000000b4b7000 	/System/Library/Frameworks/ImageIO.framework/Versions/A/Resources/libPng.dylib
0x000000000b4b7000 	/System/Library/Frameworks/ImageIO.framework/Versions/A/Resources/libGIF.dylib
0x000000000b4b7000 	/System/Library/Frameworks/ImageIO.framework/Versions/A/Resources/libJP2.dylib
0x000000000b4b7000 	/System/Library/Frameworks/ImageIO.framework/Versions/A/Resources/libRadiance.dylib
0x000000000b4b7000 	/usr/lib/libcups.2.dylib
0x000000000b4b7000 	/System/Library/Frameworks/Kerberos.framework/Versions/A/Kerberos
0x000000000b4b7000 	/System/Library/Frameworks/GSS.framework/Versions/A/GSS
0x000000000b4b7000 	/usr/lib/libresolv.9.dylib
0x000000000b4b7000 	/usr/lib/libiconv.2.dylib
0x000000000b4b7000 	/System/Library/PrivateFrameworks/Heimdal.framework/Versions/A/Heimdal
0x000000000b4b7000 	/System/Library/PrivateFrameworks/TrustEvaluationAgent.framework/Versions/A/TrustEvaluationAgent
0x000000000b4b7000 	/usr/lib/libheimdal-asn1.dylib
0x000000000b4b7000 	/System/Library/Frameworks/OpenDirectory.framework/Versions/A/OpenDirectory
0x000000000b4b7000 	/System/Library/PrivateFrameworks/CommonAuth.framework/Versions/A/CommonAuth
0x000000000b4b7000 	/System/Library/Frameworks/SecurityFoundation.framework/Versions/A/SecurityFoundation
0x000000000b4b7000 	/System/Library/PrivateFrameworks/Bom.framework/Versions/A/Bom
0x000000000b4b7000 	/System/Library/Frameworks/CoreVideo.framework/Versions/A/CoreVideo
0x000000000b4b7000 	/System/Library/Frameworks/QuartzCore.framework/Versions/A/Frameworks/CoreImage.framework/Versions/A/CoreImage
0x000000000b4b7000 	/System/Library/Frameworks/QuartzCore.framework/Versions/A/Frameworks/ScalableUserInterface.framework/Versions/A/ScalableUserInterface
0x000000000b4b7000 	/System/Library/Frameworks/OpenGL.framework/Versions/A/Libraries/libGLU.dylib
0x000000000b4b7000 	/System/Library/Frameworks/OpenGL.framework/Versions/A/Libraries/libGFXShared.dylib
0x000000000b4b7000 	/System/Library/Frameworks/OpenGL.framework/Versions/A/Libraries/libGL.dylib
0x000000000b4b7000 	/System/Library/Frameworks/OpenGL.framework/Versions/A/Libraries/libGLImage.dylib
0x000000000b4b7000 	/System/Library/Frameworks/OpenGL.framework/Versions/A/Libraries/libCVMSPluginSupport.dylib
0x000000000b4b7000 	/System/Library/Frameworks/OpenGL.framework/Versions/A/Libraries/libCoreVMClient.dylib
0x000000000b4b7000 	/System/Library/PrivateFrameworks/FaceCore.framework/Versions/A/FaceCore
0x000000000b4b7000 	/System/Library/PrivateFrameworks/CrashReporterSupport.framework/Versions/A/CrashReporterSupport
0x000000000b4b7000 	/System/Library/Frameworks/OpenCL.framework/Versions/A/OpenCL
0x000000000b4b7000 	/System/Library/PrivateFrameworks/AppleFSCompression.framework/Versions/A/AppleFSCompression
0x000000000b4b7000 	/System/Library/PrivateFrameworks/Ubiquity.framework/Versions/A/Ubiquity
0x000000000b4b7000 	/System/Library/PrivateFrameworks/IconServices.framework/Versions/A/IconServices
0x000000000b4b7000 	/System/Library/PrivateFrameworks/ChunkingLibrary.framework/Versions/A/ChunkingLibrary
0x000000000b4b7000 	/System/Library/PrivateFrameworks/CoreSymbolication.framework/Versions/A/CoreSymbolication
0x000000000b4b7000 	/System/Library/PrivateFrameworks/Symbolication.framework/Versions/A/Symbolication
0x000000000b4b7000 	/System/Library/PrivateFrameworks/DebugSymbols.framework/Versions/A/DebugSymbols
0x0000000104c36000 	/Library/Java/JavaVirtualMachines/jdk1.8.0_05.jdk/Contents/Home/jre/lib/server/libjvm.dylib
0x000000000b4b7000 	/usr/lib/libstdc++.6.dylib
0x0000000105bf9000 	/Library/Java/JavaVirtualMachines/jdk1.8.0_05.jdk/Contents/Home/jre/lib/libverify.dylib
0x0000000105c07000 	/Library/Java/JavaVirtualMachines/jdk1.8.0_05.jdk/Contents/Home/jre/lib/libjava.dylib
0x0000000105c3c000 	/Library/Java/JavaVirtualMachines/jdk1.8.0_05.jdk/Contents/Home/jre/lib/libinstrument.dylib
0x0000000105cb0000 	/Library/Java/JavaVirtualMachines/jdk1.8.0_05.jdk/Contents/Home/jre/lib/libzip.dylib
0x0000000105de8000 	/System/Library/Frameworks/JavaVM.framework/Frameworks/JavaRuntimeSupport.framework/JavaRuntimeSupport
0x0000000119659000 	/System/Library/Frameworks/JavaVM.framework/Versions/A/Frameworks/JavaNativeFoundation.framework/Versions/A/JavaNativeFoundation
0x000000011966e000 	/System/Library/Frameworks/JavaVM.framework/Versions/A/JavaVM
0x000000000b4b7000 	/System/Library/Frameworks/Carbon.framework/Versions/A/Carbon
0x000000011967b000 	/System/Library/PrivateFrameworks/JavaLaunching.framework/Versions/A/JavaLaunching
0x000000000b4b7000 	/System/Library/Frameworks/Carbon.framework/Versions/A/Frameworks/CommonPanels.framework/Versions/A/CommonPanels
0x000000000b4b7000 	/System/Library/Frameworks/Carbon.framework/Versions/A/Frameworks/Help.framework/Versions/A/Help
0x000000000b4b7000 	/System/Library/Frameworks/Carbon.framework/Versions/A/Frameworks/ImageCapture.framework/Versions/A/ImageCapture
0x000000000b4b7000 	/System/Library/Frameworks/Carbon.framework/Versions/A/Frameworks/OpenScripting.framework/Versions/A/OpenScripting
0x000000000b4b7000 	/System/Library/Frameworks/Carbon.framework/Versions/A/Frameworks/Print.framework/Versions/A/Print
0x000000000b4b7000 	/System/Library/Frameworks/Carbon.framework/Versions/A/Frameworks/SecurityHI.framework/Versions/A/SecurityHI
0x000000011a5af000 	/private/var/folders/tf/qh2f2zgx4pqdw2y0gnnmslhh0000gn/T/libjansi-64-1164143987168068042.jnilib
0x000000011a2b6000 	/Library/Java/JavaVirtualMachines/jdk1.8.0_05.jdk/Contents/Home/jre/lib/libnet.dylib
0x000000011a2cc000 	/Library/Java/JavaVirtualMachines/jdk1.8.0_05.jdk/Contents/Home/jre/lib/libmanagement.dylib
0x000000011a2d9000 	/Library/Java/JavaVirtualMachines/jdk1.8.0_05.jdk/Contents/Home/jre/lib/libnio.dylib

VM Arguments:
jvm_args: -Dfile.encoding=UTF-8 -Xmx768M -Xms64M -Dgrails.fork.active=true -Dgrails.build.execution.context=/private/var/folders/tf/qh2f2zgx4pqdw2y0gnnmslhh0000gn/T/MekDays3408924120762097837grails-execution-context -Dgrails.home=/Users/josephmari/.gvm/grails/2.4.0 -javaagent:/Users/josephmari/.gvm/grails/2.4.0/lib/org.springframework/springloaded/jars/springloaded-1.2.0.RELEASE.jar -Xverify:none -Dspringloaded.synchronize=true -Djdk.reflect.allowGetCallerClass=true -Dspringloaded=profile=grails;cacheDir=/Users/josephmari/.grails/2.4.0 
java_command: org.grails.plugins.tomcat.fork.ForkedTomcatServer
java_class_path (initial): /Library/Java/JavaVirtualMachines/jdk1.8.0_05.jdk/Contents/Home/lib/tools.jar:/Users/josephmari/.m2/repository/org/codehaus/groovy/groovy-all/2.3.1/groovy-all-2.3.1.jar:/Users/josephmari/.m2/repository/org/slf4j/jcl-over-slf4j/1.7.5/jcl-over-slf4j-1.7.5.jar:/Users/josephmari/.gvm/grails/current/lib/org.codehaus.gant/gant_groovy1.8/jars/gant_groovy1.8-1.9.6.jar:/Users/josephmari/.m2/repository/org/apache/tomcat/embed/tomcat-embed-logging-log4j/7.0.50/tomcat-embed-logging-log4j-7.0.50.jar:/Users/josephmari/.m2/repository/org/grails/grails-plugin-log4j/2.4.0/grails-plugin-log4j-2.4.0.jar:/Users/josephmari/.m2/repository/log4j/log4j/1.2.17/log4j-1.2.17.jar:/Users/josephmari/.m2/repository/org/grails/grails-bootstrap/2.4.0/grails-bootstrap-2.4.0.jar:/Users/josephmari/.m2/repository/org/slf4j/slf4j-api/1.7.5/slf4j-api-1.7.5.jar:/Users/josephmari/.m2/repository/org/apache/ant/ant/1.8.4/ant-1.8.4.jar:/Users/josephmari/.m2/repository/jline/jline/2.11/jline-2.11.jar:/Users/josephmari/.m2/repository/org/apache/ant/ant-launcher/1.8.4/ant-launcher-1.8.4.jar:/Users/josephmari/.m2/repository/org/apache/ant/ant-trax/1.7.1/ant-trax-1.7.1.jar:/Users/josephmari/.m2/repository/org/apache/ant/ant-junit/1.8.4/ant-junit-1.8.4.jar:/Users/josephmari/.m2/repository/org/apache/ivy/ivy/2.3.0/ivy-2.3.0.jar:/Users/josephmari/.m2/repository/org/fusesource/jansi/jansi/1.11/jansi-1.11.jar:/Users/josephmari/.m2/repository/org/apache/tomcat/embed/tomcat-embed-el/7.0.53/tomcat-embed-el-7.0.53.jar:/Users/josephmari/.m2/repository/org/apache/tomcat/embed/tomcat-embed-logging-log4j/7.0.53/tomcat-embed-logging-log4j-7.0.53.jar:/Users/josephmari/.m2/repository/org/apache/tomcat/embed/tomcat-embed-websocket/7.0.53/tomcat-embed-websocket-7.0.53.jar:/Users/josephmari/.m2/repository/org/apache/tomcat/embed/tomcat-embed-core/7.0.53/tomcat-embed-core-7.0.53.jar:/Users/josephmari/.m2/repository/org/apache/tomcat/tomcat-catalina-ant/7.0.53/tomcat-catalina-ant-7.0.53.jar:/Users/josephma
Launcher Type: SUN_STANDARD

Environment Variables:
JAVA_HOME=/Library/Java/JavaVirtualMachines/jdk1.8.0_05.jdk/Contents/Home
PATH=/Users/josephmari/.gvm/vertx/current/bin:/Users/josephmari/.gvm/springboot/current/bin:/Users/josephmari/.gvm/lazybones/current/bin:/Users/josephmari/.gvm/groovyserv/current/bin:/Users/josephmari/.gvm/groovy/current/bin:/Users/josephmari/.gvm/griffon/current/bin:/Users/josephmari/.gvm/grails/current/bin:/Users/josephmari/.gvm/gradle/current/bin:/Users/josephmari/.gvm/glide/current/bin:/Users/josephmari/.gvm/gaiden/current/bin:/usr/bin:/bin:/usr/sbin:/sbin:/usr/local/bin:/Users/josephmari/neo4j/neo4j-community-2.1.1/bin/
SHELL=/bin/bash

Signal Handlers:
SIGSEGV: [libjvm.dylib+0x55f7df], sa_mask[0]=0xfffefeff, sa_flags=0x00000043
SIGBUS: [libjvm.dylib+0x55f7df], sa_mask[0]=0xfffefeff, sa_flags=0x00000042
SIGFPE: [libjvm.dylib+0x442cfa], sa_mask[0]=0xfffefeff, sa_flags=0x00000042
SIGPIPE: [libjvm.dylib+0x442cfa], sa_mask[0]=0xfffefeff, sa_flags=0x00000042
SIGXFSZ: [libjvm.dylib+0x442cfa], sa_mask[0]=0xfffefeff, sa_flags=0x00000042
SIGILL: [libjvm.dylib+0x442cfa], sa_mask[0]=0xfffefeff, sa_flags=0x00000042
SIGUSR1: SIG_DFL, sa_mask[0]=0x63807efb, sa_flags=0x00000000
SIGUSR2: [libjvm.dylib+0x442818], sa_mask[0]=0x00000004, sa_flags=0x00000042
SIGHUP: [libjvm.dylib+0x440ba5], sa_mask[0]=0xfffefeff, sa_flags=0x00000042
SIGINT: [libjvm.dylib+0x440ba5], sa_mask[0]=0xfffefeff, sa_flags=0x00000042
SIGTERM: [libjvm.dylib+0x440ba5], sa_mask[0]=0xfffefeff, sa_flags=0x00000042
SIGQUIT: [libjvm.dylib+0x440ba5], sa_mask[0]=0xfffefeff, sa_flags=0x00000042


---------------  S Y S T E M  ---------------

OS:Bsduname:Darwin 13.2.0 Darwin Kernel Version 13.2.0: Thu Apr 17 23:03:13 PDT 2014; root:xnu-2422.100.13~1/RELEASE_X86_64 x86_64
rlimit: STACK 8192k, CORE 0k, NPROC 709, NOFILE 10240, AS infinity
load average:2.66 2.06 1.77

CPU:total 4 (2 cores per cpu, 2 threads per core) family 6 model 69 stepping 1, cmov, cx8, fxsr, mmx, sse, sse2, sse3, ssse3, sse4.1, sse4.2, popcnt, avx, avx2, aes, clmul, erms, ht, tsc, tscinvbit

Memory: 4k page, physical 4194304k(262520k free)

/proc/meminfo:


vm_info: Java HotSpot(TM) 64-Bit Server VM (25.5-b02) for bsd-amd64 JRE (1.8.0_05-b13), built on Mar 18 2014 00:36:13 by "java_re" with gcc 4.2.1 (Based on Apple Inc. build 5658) (LLVM build 2336.11.00)

time: Tue Jun 10 09:53:53 2014
elapsed time: 15 seconds

